2520
2570
trying to patch file: patchfile:hello/2520-thermal-intel_powerclamp-fix-truncated-kthread-name.patch
Checking patch drivers/thermal/intel_powerclamp.c...
git apply status: 0
trying to patch file: patchfile:hello/2521-scsi-iscsi-flush-running-unbind-operations-when-remo.patch
Checking patch drivers/scsi/scsi_transport_iscsi.c...
git apply status: 0
trying to patch file: patchfile:hello/2522-x86-mm-Don-t-leak-kernel-addresses.patch
Checking patch arch/x86/kernel/mpparse.c...
git apply status: 0
trying to patch file: patchfile:hello/2523-tools-power-turbostat-return-the-exit-status-of-a-co.patch
Checking patch tools/power/x86/turbostat/turbostat.c...
git apply status: 0
trying to patch file: patchfile:hello/2524-perf-list-Don-t-forget-to-drop-the-reference-to-the-.patch
Checking patch tools/perf/util/parse-events.c...
git apply status: 0
trying to patch file: patchfile:hello/2525-perf-config-Fix-an-error-in-the-config-template-docu.patch
Checking patch tools/perf/Documentation/perf-config.txt...
git apply status: 0
trying to patch file: patchfile:hello/2526-perf-config-Fix-a-memory-leak-in-collect_config.patch
Checking patch tools/perf/util/config.c...
git apply status: 0
trying to patch file: patchfile:hello/2527-perf-build-id-Fix-memory-leak-in-print_sdt_events.patch
Checking patch tools/perf/util/build-id.c...
Checking patch tools/perf/util/parse-events.c...
git apply status: 0
trying to patch file: patchfile:hello/2528-perf-top-Fix-error-handling-in-cmd_top.patch
Checking patch tools/perf/builtin-top.c...
git apply status: 0
trying to patch file: patchfile:hello/2529-perf-hist-Add-missing-map__put-in-error-case.patch
Checking patch tools/perf/util/hist.c...
git apply status: 0
trying to patch file: patchfile:hello/2530-perf-evsel-Free-evsel-counts-in-perf_evsel__exit.patch
Checking patch tools/perf/util/evsel.c...
git apply status: 0
trying to patch file: patchfile:hello/2531-perf-tests-Fix-a-memory-leak-of-cpu_map-object-in-th.patch
Checking patch tools/perf/tests/openat-syscall-all-cpus.c...
git apply status: 0
trying to patch file: patchfile:hello/2532-perf-tests-Fix-memory-leak-by-expr__find_other-in-te.patch
Checking patch tools/perf/tests/expr.c...
git apply status: 0
trying to patch file: patchfile:hello/2533-perf-tests-Fix-a-memory-leak-in-test__perf_evsel__tp.patch
Checking patch tools/perf/tests/evsel-tp-sched.c...
git apply status: 0
trying to patch file: patchfile:hello/2534-irqchip-mbigen-Don-t-clear-eventid-when-freeing-an-M.patch
Checking patch drivers/irqchip/irq-mbigen.c...
hello/2534-irqchip-mbigen-Don-t-clear-eventid-when-freeing-an-M.patch:43: trailing whitespace.
 
warning: 1 line adds whitespace errors.
git apply status: 0
trying to patch file: patchfile:hello/2535-x86-hpet-Prevent-potential-NULL-pointer-dereference.patch
Checking patch arch/x86/kernel/hpet.c...
git apply status: 0
trying to patch file: patchfile:hello/2536-x86-cpu-cyrix-Use-correct-macros-for-Cyrix-calls-on-.patch
Checking patch arch/x86/kernel/cpu/cyrix.c...
git apply status: 0
trying to patch file: patchfile:hello/2537-drm-nouveau-debugfs-Fix-check-of-pm_runtime_get_sync.patch
Checking patch drivers/gpu/drm/nouveau/nouveau_debugfs.c...
git apply status: 0
trying to patch file: patchfile:hello/2538-iommu-vt-d-Check-capability-before-disabling-protect.patch
Checking patch drivers/iommu/intel-iommu.c...
git apply status: 0
trying to patch file: patchfile:hello/2539-x86-hw_breakpoints-Make-default-case-in-hw_breakpoin.patch
Checking patch arch/x86/kernel/hw_breakpoint.c...
git apply status: 0
trying to patch file: patchfile:hello/2540-fix-incorrect-error-code-mapping-for-OBJECTID_NOT_FO.patch
Checking patch fs/cifs/smb2maperror.c...
git apply status: 0
trying to patch file: patchfile:hello/2541-ext4-prohibit-fstrim-in-norecovery-mode.patch
Checking patch fs/ext4/ioctl.c...
git apply status: 0
trying to patch file: patchfile:hello/2542-gpio-pxa-handle-corner-case-of-unprobed-device.patch
Checking patch drivers/gpio/gpio-pxa.c...
git apply status: 0
trying to patch file: patchfile:hello/2543-rsi-improve-kernel-thread-handling-to-fix-kernel-pan.patch
Checking patch drivers/net/wireless/rsi/rsi_common.h...
git apply status: 0
trying to patch file: patchfile:hello/2544-9p-do-not-trust-pdu-content-for-stat-item-size.patch
Checking patch fs/9p/vfs_dir.c...
Checking patch net/9p/protocol.c...
git apply status: 0
trying to patch file: patchfile:hello/2545-9p-locks-add-mount-option-for-lock-retry-interval.patch
Checking patch fs/9p/v9fs.c...
Checking patch fs/9p/v9fs.h...
Checking patch fs/9p/vfs_file.c...
git apply status: 0
trying to patch file: patchfile:hello/2546-f2fs-fix-to-do-sanity-check-with-current-segment-num.patch
Checking patch fs/f2fs/super.c...
git apply status: 0
trying to patch file: patchfile:hello/2547-netfilter-xt_cgroup-shrink-size-of-v2-path.patch
Checking patch include/uapi/linux/netfilter/xt_cgroup.h...
Checking patch net/netfilter/xt_cgroup.c...
git apply status: 0
trying to patch file: patchfile:hello/2548-serial-uartps-console_setup-can-t-be-placed-to-init-.patch
Checking patch drivers/tty/serial/xilinx_uartps.c...
git apply status: 0
trying to patch file: patchfile:hello/2549-powerpc-pseries-Remove-prrn_work-workqueue.patch
Checking patch arch/powerpc/kernel/rtasd.c...
git apply status: 0
trying to patch file: patchfile:hello/2550-media-au0828-cannot-kfree-dev-before-usb-disconnect.patch
Checking patch drivers/media/usb/au0828/au0828-core.c...
git apply status: 0
trying to patch file: patchfile:hello/2551-HID-i2c-hid-override-HID-descriptors-for-certain-dev.patch
Checking patch drivers/hid/i2c-hid/Makefile...
Checking patch drivers/hid/i2c-hid/i2c-hid.c => drivers/hid/i2c-hid/i2c-hid-core.c...
Checking patch drivers/hid/i2c-hid/i2c-hid-dmi-quirks.c...
Checking patch drivers/hid/i2c-hid/i2c-hid.h...
git apply status: 0
trying to patch file: patchfile:hello/2552-ARM-samsung-Limit-SAMSUNG_PM_CHECK-config-option-to-.patch
Checking patch arch/arm/plat-samsung/Kconfig...
git apply status: 0
trying to patch file: patchfile:hello/2553-usbip-fix-vhci_hcd-controller-counting.patch
Checking patch tools/usb/usbip/libsrc/vhci_driver.c...
git apply status: 0
trying to patch file: patchfile:hello/2554-ACPI-SBS-Fix-GPE-storm-on-recent-MacBookPro-s.patch
Checking patch drivers/acpi/sbs.c...
git apply status: 0
trying to patch file: patchfile:hello/2555-KVM-nVMX-restore-host-state-in-nested_vmx_vmexit-for.patch
Checking patch arch/x86/kvm/vmx.c...
git apply status: 0
trying to patch file: patchfile:hello/2556-compiler.h-update-definition-of-unreachable.patch
Checking patch include/linux/compiler.h...
git apply status: 0
trying to patch file: patchfile:hello/2557-cifs-fallback-to-older-infolevels-on-findfirst-query.patch
Checking patch fs/cifs/inode.c...
git apply status: 0
trying to patch file: patchfile:hello/2558-kernel-hung_task.c-disable-on-suspend.patch
Checking patch kernel/hung_task.c...
git apply status: 0
trying to patch file: patchfile:hello/2559-crypto-sha256-arm-fix-crash-bug-in-Thumb2-build.patch
Checking patch arch/arm/crypto/sha256-armv4.pl...
Checking patch arch/arm/crypto/sha256-core.S_shipped...
git apply status: 0
trying to patch file: patchfile:hello/2560-crypto-sha512-arm-fix-crash-bug-in-Thumb2-build.patch
Checking patch arch/arm/crypto/sha512-armv4.pl...
Checking patch arch/arm/crypto/sha512-core.S_shipped...
git apply status: 0
trying to patch file: patchfile:hello/2561-iommu-dmar-Fix-buffer-overflow-during-PCI-bus-notifi.patch
Checking patch drivers/iommu/dmar.c...
git apply status: 0
trying to patch file: patchfile:hello/2562-soc-tegra-pmc-Drop-locking-from-tegra_powergate_is_p.patch
Checking patch drivers/soc/tegra/pmc.c...
git apply status: 0
trying to patch file: patchfile:hello/2563-lkdtm-Print-real-addresses.patch
Checking patch drivers/misc/lkdtm_perms.c...
git apply status: 0
trying to patch file: patchfile:hello/2564-lkdtm-Add-tests-for-NULL-pointer-dereference.patch
Checking patch drivers/misc/lkdtm.h...
Checking patch drivers/misc/lkdtm_core.c...
Checking patch drivers/misc/lkdtm_perms.c...
git apply status: 0
trying to patch file: patchfile:hello/2565-drm-panel-panel-innolux-set-display-off-in-innolux_p.patch
Checking patch drivers/gpu/drm/panel/panel-innolux-p079zca.c...
git apply status: 0
trying to patch file: patchfile:hello/2566-crypto-axis-fix-for-recursive-locking-from-bottom-ha.patch
Checking patch drivers/crypto/axis/artpec6_crypto.c...
git apply status: 0
trying to patch file: patchfile:hello/2567-Revert-ACPI-EC-Remove-old-CLEAR_ON_RESUME-quirk.patch
Checking patch drivers/acpi/ec.c...
git apply status: 0
trying to patch file: patchfile:hello/2568-coresight-cpu-debug-Support-for-CA73-CPUs.patch
Checking patch drivers/hwtracing/coresight/coresight-cpu-debug.c...
git apply status: 0
trying to patch file: patchfile:hello/2569-drm-nouveau-volt-gf117-fix-speedo-readout-register.patch
Checking patch drivers/gpu/drm/nouveau/include/nvkm/subdev/volt.h...
Checking patch drivers/gpu/drm/nouveau/nvkm/engine/device/base.c...
Checking patch drivers/gpu/drm/nouveau/nvkm/subdev/volt/Kbuild...
Checking patch drivers/gpu/drm/nouveau/nvkm/subdev/volt/gf117.c...
git apply status: 0
trying to patch file: patchfile:hello/2570-ARM-8839-1-kprobe-make-patch_lock-a-raw_spinlock_t.patch
Checking patch arch/arm/kernel/patch.c...
git apply status: 0
patch end(2570) reached(2570). 				submit these and comeback and proceed: last patched hello/2570-ARM-8839-1-kprobe-make-patch_lock-a-raw_spinlock_t.patch
