4484
4534
trying to patch file: patchfile:hello/4484-usb-yurex-Fix-use-after-free-in-yurex_delete.patch
Checking patch drivers/usb/misc/yurex.c...
git apply status: 0
trying to patch file: patchfile:hello/4485-can-rcar_canfd-fix-possible-IRQ-storm-on-high-load.patch
Checking patch drivers/net/can/rcar/rcar_canfd.c...
git apply status: 0
trying to patch file: patchfile:hello/4486-can-peak_usb-fix-potential-double-kfree_skb.patch
Checking patch drivers/net/can/usb/peak_usb/pcan_usb_core.c...
git apply status: 0
trying to patch file: patchfile:hello/4487-netfilter-nfnetlink-avoid-deadlock-due-to-synchronou.patch
Checking patch net/netfilter/nfnetlink.c...
git apply status: 0
trying to patch file: patchfile:hello/4488-vfio-ccw-Set-pa_nr-to-0-if-memory-allocation-fails-f.patch
Checking patch drivers/s390/cio/vfio_ccw_cp.c...
git apply status: 0
trying to patch file: patchfile:hello/4489-netfilter-Fix-rpfilter-dropping-vrf-packets-by-mista.patch
Checking patch net/ipv4/netfilter/ipt_rpfilter.c...
Checking patch net/ipv6/netfilter/ip6t_rpfilter.c...
git apply status: 0
trying to patch file: patchfile:hello/4490-netfilter-nft_hash-fix-symhash-with-modulus-one.patch
Checking patch net/netfilter/nft_hash.c...
git apply status: 0
trying to patch file: patchfile:hello/4491-scripts-sphinx-pre-install-fix-script-for-RHEL-CentO.patch
Checking patch scripts/sphinx-pre-install...
git apply status: 0
trying to patch file: patchfile:hello/4492-iscsi_ibft-make-ISCSI_IBFT-dependson-ACPI-instead-of.patch
Checking patch drivers/firmware/Kconfig...
Checking patch drivers/firmware/iscsi_ibft.c...
git apply status: 0
trying to patch file: patchfile:hello/4493-mac80211-don-t-warn-about-CW-params-when-not-using-t.patch
Checking patch net/mac80211/driver-ops.c...
git apply status: 0
trying to patch file: patchfile:hello/4494-hwmon-nct6775-Fix-register-address-and-added-missed-.patch
Checking patch drivers/hwmon/nct6775.c...
git apply status: 0
trying to patch file: patchfile:hello/4495-drm-silence-variable-conn-set-but-not-used.patch
Checking patch drivers/gpu/drm/drm_framebuffer.c...
git apply status: 0
trying to patch file: patchfile:hello/4496-cpufreq-pasemi-fix-use-after-free-in-pas_cpufreq_cpu.patch
Checking patch drivers/cpufreq/pasemi-cpufreq.c...
git apply status: 0
trying to patch file: patchfile:hello/4497-s390-qdio-add-sanity-checks-to-the-fast-requeue-path.patch
Checking patch drivers/s390/cio/qdio_main.c...
git apply status: 0
trying to patch file: patchfile:hello/4498-ALSA-compress-Fix-regression-on-compressed-capture-s.patch
Checking patch include/sound/compress_driver.h...
Checking patch sound/core/compress_offload.c...
git apply status: 0
trying to patch file: patchfile:hello/4499-ALSA-compress-Prevent-bypasses-of-set_params.patch
Checking patch sound/core/compress_offload.c...
git apply status: 0
trying to patch file: patchfile:hello/4500-ALSA-compress-Don-t-allow-paritial-drain-operations-.patch
Checking patch sound/core/compress_offload.c...
git apply status: 0
trying to patch file: patchfile:hello/4501-ALSA-compress-Be-more-restrictive-about-when-a-drain.patch
Checking patch sound/core/compress_offload.c...
git apply status: 0
trying to patch file: patchfile:hello/4502-perf-tools-Fix-proper-buffer-size-for-feature-proces.patch
Checking patch tools/perf/util/header.c...
git apply status: 0
trying to patch file: patchfile:hello/4503-perf-probe-Avoid-calling-freeing-routine-multiple-ti.patch
Checking patch tools/perf/builtin-probe.c...
git apply status: 0
trying to patch file: patchfile:hello/4504-drbd-dynamically-allocate-shash-descriptor.patch
Checking patch drivers/block/drbd/drbd_receiver.c...
git apply status: 0
trying to patch file: patchfile:hello/4505-ACPI-IORT-Fix-off-by-one-check-in-iort_dev_find_its_.patch
Checking patch drivers/acpi/arm64/iort.c...
git apply status: 0
trying to patch file: patchfile:hello/4506-ARM-davinci-fix-sleep.S-build-error-on-ARMv4.patch
Checking patch arch/arm/mach-davinci/sleep.S...
git apply status: 0
trying to patch file: patchfile:hello/4507-scsi-megaraid_sas-fix-panic-on-loading-firmware-cras.patch
Checking patch drivers/scsi/megaraid/megaraid_sas_base.c...
git apply status: 0
trying to patch file: patchfile:hello/4508-scsi-ibmvfc-fix-WARN_ON-during-event-pool-release.patch
Checking patch drivers/scsi/ibmvscsi/ibmvfc.c...
git apply status: 0
trying to patch file: patchfile:hello/4509-scsi-scsi_dh_alua-always-use-a-2-second-delay-before.patch
Checking patch drivers/scsi/device_handler/scsi_dh_alua.c...
git apply status: 0
trying to patch file: patchfile:hello/4510-test_firmware-fix-a-memory-leak-bug.patch
Checking patch lib/test_firmware.c...
git apply status: 0
trying to patch file: patchfile:hello/4511-tty-ldsem-locking-rwsem-Add-missing-ACQUIRE-to-read_.patch
Checking patch drivers/tty/tty_ldsem.c...
git apply status: 0
trying to patch file: patchfile:hello/4512-perf-core-Fix-creating-kernel-counters-for-PMUs-that.patch
Checking patch kernel/events/core.c...
git apply status: 0
trying to patch file: patchfile:hello/4513-HID-sony-Fix-race-condition-between-rumble-and-devic.patch
Checking patch drivers/hid/hid-sony.c...
git apply status: 0
trying to patch file: patchfile:hello/4514-can-peak_usb-pcan_usb_pro-Fix-info-leaks-to-USB-devi.patch
Checking patch drivers/net/can/usb/peak_usb/pcan_usb_pro.c...
git apply status: 0
trying to patch file: patchfile:hello/4515-can-peak_usb-pcan_usb_fd-Fix-info-leaks-to-USB-devic.patch
Checking patch drivers/net/can/usb/peak_usb/pcan_usb_fd.c...
git apply status: 0
trying to patch file: patchfile:hello/4516-hwmon-nct7802-Fix-wrong-detection-of-in4-presence.patch
Checking patch drivers/hwmon/nct7802.c...
git apply status: 0
trying to patch file: patchfile:hello/4517-drm-i915-Fix-wrong-escape-clock-divisor-init-for-GLK.patch
Checking patch drivers/gpu/drm/i915/intel_dsi_pll.c...
git apply status: 0
trying to patch file: patchfile:hello/4518-ALSA-firewire-fix-a-memory-leak-bug.patch
Checking patch sound/firewire/packets-buffer.c...
git apply status: 0
trying to patch file: patchfile:hello/4519-ALSA-hda-Don-t-override-global-PCM-hw-info-flag.patch
Checking patch sound/pci/hda/hda_controller.c...
git apply status: 0
trying to patch file: patchfile:hello/4520-ALSA-hda-Workaround-for-crackled-sound-on-AMD-contro.patch
Checking patch sound/pci/hda/hda_controller.c...
Checking patch sound/pci/hda/hda_controller.h...
Checking patch sound/pci/hda/hda_intel.c...
git apply status: 0
trying to patch file: patchfile:hello/4521-mac80211-don-t-WARN-on-short-WMM-parameters-from-AP.patch
Checking patch net/mac80211/mlme.c...
git apply status: 0
trying to patch file: patchfile:hello/4522-SMB3-Fix-deadlock-in-validate-negotiate-hits-reconne.patch
Checking patch fs/cifs/smb2pdu.c...
git apply status: 0
trying to patch file: patchfile:hello/4523-smb3-send-CAP_DFS-capability-during-session-setup.patch
Checking patch fs/cifs/smb2pdu.c...
git apply status: 0
trying to patch file: patchfile:hello/4524-NFSv4-Only-pass-the-delegation-to-setattr-if-we-re-s.patch
Checking patch fs/nfs/nfs4proc.c...
git apply status: 0
trying to patch file: patchfile:hello/4525-NFSv4-Fix-an-Oops-in-nfs4_do_setattr.patch
Checking patch fs/nfs/nfs4proc.c...
git apply status: 0
trying to patch file: patchfile:hello/4526-KVM-Fix-leak-vCPU-s-VMCS-value-into-other-pCPU.patch
Checking patch arch/powerpc/kvm/powerpc.c...
Checking patch arch/x86/include/asm/kvm_host.h...
Checking patch arch/x86/kvm/svm.c...
Checking patch arch/x86/kvm/vmx.c...
Checking patch arch/x86/kvm/x86.c...
Checking patch include/linux/kvm_host.h...
Checking patch virt/kvm/kvm_main.c...
git apply status: 0
trying to patch file: patchfile:hello/4527-mwifiex-fix-802.11n-WPA-detection.patch
Checking patch drivers/net/wireless/marvell/mwifiex/main.h...
Checking patch drivers/net/wireless/marvell/mwifiex/scan.c...
git apply status: 0
trying to patch file: patchfile:hello/4528-iwlwifi-don-t-unmap-as-page-memory-that-was-mapped-a.patch
Checking patch drivers/net/wireless/intel/iwlwifi/pcie/tx.c...
git apply status: 0
trying to patch file: patchfile:hello/4529-iwlwifi-mvm-fix-an-out-of-bound-access.patch
Checking patch drivers/net/wireless/intel/iwlwifi/mvm/fw.c...
git apply status: 0
trying to patch file: patchfile:hello/4530-iwlwifi-mvm-don-t-send-GEO_TX_POWER_LIMIT-on-version.patch
Checking patch drivers/net/wireless/intel/iwlwifi/mvm/fw.c...
git apply status: 0
trying to patch file: patchfile:hello/4531-iwlwifi-mvm-fix-version-check-for-GEO_TX_POWER_LIMIT.patch
Checking patch drivers/net/wireless/intel/iwlwifi/mvm/fw.c...
git apply status: 0
trying to patch file: patchfile:hello/4532-Linux-4.14.139.patch
Checking patch Makefile...
git apply status: 0
trying to patch file: patchfile:hello/4533-scsi-mpt3sas-Use-63-bit-DMA-addressing-on-SAS35-HBA.patch
Checking patch drivers/scsi/mpt3sas/mpt3sas_base.c...
git apply status: 0
trying to patch file: patchfile:hello/4534-sh-kernel-hw_breakpoint-Fix-missing-break-in-switch-.patch
Checking patch arch/sh/kernel/hw_breakpoint.c...
git apply status: 0
patch end(4534) reached(4534). 				submit these and comeback and proceed: last patched hello/4534-sh-kernel-hw_breakpoint-Fix-missing-break-in-switch-.patch
