4875
4925
trying to patch file: patchfile:hello/4875-Revert-usb-dwc3-Add-workaround-for-host-mode-VBUS-gl.patch
Checking patch drivers/usb/dwc3/core.c...
Checking patch drivers/usb/dwc3/core.h...
git apply status: 0
trying to patch file: patchfile:hello/4876-usb-dwc3-Add-workaround-for-host-mode-VBUS-glitch-wh.patch
Checking patch drivers/usb/dwc3/core.c...
Checking patch drivers/usb/dwc3/core.h...
Checking patch drivers/usb/dwc3/host.c...
git apply status: 0
trying to patch file: patchfile:hello/4877-dpaa2-eth-free-already-allocated-channels-on-probe-d.patch
Checking patch drivers/staging/fsl-dpaa2/ethernet/dpaa2-eth.c...
git apply status: 0
trying to patch file: patchfile:hello/4878-staging-dpaa2-ethsw-move-port-notifier-per-ethsw.patch
Checking patch drivers/staging/fsl-dpaa2/ethsw/ethsw.c...
Checking patch drivers/staging/fsl-dpaa2/ethsw/ethsw.h...
git apply status: 0
trying to patch file: patchfile:hello/4879-staging-dpaa2-ethsw-move-port-switchdev-notifier-per.patch
Checking patch drivers/staging/fsl-dpaa2/ethsw/ethsw.c...
Checking patch drivers/staging/fsl-dpaa2/ethsw/ethsw.h...
git apply status: 0
trying to patch file: patchfile:hello/4880-staging-dpaa2-ethsw-ordered-workqueue-should-be-per-.patch
Checking patch drivers/staging/fsl-dpaa2/ethsw/ethsw.c...
Checking patch drivers/staging/fsl-dpaa2/ethsw/ethsw.h...
git apply status: 0
trying to patch file: patchfile:hello/4881-drm-arm-malidp-Fix-NULL-pointer-access-for-malidp_se.patch
Checking patch drivers/gpu/drm/arm/malidp_planes.c...
git apply status: 0
trying to patch file: patchfile:hello/4882-enetc-Remove-mdio-bus-on-PF-probe-error-path.patch
Checking patch drivers/net/ethernet/freescale/enetc/enetc_pf.c...
git apply status: 0
trying to patch file: patchfile:hello/4883-enetc-Replace-enetc_gregs-with-a-readers-writer-lock.patch
Checking patch drivers/net/ethernet/freescale/enetc/enetc.c...
Checking patch drivers/net/ethernet/freescale/enetc/enetc_hw.h...
git apply status: 0
trying to patch file: patchfile:hello/4884-net-mscc-ocelot-fix-vlan_filtering-when-enslaving-to.patch
Checking patch drivers/net/ethernet/mscc/ocelot.c...
git apply status: 0
trying to patch file: patchfile:hello/4885-net-mscc-ocelot-refuse-to-overwrite-the-port-s-nativ.patch
Checking patch drivers/net/ethernet/mscc/ocelot.c...
git apply status: 0
trying to patch file: patchfile:hello/4886-arm64-lsdk.config-set-CONFIG_SQUASHFS_XZ-y.patch
Checking patch arch/arm64/configs/lsdk.config...
error: while searching for:
CONFIG_MACVTAP=y
CONFIG_BTRFS_FS=y
CONFIG_FUSE_FS=y

# lxc
CONFIG_UNIX_DIAG=y

error: patch failed: arch/arm64/configs/lsdk.config:109
error: arch/arm64/configs/lsdk.config: patch does not apply
git apply test (--check) failed: 4886, commit all changes so far, try just patch with hello/4886-arm64-lsdk.config-set-CONFIG_SQUASHFS_XZ-y.patch
tets it yourself: git apply --check -v hello/4886-arm64-lsdk.config-set-CONFIG_SQUASHFS_XZ-y.patch
