2879
2929
trying to patch file: patchfile:hello/2879-virtio-blk-limit-number-of-hw-queues-by-nr_cpu_ids.patch
Checking patch drivers/block/virtio_blk.c...
git apply status: 0
trying to patch file: patchfile:hello/2880-platform-x86-pmc_atom-Drop-__initconst-on-dmi-table.patch
Checking patch drivers/platform/x86/pmc_atom.c...
git apply status: 0
trying to patch file: patchfile:hello/2881-iommu-amd-Set-exclusion-range-correctly.patch
Checking patch drivers/iommu/amd_iommu_init.c...
git apply status: 0
trying to patch file: patchfile:hello/2882-genirq-Prevent-use-after-free-and-work-list-corrupti.patch
Checking patch kernel/irq/manage.c...
git apply status: 0
trying to patch file: patchfile:hello/2883-usb-dwc3-Fix-default-lpm_nyet_threshold-value.patch
Checking patch drivers/usb/dwc3/core.c...
Hunk #1 succeeded at 1195 (offset 153 lines).
git apply status: 0
trying to patch file: patchfile:hello/2884-USB-serial-f81232-fix-interrupt-worker-not-stop.patch
Checking patch drivers/usb/serial/f81232.c...
git apply status: 0
trying to patch file: patchfile:hello/2885-USB-cdc-acm-fix-unthrottle-races.patch
Checking patch drivers/usb/class/cdc-acm.c...
git apply status: 0
trying to patch file: patchfile:hello/2886-usb-storage-Set-virt_boundary_mask-to-avoid-SG-overf.patch
Checking patch drivers/usb/storage/scsiglue.c...
git apply status: 0
trying to patch file: patchfile:hello/2887-intel_th-pci-Add-Comet-Lake-support.patch
Checking patch drivers/hwtracing/intel_th/pci.c...
git apply status: 0
trying to patch file: patchfile:hello/2888-scsi-qla2xxx-Fix-incorrect-region-size-setting-in-op.patch
Checking patch drivers/scsi/qla2xxx/qla_attr.c...
git apply status: 0
trying to patch file: patchfile:hello/2889-Bluetooth-hidp-fix-buffer-overflow.patch
Checking patch net/bluetooth/hidp/sock.c...
git apply status: 0
trying to patch file: patchfile:hello/2890-Bluetooth-Align-minimum-encryption-key-size-for-LE-a.patch
Checking patch include/net/bluetooth/hci_core.h...
Checking patch net/bluetooth/hci_conn.c...
git apply status: 0
trying to patch file: patchfile:hello/2891-UAS-fix-alignment-of-scatter-gather-segments.patch
Checking patch drivers/usb/storage/uas.c...
git apply status: 0
trying to patch file: patchfile:hello/2892-ASoC-Intel-avoid-Oops-if-DMA-setup-fails.patch
Checking patch sound/soc/intel/common/sst-firmware.c...
git apply status: 0
trying to patch file: patchfile:hello/2893-locking-futex-Allow-low-level-atomic-operations-to-r.patch
Checking patch kernel/futex.c...
git apply status: 0
trying to patch file: patchfile:hello/2894-arm64-futex-Bound-number-of-LDXR-STXR-loops-in-FUTEX.patch
Checking patch arch/arm64/include/asm/futex.h...
git apply status: 0
trying to patch file: patchfile:hello/2895-Linux-4.14.118.patch
Checking patch Makefile...
git apply status: 0
trying to patch file: patchfile:hello/2896-x86-speculation-Simplify-the-CPU-bug-detection-logic.patch
Checking patch arch/x86/kernel/cpu/common.c...
git apply status: 0
trying to patch file: patchfile:hello/2897-Documentation-l1tf-Fix-small-spelling-typo.patch
Checking patch Documentation/admin-guide/l1tf.rst...
git apply status: 0
trying to patch file: patchfile:hello/2898-x86-cpu-Sanitize-FAM6_ATOM-naming.patch
Checking patch arch/x86/events/intel/core.c...
Checking patch arch/x86/events/intel/cstate.c...
Checking patch arch/x86/events/intel/rapl.c...
Checking patch arch/x86/events/msr.c...
Checking patch arch/x86/include/asm/intel-family.h...
Checking patch arch/x86/kernel/cpu/common.c...
Checking patch arch/x86/kernel/tsc.c...
Checking patch arch/x86/platform/atom/punit_atom_debug.c...
Checking patch arch/x86/platform/intel-mid/device_libs/platform_bt.c...
Checking patch drivers/acpi/acpi_lpss.c...
Checking patch drivers/acpi/x86/utils.c...
Checking patch drivers/cpufreq/intel_pstate.c...
Checking patch drivers/edac/pnd2_edac.c...
Checking patch drivers/idle/intel_idle.c...
Checking patch drivers/mmc/host/sdhci-acpi.c...
Checking patch drivers/pci/pci-mid.c...
Checking patch drivers/platform/x86/intel_int0002_vgpio.c...
Checking patch drivers/platform/x86/intel_mid_powerbtn.c...
Checking patch drivers/platform/x86/intel_telemetry_debugfs.c...
Checking patch drivers/platform/x86/intel_telemetry_pltdrv.c...
Checking patch drivers/powercap/intel_rapl.c...
Checking patch drivers/thermal/intel_soc_dts_thermal.c...
Checking patch tools/power/x86/turbostat/turbostat.c...
git apply status: 0
trying to patch file: patchfile:hello/2899-kvm-x86-Report-STIBP-on-GET_SUPPORTED_CPUID.patch
Checking patch arch/x86/kvm/cpuid.c...
git apply status: 0
trying to patch file: patchfile:hello/2900-locking-atomics-asm-generic-Move-some-macros-from-li.patch
Checking patch include/linux/bitops.h...
Checking patch include/linux/bits.h...
git apply status: 0
trying to patch file: patchfile:hello/2901-x86-msr-index-Cleanup-bit-defines.patch
Checking patch arch/x86/include/asm/msr-index.h...
Checking patch tools/power/x86/turbostat/Makefile...
Checking patch tools/power/x86/x86_energy_perf_policy/Makefile...
git apply status: 0
trying to patch file: patchfile:hello/2902-x86-speculation-Consolidate-CPU-whitelists.patch
Checking patch arch/x86/kernel/cpu/common.c...
git apply status: 0
trying to patch file: patchfile:hello/2903-x86-speculation-mds-Add-basic-bug-infrastructure-for.patch
Checking patch arch/x86/include/asm/cpufeatures.h...
Checking patch arch/x86/include/asm/msr-index.h...
Checking patch arch/x86/kernel/cpu/common.c...
git apply status: 0
trying to patch file: patchfile:hello/2904-x86-speculation-mds-Add-BUG_MSBDS_ONLY.patch
Checking patch arch/x86/include/asm/cpufeatures.h...
Checking patch arch/x86/kernel/cpu/common.c...
git apply status: 0
trying to patch file: patchfile:hello/2905-x86-kvm-Expose-X86_FEATURE_MD_CLEAR-to-guests.patch
Checking patch arch/x86/kvm/cpuid.c...
git apply status: 0
trying to patch file: patchfile:hello/2906-x86-speculation-mds-Add-mds_clear_cpu_buffers.patch
Checking patch Documentation/index.rst...
Checking patch Documentation/x86/conf.py...
Checking patch Documentation/x86/index.rst...
Checking patch Documentation/x86/mds.rst...
Checking patch arch/x86/include/asm/nospec-branch.h...
git apply status: 0
trying to patch file: patchfile:hello/2907-x86-speculation-mds-Clear-CPU-buffers-on-exit-to-use.patch
Checking patch Documentation/x86/mds.rst...
Checking patch arch/x86/entry/common.c...
Checking patch arch/x86/include/asm/nospec-branch.h...
Checking patch arch/x86/kernel/cpu/bugs.c...
Checking patch arch/x86/kernel/nmi.c...
Checking patch arch/x86/kernel/traps.c...
git apply status: 0
trying to patch file: patchfile:hello/2908-x86-kvm-vmx-Add-MDS-protection-when-L1D-Flush-is-not.patch
Checking patch arch/x86/kernel/cpu/bugs.c...
Checking patch arch/x86/kvm/vmx.c...
git apply status: 0
trying to patch file: patchfile:hello/2909-x86-speculation-mds-Conditionally-clear-CPU-buffers-.patch
Checking patch Documentation/x86/mds.rst...
Checking patch arch/x86/include/asm/irqflags.h...
Checking patch arch/x86/include/asm/mwait.h...
Checking patch arch/x86/include/asm/nospec-branch.h...
Checking patch arch/x86/kernel/cpu/bugs.c...
git apply status: 0
trying to patch file: patchfile:hello/2910-x86-speculation-mds-Add-mitigation-control-for-MDS.patch
Checking patch Documentation/admin-guide/kernel-parameters.txt...
Checking patch arch/x86/include/asm/processor.h...
Checking patch arch/x86/kernel/cpu/bugs.c...
git apply status: 0
trying to patch file: patchfile:hello/2911-x86-speculation-mds-Add-sysfs-reporting-for-MDS.patch
Checking patch Documentation/ABI/testing/sysfs-devices-system-cpu...
Checking patch arch/x86/kernel/cpu/bugs.c...
Checking patch drivers/base/cpu.c...
Checking patch include/linux/cpu.h...
git apply status: 0
trying to patch file: patchfile:hello/2912-x86-speculation-mds-Add-mitigation-mode-VMWERV.patch
Checking patch Documentation/x86/mds.rst...
Checking patch arch/x86/include/asm/processor.h...
Checking patch arch/x86/kernel/cpu/bugs.c...
git apply status: 0
trying to patch file: patchfile:hello/2913-Documentation-Move-L1TF-to-separate-directory.patch
Checking patch Documentation/ABI/testing/sysfs-devices-system-cpu...
Checking patch Documentation/admin-guide/hw-vuln/index.rst...
Checking patch Documentation/admin-guide/l1tf.rst => Documentation/admin-guide/hw-vuln/l1tf.rst...
Checking patch Documentation/admin-guide/index.rst...
Checking patch Documentation/admin-guide/kernel-parameters.txt...
Checking patch arch/x86/kernel/cpu/bugs.c...
Checking patch arch/x86/kvm/vmx.c...
git apply status: 0
trying to patch file: patchfile:hello/2914-Documentation-Add-MDS-vulnerability-documentation.patch
Checking patch Documentation/ABI/testing/sysfs-devices-system-cpu...
Checking patch Documentation/admin-guide/hw-vuln/index.rst...
Checking patch Documentation/admin-guide/hw-vuln/l1tf.rst...
Checking patch Documentation/admin-guide/hw-vuln/mds.rst...
Checking patch Documentation/admin-guide/kernel-parameters.txt...
git apply status: 0
trying to patch file: patchfile:hello/2915-x86-speculation-mds-Add-mds-full-nosmt-cmdline-optio.patch
Checking patch Documentation/admin-guide/hw-vuln/mds.rst...
Checking patch Documentation/admin-guide/kernel-parameters.txt...
Checking patch arch/x86/kernel/cpu/bugs.c...
git apply status: 0
trying to patch file: patchfile:hello/2916-x86-speculation-Move-arch_smt_update-call-to-after-m.patch
Checking patch arch/x86/kernel/cpu/bugs.c...
git apply status: 0
trying to patch file: patchfile:hello/2917-x86-speculation-mds-Add-SMT-warning-message.patch
Checking patch arch/x86/kernel/cpu/bugs.c...
git apply status: 0
trying to patch file: patchfile:hello/2918-x86-speculation-mds-Fix-comment.patch
Checking patch arch/x86/kernel/cpu/bugs.c...
git apply status: 0
trying to patch file: patchfile:hello/2919-x86-speculation-mds-Print-SMT-vulnerable-on-MSBDS-wi.patch
Checking patch arch/x86/kernel/cpu/bugs.c...
git apply status: 0
trying to patch file: patchfile:hello/2920-cpu-speculation-Add-mitigations-cmdline-option.patch
Checking patch Documentation/admin-guide/kernel-parameters.txt...
Checking patch include/linux/cpu.h...
Checking patch kernel/cpu.c...
git apply status: 0
trying to patch file: patchfile:hello/2921-x86-speculation-Support-mitigations-cmdline-option.patch
Checking patch Documentation/admin-guide/kernel-parameters.txt...
Checking patch arch/x86/kernel/cpu/bugs.c...
Checking patch arch/x86/mm/pti.c...
git apply status: 0
trying to patch file: patchfile:hello/2922-powerpc-speculation-Support-mitigations-cmdline-opti.patch
Checking patch Documentation/admin-guide/kernel-parameters.txt...
Checking patch arch/powerpc/kernel/security.c...
Checking patch arch/powerpc/kernel/setup_64.c...
git apply status: 0
trying to patch file: patchfile:hello/2923-s390-speculation-Support-mitigations-cmdline-option.patch
Checking patch Documentation/admin-guide/kernel-parameters.txt...
Checking patch arch/s390/kernel/nospec-branch.c...
git apply status: 0
trying to patch file: patchfile:hello/2924-x86-speculation-mds-Add-mitigations-support-for-MDS.patch
Checking patch Documentation/admin-guide/kernel-parameters.txt...
Checking patch arch/x86/kernel/cpu/bugs.c...
git apply status: 0
trying to patch file: patchfile:hello/2925-x86-mds-Add-MDSUM-variant-to-the-MDS-documentation.patch
Checking patch Documentation/admin-guide/hw-vuln/mds.rst...
Checking patch Documentation/x86/mds.rst...
git apply status: 0
trying to patch file: patchfile:hello/2926-Documentation-Correct-the-possible-MDS-sysfs-values.patch
Checking patch Documentation/admin-guide/hw-vuln/mds.rst...
git apply status: 0
trying to patch file: patchfile:hello/2927-x86-speculation-mds-Fix-documentation-typo.patch
Checking patch Documentation/x86/mds.rst...
git apply status: 0
trying to patch file: patchfile:hello/2928-Linux-4.14.119.patch
Checking patch Makefile...
git apply status: 0
trying to patch file: patchfile:hello/2929-netfilter-compat-initialize-all-fields-in-xt_init.patch
Checking patch net/netfilter/x_tables.c...
git apply status: 0
patch end(2929) reached(2929). 				submit these and comeback and proceed: last patched hello/2929-netfilter-compat-initialize-all-fields-in-xt_init.patch
