2412
2462
trying to patch file: patchfile:hello/2412-media-mt9m111-set-initial-frame-size-other-than-0x0.patch
Checking patch drivers/media/i2c/mt9m111.c...
git apply status: 0
trying to patch file: patchfile:hello/2413-hwrng-virtio-Avoid-repeated-init-of-completion.patch
Checking patch drivers/char/hw_random/virtio-rng.c...
git apply status: 0
trying to patch file: patchfile:hello/2414-soc-tegra-fuse-Fix-illegal-free-of-IO-base-address.patch
Checking patch drivers/soc/tegra/fuse/fuse-tegra.c...
git apply status: 0
trying to patch file: patchfile:hello/2415-HID-intel-ish-ipc-handle-PIMR-before-ish_wakeup-also.patch
Checking patch drivers/hid/intel-ish-hid/ipc/ipc.c...
git apply status: 0
trying to patch file: patchfile:hello/2416-hpet-Fix-missing-character-in-the-__setup-code-of-hp.patch
Checking patch drivers/char/hpet.c...
git apply status: 0
trying to patch file: patchfile:hello/2417-cpu-hotplug-Mute-hotplug-lockdep-during-init.patch
Checking patch kernel/cpu.c...
git apply status: 0
trying to patch file: patchfile:hello/2418-dmaengine-imx-dma-fix-warning-comparison-of-distinct.patch
Checking patch drivers/dma/imx-dma.c...
git apply status: 0
trying to patch file: patchfile:hello/2419-dmaengine-qcom_hidma-assign-channel-cookie-correctly.patch
Checking patch drivers/dma/qcom/hidma.c...
git apply status: 0
trying to patch file: patchfile:hello/2420-dmaengine-qcom_hidma-initialize-tx-flags-in-hidma_pr.patch
Checking patch drivers/dma/qcom/hidma.c...
git apply status: 0
trying to patch file: patchfile:hello/2421-netfilter-physdev-relax-br_netfilter-dependency.patch
Checking patch include/net/netfilter/br_netfilter.h...
Checking patch net/bridge/br_netfilter_hooks.c...
Hunk #1 succeeded at 910 (offset 29 lines).
Checking patch net/netfilter/xt_physdev.c...
git apply status: 0
trying to patch file: patchfile:hello/2422-media-s5p-jpeg-Check-for-fmt_ver_flag-when-doing-fmt.patch
Checking patch drivers/media/platform/s5p-jpeg/jpeg-core.c...
git apply status: 0
trying to patch file: patchfile:hello/2423-regulator-act8865-Fix-act8600_sudcdc_voltage_ranges-.patch
Checking patch drivers/regulator/act8865-regulator.c...
git apply status: 0
trying to patch file: patchfile:hello/2424-drm-Auto-set-allow_fb_modifiers-when-given-modifiers.patch
Checking patch drivers/gpu/drm/drm_plane.c...
git apply status: 0
trying to patch file: patchfile:hello/2425-drm-nouveau-Stop-using-drm_crtc_force_disable.patch
Checking patch drivers/gpu/drm/nouveau/dispnv04/tvnv17.c...
git apply status: 0
trying to patch file: patchfile:hello/2426-x86-build-Specify-elf_i386-linker-emulation-explicit.patch
Checking patch arch/x86/boot/Makefile...
Checking patch arch/x86/realmode/rm/Makefile...
git apply status: 0
trying to patch file: patchfile:hello/2427-selinux-do-not-override-context-on-context-mounts.patch
Checking patch security/selinux/hooks.c...
git apply status: 0
trying to patch file: patchfile:hello/2428-wlcore-Fix-memory-leak-in-case-wl12xx_fetch_firmware.patch
Checking patch drivers/net/wireless/ti/wlcore/main.c...
git apply status: 0
trying to patch file: patchfile:hello/2429-x86-build-Mark-per-CPU-symbols-as-absolute-explicitl.patch
Checking patch arch/x86/kernel/vmlinux.lds.S...
git apply status: 0
trying to patch file: patchfile:hello/2430-clk-rockchip-fix-frac-settings-of-GPLL-clock-for-rk3.patch
Checking patch drivers/clk/rockchip/clk-rk3328.c...
git apply status: 0
trying to patch file: patchfile:hello/2431-dmaengine-tegra-avoid-overflow-of-byte-tracking.patch
Checking patch drivers/dma/tegra20-apb-dma.c...
git apply status: 0
trying to patch file: patchfile:hello/2432-drm-dp-mst-Configure-no_stop_bit-correctly-for-remot.patch
Checking patch drivers/gpu/drm/drm_dp_mst_topology.c...
git apply status: 0
trying to patch file: patchfile:hello/2433-ACPI-video-Extend-chassis-type-detection-with-a-Lunc.patch
Checking patch drivers/acpi/acpi_video.c...
git apply status: 0
trying to patch file: patchfile:hello/2434-Linux-4.14.111.patch
Checking patch Makefile...
git apply status: 0
trying to patch file: patchfile:hello/2435-net-sfp-move-sfp_register_socket-call-from-sfp_remov.patch
Checking patch drivers/net/phy/sfp.c...
git apply status: 0
trying to patch file: patchfile:hello/2436-x86-power-Fix-some-ordering-bugs-in-__restore_proces.patch
Checking patch arch/x86/power/cpu.c...
git apply status: 0
trying to patch file: patchfile:hello/2437-x86-power-64-Use-struct-desc_ptr-for-the-IDT-in-stru.patch
Checking patch arch/x86/include/asm/suspend_64.h...
Checking patch arch/x86/power/cpu.c...
git apply status: 0
trying to patch file: patchfile:hello/2438-x86-power-32-Move-SYSENTER-MSR-restoration-to-fix_pr.patch
Checking patch arch/x86/power/cpu.c...
git apply status: 0
trying to patch file: patchfile:hello/2439-x86-power-Make-restore_processor_context-sane.patch
Checking patch arch/x86/include/asm/suspend_32.h...
Checking patch arch/x86/include/asm/suspend_64.h...
Checking patch arch/x86/power/cpu.c...
git apply status: 0
trying to patch file: patchfile:hello/2440-drm-i915-gvt-do-not-let-pin-count-of-shadow-mm-go-ne.patch
Checking patch drivers/gpu/drm/i915/gvt/gtt.c...
git apply status: 0
trying to patch file: patchfile:hello/2441-powerpc-tm-Limit-TM-code-inside-PPC_TRANSACTIONAL_ME.patch
Checking patch arch/powerpc/kernel/signal_64.c...
git apply status: 0
trying to patch file: patchfile:hello/2442-kbuild-clang-choose-GCC_TOOLCHAIN_DIR-not-on-LD.patch
Checking patch Makefile...
git apply status: 0
trying to patch file: patchfile:hello/2443-x86-vdso-Use-LD-instead-of-CC-to-link.patch
Checking patch arch/x86/entry/vdso/Makefile...
Hunk #2 succeeded at 102 (offset 1 line).
Hunk #3 succeeded at 131 (offset 1 line).
Hunk #4 succeeded at 177 (offset 1 line).
git apply status: 0
trying to patch file: patchfile:hello/2444-x86-vdso-Drop-implicit-common-page-size-linker-flag.patch
Checking patch arch/x86/entry/vdso/Makefile...
Hunk #2 succeeded at 103 (offset 1 line).
git apply status: 0
trying to patch file: patchfile:hello/2445-lib-string.c-implement-a-basic-bcmp.patch
Checking patch include/linux/string.h...
Checking patch lib/string.c...
git apply status: 0
trying to patch file: patchfile:hello/2446-stating-ccree-revert-staging-ccree-fix-leak-of-impor.patch
Checking patch drivers/staging/ccree/ssi_hash.c...
git apply status: 0
trying to patch file: patchfile:hello/2447-arm64-kaslr-Reserve-size-of-ARM64_MEMSTART_ALIGN-in-.patch
Checking patch arch/arm64/mm/init.c...
Hunk #1 succeeded at 455 (offset 8 lines).
git apply status: 0
trying to patch file: patchfile:hello/2448-tty-mark-Siemens-R3964-line-discipline-as-BROKEN.patch
Checking patch drivers/char/Kconfig...
git apply status: 0
trying to patch file: patchfile:hello/2449-tty-ldisc-add-sysctl-to-prevent-autoloading-of-ldisc.patch
Checking patch drivers/tty/Kconfig...
Checking patch drivers/tty/tty_io.c...
Checking patch drivers/tty/tty_ldisc.c...
git apply status: 0
trying to patch file: patchfile:hello/2450-ipv6-Fix-dangling-pointer-when-ipv6-fragment.patch
Checking patch net/ipv6/ip6_output.c...
Hunk #1 succeeded at 631 (offset 20 lines).
Hunk #2 succeeded at 642 (offset 20 lines).
Hunk #3 succeeded at 677 (offset 20 lines).
git apply status: 0
trying to patch file: patchfile:hello/2451-ipv6-sit-reset-ip-header-pointer-in-ipip6_rcv.patch
Checking patch net/ipv6/sit.c...
git apply status: 0
trying to patch file: patchfile:hello/2452-kcm-switch-order-of-device-registration-to-fix-a-cra.patch
Checking patch net/kcm/kcmsock.c...
git apply status: 0
trying to patch file: patchfile:hello/2453-net-gro-Fix-GRO-flush-when-receiving-a-GSO-packet.patch
Checking patch net/core/skbuff.c...
Hunk #1 succeeded at 3863 (offset 55 lines).
git apply status: 0
trying to patch file: patchfile:hello/2454-net-mlx5-Decrease-default-mr-cache-size.patch
Checking patch drivers/net/ethernet/mellanox/mlx5/core/main.c...
git apply status: 0
trying to patch file: patchfile:hello/2455-net-rds-force-to-destroy-connection-if-t_sock-is-NUL.patch
Checking patch net/rds/tcp.c...
git apply status: 0
trying to patch file: patchfile:hello/2456-net-sched-fix-get-helper-of-the-matchall-cls.patch
Checking patch net/sched/cls_matchall.c...
git apply status: 0
trying to patch file: patchfile:hello/2457-openvswitch-fix-flow-actions-reallocation.patch
Checking patch net/openvswitch/flow_netlink.c...
git apply status: 0
trying to patch file: patchfile:hello/2458-qmi_wwan-add-Olicard-600.patch
Checking patch drivers/net/usb/qmi_wwan.c...
git apply status: 0
trying to patch file: patchfile:hello/2459-sctp-initialize-_pad-of-sockaddr_in-before-copying-t.patch
Checking patch net/sctp/protocol.c...
git apply status: 0
trying to patch file: patchfile:hello/2460-tcp-Ensure-DCTCP-reacts-to-losses.patch
Checking patch net/ipv4/tcp_dctcp.c...
git apply status: 0
trying to patch file: patchfile:hello/2461-vrf-check-accept_source_route-on-the-original-netdev.patch
Checking patch include/net/ip.h...
Hunk #1 succeeded at 607 (offset 4 lines).
Checking patch net/ipv4/ip_input.c...
error: while searching for:
		       ip_local_deliver_finish);
}

static inline bool ip_rcv_options(struct sk_buff *skb)
{
	struct ip_options *opt;
	const struct iphdr *iph;
	struct net_device *dev = skb->dev;

	/* It looks as overkill, because not all
	   IP options require packet mangling.

error: patch failed: net/ipv4/ip_input.c:259
error: net/ipv4/ip_input.c: patch does not apply
Checking patch net/ipv4/ip_options.c...
Hunk #2 succeeded at 656 (offset 9 lines).
git apply test (--check) failed: 2461, commit all changes so far, try just patch with hello/2461-vrf-check-accept_source_route-on-the-original-netdev.patch
tets it yourself: git apply --check -v hello/2461-vrf-check-accept_source_route-on-the-original-netdev.patch
