4851
4901
trying to patch file: patchfile:hello/4851-enetc-Handle-USXGMII-protocol.patch
Checking patch drivers/net/ethernet/freescale/enetc/enetc_pf.c...
git apply status: 0
trying to patch file: patchfile:hello/4852-felix-skip-probing-if-device-is-disabled-in-DT.patch
Checking patch drivers/net/ethernet/mscc/felix_board.c...
git apply status: 0
trying to patch file: patchfile:hello/4853-drm-arm-malidp-Added-the-late-system-pm-functions.patch
Checking patch drivers/gpu/drm/arm/malidp_drv.c...
git apply status: 0
trying to patch file: patchfile:hello/4854-drm-modeset-helper-Add-simple-modeset-suspend-resume.patch
Checking patch drivers/gpu/drm/drm_modeset_helper.c...
Checking patch include/drm/drm_device.h...
Checking patch include/drm/drm_mode_config.h...
Checking patch include/drm/drm_modeset_helper.h...
git apply status: 0
trying to patch file: patchfile:hello/4855-drm-arm-malidp-Enable-disable-interrupts-in-runtime-.patch
Checking patch drivers/gpu/drm/arm/malidp_drv.c...
Checking patch drivers/gpu/drm/arm/malidp_hw.c...
Checking patch drivers/gpu/drm/arm/malidp_hw.h...
git apply status: 0
trying to patch file: patchfile:hello/4856-drm-mali-dp-Set-encoder-possible_clones.patch
Checking patch drivers/gpu/drm/arm/malidp_drv.c...
git apply status: 0
trying to patch file: patchfile:hello/4857-irqchip-gic-v3-its-Add-post-mortem-info-on-command-t.patch
Checking patch drivers/irqchip/irq-gic-v3-its.c...
git apply status: 0
trying to patch file: patchfile:hello/4858-irqchip-gic-v3-its-Fix-command-queue-pointer-compari.patch
Checking patch drivers/irqchip/irq-gic-v3-its.c...
git apply status: 0
trying to patch file: patchfile:hello/4859-iommu-arm-smmu-Enable-bypass-transaction-caching-for.patch
Checking patch drivers/iommu/arm-smmu.c...
git apply status: 0
trying to patch file: patchfile:hello/4860-mmc-sdhci-of-esdhc-set-the-sd-clock-divisor-value-ab.patch
Checking patch drivers/mmc/host/sdhci-of-esdhc.c...
git apply status: 0
trying to patch file: patchfile:hello/4861-mmc-sdhci-of-esdhc-use-1-2-periperhal-clock-for-ls10.patch
Checking patch drivers/mmc/host/sdhci-of-esdhc.c...
git apply status: 0
trying to patch file: patchfile:hello/4862-mmc-sdhci-of-esdhc-add-erratum-A011334-support-in-ls.patch
Checking patch drivers/mmc/host/sdhci-of-esdhc.c...
git apply status: 0
trying to patch file: patchfile:hello/4863-ocelot-Don-t-handle-netdev-events-for-other-netdevs.patch
Checking patch drivers/net/ethernet/mscc/ocelot.c...
git apply status: 0
trying to patch file: patchfile:hello/4864-ocelot-Fix-NULL-pointer-on-LAG-slave-removal.patch
Checking patch drivers/net/ethernet/mscc/ocelot.c...
git apply status: 0
trying to patch file: patchfile:hello/4865-ocelot-Warn-if-cpu-side-interfaces-are-not-up.patch
Checking patch drivers/net/ethernet/mscc/felix_board.c...
Checking patch drivers/net/ethernet/mscc/ocelot.c...
Checking patch drivers/net/ethernet/mscc/ocelot.h...
git apply status: 0
trying to patch file: patchfile:hello/4866-felix-Remove-unused-include-fix-compile-warn.patch
Checking patch drivers/net/ethernet/mscc/felix_board.c...
git apply status: 0
trying to patch file: patchfile:hello/4867-enetc-Fix-deadlock-during-PTP-RX-timestamping.patch
Checking patch drivers/net/ethernet/freescale/enetc/enetc.c...
git apply status: 0
trying to patch file: patchfile:hello/4868-soc-fsl-handle-RCPM-errata-A-008646-on-SoC-LS1021A.patch
Checking patch drivers/soc/fsl/rcpm.c...
git apply status: 0
trying to patch file: patchfile:hello/4869-Documentation-dt-binding-fsl-Add-fsl-ippdexpcr1-alt-.patch
Checking patch Documentation/devicetree/bindings/soc/fsl/rcpm.txt...
git apply status: 0
trying to patch file: patchfile:hello/4870-arm-dts-ls1021a-fix-that-FlexTimer-cannot-wakeup-sys.patch
Checking patch arch/arm/boot/dts/ls1021a.dtsi...
git apply status: 0
trying to patch file: patchfile:hello/4871-arm64-dts-ls1028a-fix-dwc-pci-over-smmu.patch
Checking patch arch/arm64/boot/dts/freescale/fsl-ls1028a.dtsi...
git apply status: 0
trying to patch file: patchfile:hello/4872-mtd-fsl-quadspi-Introduce-variable-to-fix-different-.patch
Checking patch drivers/mtd/spi-nor/fsl-quadspi.c...
git apply status: 0
trying to patch file: patchfile:hello/4873-staging-fsl_ppfe-eth-Disable-termination-of-CRC-fwd.patch
Checking patch drivers/staging/fsl_ppfe/pfe_hal.c...
git apply status: 0
trying to patch file: patchfile:hello/4874-crypto-caam-fix-concurrency-issue-in-givencrypt-desc.patch
Checking patch drivers/crypto/caam/caamalg_desc.c...
error: while searching for:
			       const bool is_qi, int era)
{
	u32 geniv, moveiv;

	/* Note: Context registers are saved. */
	init_sh_desc_key_aead(desc, cdata, adata, is_rfc3686, nonce, era);

error: patch failed: drivers/crypto/caam/caamalg_desc.c:509
error: drivers/crypto/caam/caamalg_desc.c: patch does not apply
Checking patch drivers/crypto/caam/caamalg_desc.h...
error: while searching for:
#define DESC_AEAD_BASE			(4 * CAAM_CMD_SZ)
#define DESC_AEAD_ENC_LEN		(DESC_AEAD_BASE + 11 * CAAM_CMD_SZ)
#define DESC_AEAD_DEC_LEN		(DESC_AEAD_BASE + 15 * CAAM_CMD_SZ)
#define DESC_AEAD_GIVENC_LEN		(DESC_AEAD_ENC_LEN + 7 * CAAM_CMD_SZ)
#define DESC_QI_AEAD_ENC_LEN		(DESC_AEAD_ENC_LEN + 3 * CAAM_CMD_SZ)
#define DESC_QI_AEAD_DEC_LEN		(DESC_AEAD_DEC_LEN + 3 * CAAM_CMD_SZ)
#define DESC_QI_AEAD_GIVENC_LEN		(DESC_AEAD_GIVENC_LEN + 3 * CAAM_CMD_SZ)

error: patch failed: drivers/crypto/caam/caamalg_desc.h:12
error: drivers/crypto/caam/caamalg_desc.h: patch does not apply
git apply test (--check) failed: 4874, commit all changes so far, try just patch with hello/4874-crypto-caam-fix-concurrency-issue-in-givencrypt-desc.patch
tets it yourself: git apply --check -v hello/4874-crypto-caam-fix-concurrency-issue-in-givencrypt-desc.patch
