2777
2827
trying to patch file: patchfile:hello/2777-ALSA-line6-use-dynamic-buffers.patch
Checking patch sound/usb/line6/driver.c...
Checking patch sound/usb/line6/podhd.c...
Checking patch sound/usb/line6/toneport.c...
git apply status: 0
trying to patch file: patchfile:hello/2778-ipv4-ip_do_fragment-Preserve-skb_iif-during-fragment.patch
Checking patch net/ipv4/ip_output.c...
Hunk #1 succeeded at 567 (offset 49 lines).
git apply status: 0
trying to patch file: patchfile:hello/2779-ipv6-flowlabel-wait-rcu-grace-period-before-put_pid.patch
Checking patch net/ipv6/ip6_flowlabel.c...
git apply status: 0
trying to patch file: patchfile:hello/2780-ipv6-invert-flowlabel-sharing-check-in-process-and-u.patch
Checking patch net/ipv6/ip6_flowlabel.c...
git apply status: 0
trying to patch file: patchfile:hello/2781-sctp-avoid-running-the-sctp-state-machine-recursivel.patch
Checking patch include/net/sctp/command.h...
Checking patch net/sctp/sm_sideeffect.c...
Checking patch net/sctp/sm_statefuns.c...
git apply status: 0
trying to patch file: patchfile:hello/2782-packet-validate-msg_namelen-in-send-directly.patch
Checking patch net/packet/af_packet.c...
Hunk #1 succeeded at 2669 (offset 28 lines).
Hunk #2 succeeded at 2681 (offset 28 lines).
Hunk #3 succeeded at 2690 (offset 28 lines).
Hunk #4 succeeded at 2868 (offset 28 lines).
Hunk #5 succeeded at 2885 (offset 28 lines).
Hunk #6 succeeded at 2892 (offset 28 lines).
git apply status: 0
trying to patch file: patchfile:hello/2783-bnxt_en-Improve-multicast-address-setup-logic.patch
Checking patch drivers/net/ethernet/broadcom/bnxt/bnxt.c...
git apply status: 0
trying to patch file: patchfile:hello/2784-bnxt_en-Free-short-FW-command-HWRM-memory-in-error-p.patch
Checking patch drivers/net/ethernet/broadcom/bnxt/bnxt.c...
git apply status: 0
trying to patch file: patchfile:hello/2785-rxrpc-Fix-net-namespace-cleanup.patch
Checking patch net/rxrpc/call_object.c...
git apply status: 0
trying to patch file: patchfile:hello/2786-net-phy-marvell-Fix-buffer-overrun-with-stats-counte.patch
Checking patch drivers/net/phy/marvell.c...
Hunk #1 succeeded at 1534 (offset 37 lines).
Hunk #2 succeeded at 1574 (offset 37 lines).
git apply status: 0
trying to patch file: patchfile:hello/2787-net-dsa-bcm_sf2-fix-buffer-overflow-doing-set_rxnfc.patch
Checking patch drivers/net/dsa/bcm_sf2_cfp.c...
git apply status: 0
trying to patch file: patchfile:hello/2788-kasan-remove-redundant-initialization-of-variable-re.patch
Checking patch lib/test_kasan.c...
git apply status: 0
trying to patch file: patchfile:hello/2789-kasan-prevent-compiler-from-optimizing-away-memset-i.patch
Checking patch lib/Makefile...
git apply status: 0
trying to patch file: patchfile:hello/2790-arm64-Fix-single-stepping-in-kernel-traps.patch
Checking patch arch/arm64/include/asm/traps.h...
Checking patch arch/arm64/kernel/armv8_deprecated.c...
Checking patch arch/arm64/kernel/cpufeature.c...
Checking patch arch/arm64/kernel/traps.c...
git apply status: 0
trying to patch file: patchfile:hello/2791-arm64-only-advance-singlestep-for-user-instruction-t.patch
Checking patch arch/arm64/kernel/traps.c...
git apply status: 0
trying to patch file: patchfile:hello/2792-caif-reduce-stack-size-with-KASAN.patch
Checking patch include/net/caif/cfpkt.h...
Checking patch net/caif/cfctrl.c...
git apply status: 0
trying to patch file: patchfile:hello/2793-ALSA-hda-realtek-Add-new-Dell-platform-for-headset-m.patch
Checking patch sound/pci/hda/patch_realtek.c...
git apply status: 0
trying to patch file: patchfile:hello/2794-ALSA-hda-realtek-Fixed-Dell-AIO-speaker-noise.patch
Checking patch sound/pci/hda/patch_realtek.c...
git apply status: 0
trying to patch file: patchfile:hello/2795-USB-yurex-Fix-protection-fault-after-device-removal.patch
Checking patch drivers/usb/misc/yurex.c...
git apply status: 0
trying to patch file: patchfile:hello/2796-USB-w1-ds2490-Fix-bug-caused-by-improper-use-of-alts.patch
Checking patch drivers/w1/masters/ds2490.c...
git apply status: 0
trying to patch file: patchfile:hello/2797-usb-usbip-fix-isoc-packet-num-validation-in-get_pipe.patch
Checking patch drivers/usb/usbip/stub_rx.c...
Checking patch drivers/usb/usbip/usbip_common.h...
git apply status: 0
trying to patch file: patchfile:hello/2798-USB-core-Fix-unterminated-string-returned-by-usb_str.patch
Checking patch drivers/usb/core/message.c...
git apply status: 0
trying to patch file: patchfile:hello/2799-USB-core-Fix-bug-caused-by-duplicate-interface-PM-us.patch
Checking patch Documentation/driver-api/usb/power-management.rst...
Checking patch drivers/usb/core/driver.c...
Checking patch drivers/usb/storage/realtek_cr.c...
Checking patch include/linux/usb.h...
git apply status: 0
trying to patch file: patchfile:hello/2800-mm-do-not-stall-register_shrinker.patch
Checking patch mm/vmscan.c...
git apply status: 0
trying to patch file: patchfile:hello/2801-nvme-loop-init-nvmet_ctrl-fatal_err_work-when-alloca.patch
Checking patch drivers/nvme/target/core.c...
git apply status: 0
trying to patch file: patchfile:hello/2802-HID-logitech-check-the-return-value-of-create_single.patch
Checking patch drivers/hid/hid-logitech-hidpp.c...
git apply status: 0
trying to patch file: patchfile:hello/2803-HID-debug-fix-race-condition-with-between-rdesc_show.patch
Checking patch drivers/hid/hid-debug.c...
git apply status: 0
trying to patch file: patchfile:hello/2804-rtc-sh-Fix-invalid-alarm-warning-for-non-enabled-ala.patch
Checking patch drivers/rtc/rtc-sh.c...
git apply status: 0
trying to patch file: patchfile:hello/2805-batman-adv-Reduce-claim-hash-refcnt-only-for-removed.patch
Checking patch net/batman-adv/bridge_loop_avoidance.c...
git apply status: 0
trying to patch file: patchfile:hello/2806-batman-adv-Reduce-tt_local-hash-refcnt-only-for-remo.patch
Checking patch net/batman-adv/translation-table.c...
git apply status: 0
trying to patch file: patchfile:hello/2807-batman-adv-Reduce-tt_global-hash-refcnt-only-for-rem.patch
Checking patch net/batman-adv/translation-table.c...
git apply status: 0
trying to patch file: patchfile:hello/2808-ARM-dts-rockchip-Fix-gpu-opp-node-names-for-rk3288.patch
Checking patch arch/arm/boot/dts/rk3288.dtsi...
git apply status: 0
trying to patch file: patchfile:hello/2809-igb-Fix-WARN_ONCE-on-runtime-suspend.patch
Checking patch drivers/net/ethernet/intel/igb/e1000_defines.h...
Checking patch drivers/net/ethernet/intel/igb/igb_main.c...
git apply status: 0
trying to patch file: patchfile:hello/2810-net-mlx5-E-Switch-Fix-esw-manager-vport-indication-f.patch
Checking patch drivers/net/ethernet/mellanox/mlx5/core/eswitch.c...
git apply status: 0
trying to patch file: patchfile:hello/2811-bonding-show-full-hw-address-in-sysfs-for-slave-entr.patch
Checking patch drivers/net/bonding/bond_sysfs_slave.c...
git apply status: 0
trying to patch file: patchfile:hello/2812-net-stmmac-ratelimit-RX-error-logs.patch
Checking patch drivers/net/ethernet/stmicro/stmmac/stmmac_main.c...
git apply status: 0
trying to patch file: patchfile:hello/2813-net-stmmac-don-t-overwrite-discard_frame-status.patch
Checking patch drivers/net/ethernet/stmicro/stmmac/enh_desc.c...
git apply status: 0
trying to patch file: patchfile:hello/2814-net-stmmac-fix-dropping-of-multi-descriptor-RX-frame.patch
Checking patch drivers/net/ethernet/stmicro/stmmac/enh_desc.c...
git apply status: 0
trying to patch file: patchfile:hello/2815-net-stmmac-don-t-log-oversized-frames.patch
Checking patch drivers/net/ethernet/stmicro/stmmac/norm_desc.c...
git apply status: 0
trying to patch file: patchfile:hello/2816-jffs2-fix-use-after-free-on-symlink-traversal.patch
Checking patch fs/jffs2/readinode.c...
Checking patch fs/jffs2/super.c...
git apply status: 0
trying to patch file: patchfile:hello/2817-debugfs-fix-use-after-free-on-symlink-traversal.patch
Checking patch fs/debugfs/inode.c...
git apply status: 0
trying to patch file: patchfile:hello/2818-rtc-da9063-set-uie_unsupported-when-relevant.patch
Checking patch drivers/rtc/rtc-da9063.c...
git apply status: 0
trying to patch file: patchfile:hello/2819-HID-input-add-mapping-for-Assistant-key.patch
Checking patch drivers/hid/hid-input.c...
git apply status: 0
trying to patch file: patchfile:hello/2820-vfio-pci-use-correct-format-characters.patch
Checking patch drivers/vfio/pci/vfio_pci.c...
git apply status: 0
trying to patch file: patchfile:hello/2821-scsi-core-add-new-RDAC-LENOVO-DE_Series-device.patch
Checking patch drivers/scsi/scsi_devinfo.c...
Checking patch drivers/scsi/scsi_dh.c...
git apply status: 0
trying to patch file: patchfile:hello/2822-scsi-storvsc-Fix-calculation-of-sub-channel-count.patch
Checking patch drivers/scsi/storvsc_drv.c...
git apply status: 0
trying to patch file: patchfile:hello/2823-net-hns-fix-KASAN-use-after-free-in-hns_nic_net_xmit.patch
Checking patch drivers/net/ethernet/hisilicon/hns/hns_enet.c...
git apply status: 0
trying to patch file: patchfile:hello/2824-net-hns-Use-NAPI_POLL_WEIGHT-for-hns-driver.patch
Checking patch drivers/net/ethernet/hisilicon/hns/hns_enet.c...
git apply status: 0
trying to patch file: patchfile:hello/2825-net-hns-Fix-probabilistic-memory-overwrite-when-HNS-.patch
Checking patch drivers/net/ethernet/hisilicon/hns/hns_dsaf_xgmac.c...
git apply status: 0
trying to patch file: patchfile:hello/2826-net-hns-fix-ICMP6-neighbor-solicitation-messages-dis.patch
Checking patch drivers/net/ethernet/hisilicon/hns/hns_dsaf_main.c...
git apply status: 0
trying to patch file: patchfile:hello/2827-net-hns-Fix-WARNING-when-remove-HNS-driver-with-SMMU.patch
Checking patch drivers/net/ethernet/hisilicon/hns/hnae.c...
git apply status: 0
patch end(2827) reached(2827). 				submit these and comeback and proceed: last patched hello/2827-net-hns-Fix-WARNING-when-remove-HNS-driver-with-SMMU.patch
