3425
3475
trying to patch file: patchfile:hello/3425-sdk_dpaa-SGMII-2500-needs-AN-disabled.patch
Checking patch drivers/net/ethernet/freescale/sdk_fman/Peripherals/FM/MAC/memac.c...
Checking patch drivers/net/ethernet/freescale/sdk_fman/Peripherals/FM/MAC/memac.h...
git apply status: 0
trying to patch file: patchfile:hello/3426-arm64-dts-ls1028a-add-flexspi-nodes.patch
Checking patch arch/arm64/boot/dts/freescale/fsl-ls1028a-qds.dts...
Checking patch arch/arm64/boot/dts/freescale/fsl-ls1028a-rdb.dts...
Checking patch arch/arm64/boot/dts/freescale/fsl-ls1028a.dtsi...
git apply status: 0
trying to patch file: patchfile:hello/3427-arm64-dts-ls1028a-Add-Thermal-Monitor-Unit-node.patch
Checking patch arch/arm64/boot/dts/freescale/fsl-ls1028a.dtsi...
git apply status: 0
trying to patch file: patchfile:hello/3428-Changed-VFIO_DEVICE_FLAGS_FSL_MC-define.patch
Checking patch include/uapi/linux/vfio.h...
git apply status: 0
trying to patch file: patchfile:hello/3429-sdk-dts-ls1046-drop-smmu-from-the-frwy-sdk-dtses.patch
Checking patch arch/arm64/boot/dts/freescale/fsl-ls1046a-frwy-sdk.dts...
Checking patch arch/arm64/boot/dts/freescale/fsl-ls1046a-frwy-usdpaa.dts...
git apply status: 0
trying to patch file: patchfile:hello/3430-arm64-lsdk.config-Update-CONFIG_BLK_DEV_RAM_SIZE.patch
Checking patch arch/arm64/configs/lsdk.config...
git apply status: 0
trying to patch file: patchfile:hello/3431-arm-multi_v7_defconfig-Update-CONFIG_BLK_DEV_RAM_SIZ.patch
Checking patch arch/arm/configs/multi_v7_defconfig...
git apply status: 0
trying to patch file: patchfile:hello/3432-fsl-fman-include-IPSEC-SPI-in-the-Keygen-extraction.patch
Checking patch drivers/net/ethernet/freescale/fman/fman_keygen.c...
git apply status: 0
trying to patch file: patchfile:hello/3433-dpaa_eth-add-ethtool-coalesce-control.patch
Checking patch drivers/net/ethernet/freescale/dpaa/dpaa_ethtool.c...
git apply status: 0
trying to patch file: patchfile:hello/3434-dpaa_eth-use-only-online-CPU-portals.patch
Checking patch drivers/net/ethernet/freescale/dpaa/dpaa_eth.c...
Checking patch drivers/net/ethernet/freescale/dpaa/dpaa_ethtool.c...
git apply status: 0
trying to patch file: patchfile:hello/3435-soc-fsl-qbman-Check-if-CPU-is-offline-when-initializ.patch
Checking patch drivers/soc/fsl/qbman/bman.c...
Checking patch drivers/soc/fsl/qbman/dpaa_sys.h...
Checking patch drivers/soc/fsl/qbman/qman.c...
git apply status: 0
trying to patch file: patchfile:hello/3436-soc-fsl-qbman-replace-CPU-0-with-any-online-CPU-in-h.patch
Checking patch drivers/soc/fsl/qbman/bman_portal.c...
Checking patch drivers/soc/fsl/qbman/qman_portal.c...
git apply status: 0
trying to patch file: patchfile:hello/3437-soc-fsl-qbman-Add-64-bit-DMA-addressing-requirement-.patch
Checking patch drivers/soc/fsl/qbman/Kconfig...
git apply status: 0
trying to patch file: patchfile:hello/3438-soc-fsl-qbman-Use-last-response-to-determine-valid-b.patch
Checking patch drivers/soc/fsl/qbman/qman.c...
git apply status: 0
trying to patch file: patchfile:hello/3439-soc-fsl-qbman-add-interrupt-coalesce-changing-APIs.patch
Checking patch drivers/soc/fsl/qbman/qman.c...
Checking patch include/soc/fsl/qman.h...
git apply status: 0
trying to patch file: patchfile:hello/3440-soc-fsl-qbman-read-ithresh-from-HW.patch
Checking patch drivers/soc/fsl/qbman/qman.c...
git apply status: 0
trying to patch file: patchfile:hello/3441-soc-qman-add-return-value-to-interrupt-coalesce-chan.patch
Checking patch drivers/soc/fsl/qbman/qman.c...
Checking patch include/soc/fsl/qman.h...
git apply status: 0
trying to patch file: patchfile:hello/3442-soc-fsl-qbman-Use-common-routine-for-QBMan-private-a.patch
Checking patch drivers/soc/fsl/qbman/Makefile...
Checking patch drivers/soc/fsl/qbman/bman_ccsr.c...
Checking patch drivers/soc/fsl/qbman/bman_priv.h...
Checking patch drivers/soc/fsl/qbman/dpaa_sys.c...
Checking patch drivers/soc/fsl/qbman/dpaa_sys.h...
Checking patch drivers/soc/fsl/qbman/qman_ccsr.c...
Checking patch drivers/soc/fsl/qbman/qman_priv.h...
git apply status: 0
trying to patch file: patchfile:hello/3443-of-reserved_mem-Accessor-for-acquiring-reserved_mem.patch
Checking patch drivers/of/of_reserved_mem.c...
Checking patch include/linux/of_reserved_mem.h...
git apply status: 0
trying to patch file: patchfile:hello/3444-soc-fsl-qbman-Rework-QBMan-private-memory-setup.patch
Checking patch drivers/soc/fsl/qbman/bman_ccsr.c...
Checking patch drivers/soc/fsl/qbman/dpaa_sys.c...
Checking patch drivers/soc/fsl/qbman/qman_ccsr.c...
git apply status: 0
trying to patch file: patchfile:hello/3445-soc-fsl-qbman-Cleanup-buffer-pools-if-BMan-was-initi.patch
Checking patch drivers/soc/fsl/qbman/bman.c...
Checking patch drivers/soc/fsl/qbman/bman_ccsr.c...
Checking patch drivers/soc/fsl/qbman/bman_portal.c...
Checking patch drivers/soc/fsl/qbman/bman_priv.h...
git apply status: 0
trying to patch file: patchfile:hello/3446-soc-fsl-qbman-Cleanup-QMan-queues-if-device-was-alre.patch
Checking patch drivers/soc/fsl/qbman/qman.c...
Checking patch drivers/soc/fsl/qbman/qman_ccsr.c...
Checking patch drivers/soc/fsl/qbman/qman_portal.c...
Checking patch drivers/soc/fsl/qbman/qman_priv.h...
git apply status: 0
trying to patch file: patchfile:hello/3447-soc-fsl-qbman-Use-index-when-accessing-device-tree-p.patch
Checking patch drivers/soc/fsl/qbman/dpaa_sys.c...
git apply status: 0
trying to patch file: patchfile:hello/3448-soc-fsl-qbman-Fix-drain_mr_fqni.patch
Checking patch drivers/soc/fsl/qbman/qman.c...
git apply status: 0
trying to patch file: patchfile:hello/3449-soc-fsl-qbman-Disable-interrupts-during-portal-recov.patch
Checking patch drivers/soc/fsl/qbman/qman.c...
Checking patch drivers/soc/fsl/qbman/qman_ccsr.c...
Checking patch drivers/soc/fsl/qbman/qman_priv.h...
git apply status: 0
trying to patch file: patchfile:hello/3450-soc-fsl-qbman-Fixup-qman_shutdown_fq.patch
Checking patch drivers/soc/fsl/qbman/qman.c...
git apply status: 0
trying to patch file: patchfile:hello/3451-soc-fsl-qbman-Update-device-tree-with-reserved-memor.patch
Checking patch drivers/soc/fsl/qbman/dpaa_sys.c...
git apply status: 0
trying to patch file: patchfile:hello/3452-sdk-dts-ls1046frwy-move-dma-coherent-from-soc-to-its.patch
Checking patch arch/arm64/boot/dts/freescale/fsl-ls1046a-frwy-sdk.dts...
Checking patch arch/arm64/boot/dts/freescale/fsl-ls1046a-frwy-usdpaa.dts...
git apply status: 0
trying to patch file: patchfile:hello/3453-drm-mali-dp-Add-support-for-writeback-on-DP550-DP650.patch
Checking patch drivers/gpu/drm/arm/malidp_hw.c...
Checking patch drivers/gpu/drm/arm/malidp_hw.h...
Checking patch drivers/gpu/drm/arm/malidp_regs.h...
git apply status: 0
trying to patch file: patchfile:hello/3454-drm-mali-dp-Add-RGB-writeback-formats-for-DP550-DP65.patch
Checking patch drivers/gpu/drm/arm/malidp_hw.c...
Checking patch drivers/gpu/drm/arm/malidp_hw.h...
git apply status: 0
trying to patch file: patchfile:hello/3455-drm-mali-dp-Add-writeback-connector.patch
Checking patch drivers/gpu/drm/arm/Makefile...
Checking patch drivers/gpu/drm/arm/malidp_crtc.c...
Checking patch drivers/gpu/drm/arm/malidp_drv.c...
Checking patch drivers/gpu/drm/arm/malidp_drv.h...
Checking patch drivers/gpu/drm/arm/malidp_hw.c...
Checking patch drivers/gpu/drm/arm/malidp_mw.c...
Checking patch drivers/gpu/drm/arm/malidp_mw.h...
git apply status: 0
trying to patch file: patchfile:hello/3456-drm-mali-dp-Rotated-planes-need-a-larger-pitch-size.patch
Checking patch drivers/gpu/drm/arm/malidp_hw.h...
Checking patch drivers/gpu/drm/arm/malidp_mw.c...
Checking patch drivers/gpu/drm/arm/malidp_planes.c...
git apply status: 0
trying to patch file: patchfile:hello/3457-drm-mali-dp-Align-pitch-size-to-be-multiple-of-bus-b.patch
Checking patch drivers/gpu/drm/arm/malidp_drv.c...
git apply status: 0
trying to patch file: patchfile:hello/3458-drm-mali-dp-Don-t-enable-scaling-engine-for-planes-t.patch
Checking patch drivers/gpu/drm/arm/malidp_planes.c...
git apply status: 0
trying to patch file: patchfile:hello/3459-drm-mali-dp-Fix-bug-on-scaling-with-rotation.patch
Checking patch drivers/gpu/drm/arm/malidp_crtc.c...
git apply status: 0
trying to patch file: patchfile:hello/3460-drm-mali-dp-Fix-malidp_atomic_commit_hw_done-for-eve.patch
Checking patch drivers/gpu/drm/arm/malidp_drv.c...
Checking patch drivers/gpu/drm/arm/malidp_drv.h...
Checking patch drivers/gpu/drm/arm/malidp_hw.c...
git apply status: 0
trying to patch file: patchfile:hello/3461-Revert-drm-mali-dp-Enable-Global-SE-interrupts-mask-.patch
Checking patch drivers/gpu/drm/arm/malidp_hw.c...
git apply status: 0
trying to patch file: patchfile:hello/3462-drm-mali-dp-Add-writeback-support-for-DP500.patch
Checking patch drivers/gpu/drm/arm/malidp_hw.c...
Checking patch drivers/gpu/drm/arm/malidp_hw.h...
Checking patch drivers/gpu/drm/arm/malidp_regs.h...
git apply status: 0
trying to patch file: patchfile:hello/3463-drm-mali-dp-Add-RGB-writeback-formats-for-DP500.patch
Checking patch drivers/gpu/drm/arm/malidp_hw.c...
git apply status: 0
trying to patch file: patchfile:hello/3464-drm-mali-dp-Log-internal-errors-v2.patch
Checking patch drivers/gpu/drm/arm/Kconfig...
Checking patch drivers/gpu/drm/arm/malidp_hw.c...
Checking patch drivers/gpu/drm/arm/malidp_hw.h...
Checking patch drivers/gpu/drm/arm/malidp_regs.h...
git apply status: 0
trying to patch file: patchfile:hello/3465-drm-mali-dp-Apply-enter-leave-_config_mode-to-both-D.patch
Checking patch drivers/gpu/drm/arm/malidp_hw.c...
Checking patch drivers/gpu/drm/arm/malidp_regs.h...
git apply status: 0
trying to patch file: patchfile:hello/3466-drm-arm-malidp-Disable-pixel-alpha-blending-for-colo.patch
Checking patch drivers/gpu/drm/arm/malidp_planes.c...
git apply status: 0
trying to patch file: patchfile:hello/3467-drm-mali-dp-Enable-Global-SE-interrupts-mask-for-DP5.patch
Checking patch drivers/gpu/drm/arm/malidp_hw.c...
git apply status: 0
trying to patch file: patchfile:hello/3468-drm-Add-writeback-connector-type.patch
Checking patch Documentation/gpu/drm-kms.rst...
Checking patch drivers/gpu/drm/Makefile...
Checking patch drivers/gpu/drm/drm_atomic.c...
Checking patch drivers/gpu/drm/drm_atomic_helper.c...
Checking patch drivers/gpu/drm/drm_connector.c...
Checking patch drivers/gpu/drm/drm_writeback.c...
Checking patch include/drm/drm_atomic.h...
Checking patch include/drm/drm_connector.h...
Checking patch include/drm/drm_mode_config.h...
Checking patch include/drm/drm_writeback.h...
Checking patch include/uapi/drm/drm_mode.h...
git apply status: 0
trying to patch file: patchfile:hello/3469-drm-writeback-Add-out-fences-for-writeback-connector.patch
Checking patch drivers/gpu/drm/drm_atomic.c...
Checking patch drivers/gpu/drm/drm_writeback.c...
Checking patch include/drm/drm_atomic.h...
Checking patch include/drm/drm_connector.h...
Checking patch include/drm/drm_mode_config.h...
Checking patch include/drm/drm_writeback.h...
git apply status: 0
trying to patch file: patchfile:hello/3470-drm-fourcc-Add-a-alpha-field-to-drm_format_info.patch
Checking patch drivers/gpu/drm/drm_fourcc.c...
Checking patch include/drm/drm_fourcc.h...
git apply status: 0
trying to patch file: patchfile:hello/3471-drm-arm-malidp-Setting-QoS-priority-for-4k-to-avoid-.patch
Checking patch drivers/gpu/drm/arm/malidp_hw.c...
Checking patch drivers/gpu/drm/arm/malidp_regs.h...
git apply status: 0
trying to patch file: patchfile:hello/3472-drm-arm-mali-dp-Add-a-loop-around-the-second-set-CVA.patch
Checking patch drivers/gpu/drm/arm/malidp_drv.c...
git apply status: 0
trying to patch file: patchfile:hello/3473-drm-arm-mali-dp-Disable-checking-for-required-pixel-.patch
Checking patch drivers/gpu/drm/arm/malidp_crtc.c...
git apply status: 0
trying to patch file: patchfile:hello/3474-arm64-dts-lx2160-update-sata-node.patch
Checking patch arch/arm64/boot/dts/freescale/fsl-lx2160a.dtsi...
git apply status: 0
trying to patch file: patchfile:hello/3475-mtd-spi-nor-Update-fspi-reg-properties-for-NXP-FlexS.patch
Checking patch drivers/mtd/spi-nor/nxp-flexspi.c...
git apply status: 0
patch end(3475) reached(3475). 				submit these and comeback and proceed: last patched hello/3475-mtd-spi-nor-Update-fspi-reg-properties-for-NXP-FlexS.patch
