4749
4799
trying to patch file: patchfile:hello/4749-arm64-defconfig-enable-ENETC-and-LS1028A-board-PHYs-.patch
Checking patch arch/arm64/configs/defconfig...
Hunk #2 succeeded at 231 (offset 1 line).
Hunk #3 succeeded at 561 (offset 3 lines).
git apply status: 0
trying to patch file: patchfile:hello/4750-felix-TSN-modify-SG_CONFIG-registers-address.patch
Checking patch drivers/net/ethernet/mscc/ocelot_ana.h...
git apply status: 0
trying to patch file: patchfile:hello/4751-felix-TSN-add-TSN-device-init-function.patch
Checking patch drivers/net/ethernet/mscc/felix_board.c...
git apply status: 0
trying to patch file: patchfile:hello/4752-crypto-caam-jr-optimize-job-ring-enqueue-and-dequeue.patch
Checking patch drivers/crypto/caam/intern.h...
Checking patch drivers/crypto/caam/jr.c...
git apply status: 0
trying to patch file: patchfile:hello/4753-crypto-caam-jr-Remove-spinlock-for-output-job-ring.patch
Checking patch drivers/crypto/caam/intern.h...
Checking patch drivers/crypto/caam/jr.c...
git apply status: 0
trying to patch file: patchfile:hello/4754-crypto-caam-jr-Removed-redundant-vars-from-job-ring-.patch
Checking patch drivers/crypto/caam/intern.h...
Checking patch drivers/crypto/caam/jr.c...
git apply status: 0
trying to patch file: patchfile:hello/4755-crypto-caam-jr-Remove-extra-memory-barrier-during-jo.patch
Checking patch drivers/crypto/caam/jr.c...
git apply status: 0
trying to patch file: patchfile:hello/4756-arm64-dts-lx2160a-add-tmu-device-node.patch
Checking patch arch/arm64/boot/dts/freescale/fsl-lx2160a.dtsi...
git apply status: 0
trying to patch file: patchfile:hello/4757-arm64-dts-lx2160a-Correct-CPU-core-idle-state-name.patch
Checking patch arch/arm64/boot/dts/freescale/fsl-lx2160a.dtsi...
git apply status: 0
trying to patch file: patchfile:hello/4758-Revert-dts-ls1028a-add-nodes-related-to-enetc.patch
Checking patch arch/arm64/boot/dts/freescale/fsl-ls1028a-qds.dts...
Checking patch arch/arm64/boot/dts/freescale/fsl-ls1028a-rdb.dts...
Checking patch arch/arm64/boot/dts/freescale/fsl-ls1028a.dtsi...
git apply status: 0
trying to patch file: patchfile:hello/4759-arm64-dts-fsl-ls1028a-Add-PCI-IERC-node-and-ENETC-en.patch
Checking patch arch/arm64/boot/dts/freescale/fsl-ls1028a.dtsi...
git apply status: 0
trying to patch file: patchfile:hello/4760-arm64-dts-fsl-ls1028a-rdb-Add-ENETC-external-eth-por.patch
Checking patch arch/arm64/boot/dts/freescale/fsl-ls1028a-rdb.dts...
git apply status: 0
trying to patch file: patchfile:hello/4761-arm64-dts-fsl-ls1028a-add-ENETC-1588-timer-node.patch
Checking patch arch/arm64/boot/dts/freescale/fsl-ls1028a.dtsi...
git apply status: 0
trying to patch file: patchfile:hello/4762-arm64-dts-fsl-ls1028a-Add-Felix-switch-port-DT-node.patch
Checking patch arch/arm64/boot/dts/freescale/fsl-ls1028a.dtsi...
git apply status: 0
trying to patch file: patchfile:hello/4763-arm64-dts-fsl-ls1028a-Enable-eth-port1-on-the-ls1028.patch
Checking patch arch/arm64/boot/dts/freescale/fsl-ls1028a-qds.dts...
Checking patch arch/arm64/boot/dts/freescale/fsl-ls1028a.dtsi...
git apply status: 0
trying to patch file: patchfile:hello/4764-arm64-dts-fsl-ls1028a-Enable-switch-PHYs-on-RDB.patch
Checking patch arch/arm64/boot/dts/freescale/fsl-ls1028a-rdb.dts...
git apply status: 0
trying to patch file: patchfile:hello/4765-arm64-dts-ls1028a-support-Felix-PF5-INTB-interrupt.patch
Checking patch arch/arm64/boot/dts/freescale/fsl-ls1028a.dtsi...
git apply status: 0
trying to patch file: patchfile:hello/4766-arm64-dts-ls1028a-Add-ethernet-property-for-l2switch.patch
Checking patch arch/arm64/boot/dts/freescale/fsl-ls1028a.dtsi...
git apply status: 0
trying to patch file: patchfile:hello/4767-arm64-dts-ls1028a-define-networking-options-for-QDS.patch
Checking patch arch/arm64/boot/dts/freescale/fsl-ls1028a-qds-1xxx.dtsi...
Checking patch arch/arm64/boot/dts/freescale/fsl-ls1028a-qds-6xxx.dtsi...
Checking patch arch/arm64/boot/dts/freescale/fsl-ls1028a-qds-7777.dtsi...
Checking patch arch/arm64/boot/dts/freescale/fsl-ls1028a-qds-8xxx.dtsi...
Checking patch arch/arm64/boot/dts/freescale/fsl-ls1028a-qds-9999.dtsi...
Checking patch arch/arm64/boot/dts/freescale/fsl-ls1028a-qds-x3xx.dtsi...
Checking patch arch/arm64/boot/dts/freescale/fsl-ls1028a-qds-x5xx.dtsi...
Checking patch arch/arm64/boot/dts/freescale/fsl-ls1028a-qds.dts...
git apply status: 0
trying to patch file: patchfile:hello/4768-arm64-dts-LS1028a-rdb-use-Ethernet-PHY-interrupt.patch
Checking patch arch/arm64/boot/dts/freescale/fsl-ls1028a-rdb.dts...
git apply status: 0
trying to patch file: patchfile:hello/4769-arm64-dts-ls1028a-update-DPDK-dts-to-adapt-enetc-for.patch
Checking patch arch/arm64/boot/dts/freescale/fsl-ls1028a-rdb-dpdk.dts...
git apply status: 0
trying to patch file: patchfile:hello/4770-arm64-ls1028a-qds-correct-bus-of-rtc.patch
Checking patch arch/arm64/boot/dts/freescale/fsl-ls1028a-qds.dts...
git apply status: 0
trying to patch file: patchfile:hello/4771-enetc-config-modify-config-to-adapt-to-4.19.patch
Checking patch MAINTAINERS...
Checking patch drivers/net/ethernet/freescale/Kconfig...
Checking patch drivers/net/ethernet/freescale/Makefile...
git apply status: 0
trying to patch file: patchfile:hello/4772-enetc-mscc-tsn-clean-up-enetc-mscc-and-tsn.patch
Checking patch drivers/net/ethernet/freescale/enetc/Kconfig...
Checking patch drivers/net/ethernet/freescale/enetc/Makefile...
Checking patch drivers/net/ethernet/freescale/enetc/enetc.c...
Checking patch drivers/net/ethernet/freescale/enetc/enetc.h...
Checking patch drivers/net/ethernet/freescale/enetc/enetc_cbdr.c...
Checking patch drivers/net/ethernet/freescale/enetc/enetc_ethtool.c...
Checking patch drivers/net/ethernet/freescale/enetc/enetc_hw.h...
Checking patch drivers/net/ethernet/freescale/enetc/enetc_mdio.c...
Checking patch drivers/net/ethernet/freescale/enetc/enetc_msg.c...
Checking patch drivers/net/ethernet/freescale/enetc/enetc_pf.c...
Checking patch drivers/net/ethernet/freescale/enetc/enetc_pf.h...
Checking patch drivers/net/ethernet/freescale/enetc/enetc_ptp.c...
Checking patch drivers/net/ethernet/freescale/enetc/enetc_tsn.c...
Checking patch drivers/net/ethernet/freescale/enetc/enetc_vf.c...
Checking patch drivers/net/ethernet/freescale/enetc_mdio.c...
Checking patch drivers/net/ethernet/mscc/Kconfig...
Checking patch drivers/net/ethernet/mscc/Makefile...
Checking patch drivers/net/ethernet/mscc/felix_board.c...
Checking patch drivers/net/ethernet/mscc/felix_ptp.c...
Checking patch drivers/net/ethernet/mscc/felix_regs.c...
Checking patch drivers/net/ethernet/mscc/felix_tsn.c...
Checking patch drivers/net/ethernet/mscc/felix_tsn.h...
Checking patch drivers/net/ethernet/mscc/ocelot.c...
Checking patch drivers/net/ethernet/mscc/ocelot.h...
Checking patch drivers/net/ethernet/mscc/ocelot_ana.h...
Checking patch drivers/net/ethernet/mscc/ocelot_board.c...
Checking patch drivers/net/ethernet/mscc/ocelot_dev.h...
Checking patch drivers/net/ethernet/mscc/ocelot_dev_gmii.h...
Checking patch drivers/net/ethernet/mscc/ocelot_hsio.h...
Checking patch drivers/net/ethernet/mscc/ocelot_io.c...
Checking patch drivers/net/ethernet/mscc/ocelot_ptp.h...
Checking patch drivers/net/ethernet/mscc/ocelot_qs.h...
Checking patch drivers/net/ethernet/mscc/ocelot_qsys.h...
Checking patch drivers/net/ethernet/mscc/ocelot_regs.c...
Checking patch drivers/net/ethernet/mscc/ocelot_rew.h...
Checking patch drivers/net/ethernet/mscc/ocelot_sys.h...
Checking patch include/net/tsn.h...
Checking patch include/uapi/linux/tsn.h...
Checking patch net/tsn/Kconfig...
Checking patch net/tsn/Makefile...
Checking patch net/tsn/genl_tsn.c...
git apply status: 0
trying to patch file: patchfile:hello/4773-net-mscc-Add-initial-Ocelot-switch-support.patch
Checking patch drivers/net/ethernet/mscc/Kconfig...
Checking patch drivers/net/ethernet/mscc/Makefile...
Checking patch drivers/net/ethernet/mscc/ocelot.c...
Checking patch drivers/net/ethernet/mscc/ocelot.h...
Checking patch drivers/net/ethernet/mscc/ocelot_ana.h...
Checking patch drivers/net/ethernet/mscc/ocelot_board.c...
Checking patch drivers/net/ethernet/mscc/ocelot_dev.h...
Checking patch drivers/net/ethernet/mscc/ocelot_dev_gmii.h...
Checking patch drivers/net/ethernet/mscc/ocelot_hsio.h...
Checking patch drivers/net/ethernet/mscc/ocelot_io.c...
Checking patch drivers/net/ethernet/mscc/ocelot_qs.h...
Checking patch drivers/net/ethernet/mscc/ocelot_qsys.h...
Checking patch drivers/net/ethernet/mscc/ocelot_regs.c...
Checking patch drivers/net/ethernet/mscc/ocelot_rew.h...
Checking patch drivers/net/ethernet/mscc/ocelot_sys.h...
git apply status: 0
trying to patch file: patchfile:hello/4774-net-mscc-Add-SPDX-identifier.patch
Checking patch drivers/net/ethernet/mscc/ocelot_qsys.h...
git apply status: 0
trying to patch file: patchfile:hello/4775-net-mscc-ocelot-Fix-uninitialized-error-in-ocelot_ne.patch
Checking patch drivers/net/ethernet/mscc/ocelot.c...
git apply status: 0
trying to patch file: patchfile:hello/4776-net-mscc-fix-the-injection-header.patch
Checking patch drivers/net/ethernet/mscc/ocelot.c...
git apply status: 0
trying to patch file: patchfile:hello/4777-net-mscc-make-sparse-happy.patch
Checking patch drivers/net/ethernet/mscc/ocelot.c...
git apply status: 0
trying to patch file: patchfile:hello/4778-net-mscc-ocelot-add-bonding-support.patch
Checking patch drivers/net/ethernet/mscc/ocelot.c...
Checking patch drivers/net/ethernet/mscc/ocelot.h...
git apply status: 0
trying to patch file: patchfile:hello/4779-net-mscc-ocelot-add-VLAN-filtering.patch
Checking patch drivers/net/ethernet/mscc/ocelot.c...
git apply status: 0
trying to patch file: patchfile:hello/4780-net-mscc-simplify-retrieving-the-tag-type-from-the-f.patch
Checking patch drivers/net/ethernet/mscc/ocelot_board.c...
git apply status: 0
trying to patch file: patchfile:hello/4781-net-mscc-fix-the-frame-extraction-into-the-skb.patch
Checking patch drivers/net/ethernet/mscc/ocelot_board.c...
git apply status: 0
trying to patch file: patchfile:hello/4782-net-mscc-ocelot-Fix-comment-in-ocelot_vlant_wait_for.patch
Checking patch drivers/net/ethernet/mscc/ocelot.c...
git apply status: 0
trying to patch file: patchfile:hello/4783-mscc-Configured-MAC-entries-should-be-locked.patch
Checking patch drivers/net/ethernet/mscc/ocelot.c...
git apply status: 0
trying to patch file: patchfile:hello/4784-ocelot-Don-t-sleep-in-atomic-context-irqs_disabled.patch
Checking patch drivers/net/ethernet/mscc/ocelot.c...
git apply status: 0
trying to patch file: patchfile:hello/4785-ocelot-Cancel-delayed-work-before-wq-destruction.patch
Checking patch drivers/net/ethernet/mscc/ocelot.c...
git apply status: 0
trying to patch file: patchfile:hello/4786-enetc-Introduce-basic-PF-and-VF-ENETC-ethernet-drive.patch
Checking patch drivers/net/ethernet/freescale/enetc/Kconfig...
Checking patch drivers/net/ethernet/freescale/enetc/Makefile...
Checking patch drivers/net/ethernet/freescale/enetc/enetc.c...
Checking patch drivers/net/ethernet/freescale/enetc/enetc.h...
Checking patch drivers/net/ethernet/freescale/enetc/enetc_cbdr.c...
Checking patch drivers/net/ethernet/freescale/enetc/enetc_ethtool.c...
Checking patch drivers/net/ethernet/freescale/enetc/enetc_hw.h...
Checking patch drivers/net/ethernet/freescale/enetc/enetc_pf.c...
Checking patch drivers/net/ethernet/freescale/enetc/enetc_pf.h...
Checking patch drivers/net/ethernet/freescale/enetc/enetc_vf.c...
git apply status: 0
trying to patch file: patchfile:hello/4787-enetc-Add-ethtool-statistics.patch
Checking patch drivers/net/ethernet/freescale/enetc/enetc_ethtool.c...
Checking patch drivers/net/ethernet/freescale/enetc/enetc_hw.h...
git apply status: 0
trying to patch file: patchfile:hello/4788-enetc-Add-vf-to-pf-messaging-support.patch
Checking patch drivers/net/ethernet/freescale/enetc/Makefile...
Checking patch drivers/net/ethernet/freescale/enetc/enetc.h...
Checking patch drivers/net/ethernet/freescale/enetc/enetc_hw.h...
Checking patch drivers/net/ethernet/freescale/enetc/enetc_msg.c...
Checking patch drivers/net/ethernet/freescale/enetc/enetc_pf.c...
Checking patch drivers/net/ethernet/freescale/enetc/enetc_pf.h...
Checking patch drivers/net/ethernet/freescale/enetc/enetc_vf.c...
git apply status: 0
trying to patch file: patchfile:hello/4789-enetc-Add-RFS-and-RSS-support.patch
Checking patch drivers/net/ethernet/freescale/enetc/enetc.c...
Checking patch drivers/net/ethernet/freescale/enetc/enetc.h...
Checking patch drivers/net/ethernet/freescale/enetc/enetc_cbdr.c...
Checking patch drivers/net/ethernet/freescale/enetc/enetc_ethtool.c...
Checking patch drivers/net/ethernet/freescale/enetc/enetc_hw.h...
Checking patch drivers/net/ethernet/freescale/enetc/enetc_pf.c...
Checking patch drivers/net/ethernet/freescale/enetc/enetc_vf.c...
git apply status: 0
trying to patch file: patchfile:hello/4790-enetc-include-linux-vmalloc.h-for-vzalloc-etc.patch
Checking patch drivers/net/ethernet/freescale/enetc/enetc.c...
git apply status: 0
trying to patch file: patchfile:hello/4791-enetc-add-PTP-clock-driver.patch
Checking patch drivers/net/ethernet/freescale/enetc/Kconfig...
Checking patch drivers/net/ethernet/freescale/enetc/Makefile...
Checking patch drivers/net/ethernet/freescale/enetc/enetc_hw.h...
Checking patch drivers/net/ethernet/freescale/enetc/enetc_ptp.c...
git apply status: 0
trying to patch file: patchfile:hello/4792-ptp_qoriq-don-t-pass-a-large-struct-by-value-but-ins.patch
Checking patch drivers/net/ethernet/freescale/enetc/enetc_ptp.c...
git apply status: 0
trying to patch file: patchfile:hello/4793-enetc-Add-ENETC-PF-level-external-MDIO-support.patch
Checking patch drivers/net/ethernet/freescale/enetc/Makefile...
Checking patch drivers/net/ethernet/freescale/enetc/enetc_mdio.c...
Checking patch drivers/net/ethernet/freescale/enetc/enetc_pf.c...
Checking patch drivers/net/ethernet/freescale/enetc/enetc_pf.h...
git apply status: 0
trying to patch file: patchfile:hello/4794-dt-bindings-net-freescale-enetc-Add-connection-bindi.patch
Checking patch Documentation/devicetree/bindings/net/fsl-enetc.txt...
git apply status: 0
trying to patch file: patchfile:hello/4795-enetc-Fix-NULL-dma-address-unmap-for-Tx-BD-extension.patch
Checking patch drivers/net/ethernet/freescale/enetc/enetc.c...
git apply status: 0
trying to patch file: patchfile:hello/4796-enetc-Allow-to-disable-Tx-SG.patch
Checking patch drivers/net/ethernet/freescale/enetc/enetc_pf.c...
Checking patch drivers/net/ethernet/freescale/enetc/enetc_vf.c...
git apply status: 0
trying to patch file: patchfile:hello/4797-enetc-Add-missing-link-state-info-for-ethtool.patch
Checking patch drivers/net/ethernet/freescale/enetc/enetc_ethtool.c...
git apply status: 0
trying to patch file: patchfile:hello/4798-enetc-add-hardware-timestamping-support.patch
Checking patch drivers/net/ethernet/freescale/enetc/Kconfig...
Checking patch drivers/net/ethernet/freescale/enetc/enetc.c...
Checking patch drivers/net/ethernet/freescale/enetc/enetc.h...
Checking patch drivers/net/ethernet/freescale/enetc/enetc_hw.h...
Checking patch drivers/net/ethernet/freescale/enetc/enetc_pf.c...
Checking patch drivers/net/ethernet/freescale/enetc/enetc_vf.c...
git apply status: 0
trying to patch file: patchfile:hello/4799-enetc-add-get_ts_info-interface-for-ethtool.patch
Checking patch drivers/net/ethernet/freescale/enetc/enetc.h...
Checking patch drivers/net/ethernet/freescale/enetc/enetc_ethtool.c...
Checking patch drivers/net/ethernet/freescale/enetc/enetc_ptp.c...
git apply status: 0
patch end(4799) reached(4799). 				submit these and comeback and proceed: last patched hello/4799-enetc-add-get_ts_info-interface-for-ethtool.patch
