4535
4585
trying to patch file: patchfile:hello/4535-mm-usercopy-use-memory-range-to-be-accessed-for-wrap.patch
Checking patch mm/usercopy.c...
git apply status: 0
trying to patch file: patchfile:hello/4536-mm-memcontrol.c-fix-use-after-free-in-mem_cgroup_ite.patch
Checking patch mm/memcontrol.c...
git apply status: 0
trying to patch file: patchfile:hello/4537-bpf-get-rid-of-pure_initcall-dependency-to-enable-ji.patch
Checking patch arch/arm/net/bpf_jit_32.c...
Checking patch arch/arm64/net/bpf_jit_comp.c...
Checking patch arch/mips/net/bpf_jit.c...
Checking patch arch/mips/net/ebpf_jit.c...
Checking patch arch/powerpc/net/bpf_jit_comp.c...
Checking patch arch/powerpc/net/bpf_jit_comp64.c...
Checking patch arch/s390/net/bpf_jit_comp.c...
Checking patch arch/sparc/net/bpf_jit_comp_32.c...
Checking patch arch/sparc/net/bpf_jit_comp_64.c...
Checking patch arch/x86/net/bpf_jit_comp.c...
Checking patch kernel/bpf/core.c...
Checking patch net/core/sysctl_net_core.c...
Checking patch net/socket.c...
git apply status: 0
trying to patch file: patchfile:hello/4538-bpf-restrict-access-to-core-bpf-sysctls.patch
Checking patch net/core/sysctl_net_core.c...
git apply status: 0
trying to patch file: patchfile:hello/4539-bpf-add-bpf_jit_limit-knob-to-restrict-unpriv-alloca.patch
Checking patch Documentation/sysctl/net.txt...
Checking patch include/linux/filter.h...
Checking patch kernel/bpf/core.c...
Checking patch net/core/sysctl_net_core.c...
git apply status: 0
trying to patch file: patchfile:hello/4540-x86-mm-Use-WRITE_ONCE-when-setting-PTEs.patch
Checking patch arch/x86/include/asm/pgtable_64.h...
Checking patch arch/x86/mm/pgtable.c...
git apply status: 0
trying to patch file: patchfile:hello/4541-xtensa-add-missing-isync-to-the-cpu_reset-TLB-code.patch
Checking patch arch/xtensa/kernel/setup.c...
git apply status: 0
trying to patch file: patchfile:hello/4542-ALSA-hda-Apply-workaround-for-another-AMD-chip-1022-.patch
Checking patch sound/pci/hda/hda_intel.c...
git apply status: 0
trying to patch file: patchfile:hello/4543-ALSA-hda-Fix-a-memory-leak-bug.patch
Checking patch sound/pci/hda/hda_generic.c...
git apply status: 0
trying to patch file: patchfile:hello/4544-ALSA-hda-Add-a-generic-reboot_notify.patch
Checking patch sound/pci/hda/hda_generic.c...
Checking patch sound/pci/hda/hda_generic.h...
Checking patch sound/pci/hda/patch_conexant.c...
Checking patch sound/pci/hda/patch_realtek.c...
git apply status: 0
trying to patch file: patchfile:hello/4545-ALSA-hda-Let-all-conexant-codec-enter-D3-when-reboot.patch
Checking patch sound/pci/hda/patch_conexant.c...
git apply status: 0
trying to patch file: patchfile:hello/4546-HID-holtek-test-for-sanity-of-intfdata.patch
Checking patch drivers/hid/hid-holtek-kbd.c...
git apply status: 0
trying to patch file: patchfile:hello/4547-HID-hiddev-avoid-opening-a-disconnected-device.patch
Checking patch drivers/hid/usbhid/hiddev.c...
git apply status: 0
trying to patch file: patchfile:hello/4548-HID-hiddev-do-cleanup-in-failure-of-opening-a-device.patch
Checking patch drivers/hid/usbhid/hiddev.c...
git apply status: 0
trying to patch file: patchfile:hello/4549-Input-kbtab-sanity-check-for-endpoint-type.patch
Checking patch drivers/input/tablet/kbtab.c...
git apply status: 0
trying to patch file: patchfile:hello/4550-Input-iforce-add-sanity-checks.patch
Checking patch drivers/input/joystick/iforce/iforce-usb.c...
git apply status: 0
trying to patch file: patchfile:hello/4551-net-usb-pegasus-fix-improper-read-if-get_registers-f.patch
Checking patch drivers/net/usb/pegasus.c...
git apply status: 0
trying to patch file: patchfile:hello/4552-netfilter-ebtables-also-count-base-chain-policies.patch
Checking patch net/bridge/netfilter/ebtables.c...
git apply status: 0
trying to patch file: patchfile:hello/4553-clk-at91-generated-Truncate-divisor-to-GENERATED_MAX.patch
Checking patch drivers/clk/at91/clk-generated.c...
git apply status: 0
trying to patch file: patchfile:hello/4554-clk-renesas-cpg-mssr-Fix-reset-control-race-conditio.patch
Checking patch drivers/clk/renesas/renesas-cpg-mssr.c...
git apply status: 0
trying to patch file: patchfile:hello/4555-xen-pciback-remove-set-but-not-used-variable-old_sta.patch
Checking patch drivers/xen/xen-pciback/conf_space_capability.c...
git apply status: 0
trying to patch file: patchfile:hello/4556-irqchip-gic-v3-its-Free-unused-vpt_page-when-alloc-v.patch
Checking patch drivers/irqchip/irq-gic-v3-its.c...
git apply status: 0
trying to patch file: patchfile:hello/4557-irqchip-irq-imx-gpcv2-Forward-irq-type-to-parent.patch
Checking patch drivers/irqchip/irq-imx-gpcv2.c...
git apply status: 0
trying to patch file: patchfile:hello/4558-perf-header-Fix-divide-by-zero-error-if-f_header.att.patch
Checking patch tools/perf/util/header.c...
git apply status: 0
trying to patch file: patchfile:hello/4559-perf-header-Fix-use-of-unitialized-value-warning.patch
Checking patch tools/perf/util/header.c...
git apply status: 0
trying to patch file: patchfile:hello/4560-libata-zpodd-Fix-small-read-overflow-in-zpodd_get_me.patch
Checking patch drivers/ata/libata-zpodd.c...
git apply status: 0
trying to patch file: patchfile:hello/4561-drm-bridge-lvds-encoder-Fix-build-error-while-CONFIG.patch
Checking patch drivers/gpu/drm/bridge/Kconfig...
git apply status: 0
trying to patch file: patchfile:hello/4562-scsi-hpsa-correct-scsi-command-status-issue-after-re.patch
Checking patch drivers/scsi/hpsa.c...
git apply status: 0
trying to patch file: patchfile:hello/4563-scsi-qla2xxx-Fix-possible-fcport-null-pointer-derefe.patch
Checking patch drivers/scsi/qla2xxx/qla_init.c...
git apply status: 0
trying to patch file: patchfile:hello/4564-ata-libahci-do-not-complain-in-case-of-deferred-prob.patch
Checking patch drivers/ata/libahci_platform.c...
git apply status: 0
trying to patch file: patchfile:hello/4565-kbuild-modpost-handle-KBUILD_EXTRA_SYMBOLS-only-for-.patch
Checking patch scripts/Makefile.modpost...
git apply status: 0
trying to patch file: patchfile:hello/4566-arm64-efi-fix-variable-si-set-but-not-used.patch
Checking patch arch/arm64/include/asm/efi.h...
git apply status: 0
trying to patch file: patchfile:hello/4567-arm64-unwind-Prohibit-probing-on-return_address.patch
Checking patch arch/arm64/kernel/return_address.c...
Checking patch arch/arm64/kernel/stacktrace.c...
git apply status: 0
trying to patch file: patchfile:hello/4568-arm64-mm-fix-variable-pud-set-but-not-used.patch
Checking patch arch/arm64/include/asm/pgtable.h...
Hunk #1 succeeded at 399 (offset 5 lines).
git apply status: 0
trying to patch file: patchfile:hello/4569-IB-core-Add-mitigation-for-Spectre-V1.patch
Checking patch drivers/infiniband/core/user_mad.c...
git apply status: 0
trying to patch file: patchfile:hello/4570-IB-mad-Fix-use-after-free-in-ib-mad-completion-handl.patch
Checking patch drivers/infiniband/core/mad.c...
git apply status: 0
trying to patch file: patchfile:hello/4571-drm-msm-Fix-add_gpu_components.patch
Checking patch drivers/gpu/drm/msm/msm_drv.c...
git apply status: 0
trying to patch file: patchfile:hello/4572-ocfs2-remove-set-but-not-used-variable-last_hash.patch
Checking patch fs/ocfs2/xattr.c...
git apply status: 0
trying to patch file: patchfile:hello/4573-asm-generic-fix-Wtype-limits-compiler-warnings.patch
Checking patch include/asm-generic/getorder.h...
git apply status: 0
trying to patch file: patchfile:hello/4574-KVM-arm-arm64-Sync-ICH_VMCR_EL2-back-when-about-to-b.patch
Checking patch include/kvm/arm_vgic.h...
Checking patch virt/kvm/arm/arm.c...
Checking patch virt/kvm/arm/vgic/vgic-v2.c...
Hunk #1 succeeded at 408 (offset 1 line).
Checking patch virt/kvm/arm/vgic/vgic-v3.c...
Checking patch virt/kvm/arm/vgic/vgic.c...
Checking patch virt/kvm/arm/vgic/vgic.h...
git apply status: 0
trying to patch file: patchfile:hello/4575-staging-comedi-dt3000-Fix-signed-integer-overflow-di.patch
Checking patch drivers/staging/comedi/drivers/dt3000.c...
git apply status: 0
trying to patch file: patchfile:hello/4576-staging-comedi-dt3000-Fix-rounding-up-of-timer-divis.patch
Checking patch drivers/staging/comedi/drivers/dt3000.c...
git apply status: 0
trying to patch file: patchfile:hello/4577-iio-adc-max9611-Fix-temperature-reading-in-probe.patch
Checking patch drivers/iio/adc/max9611.c...
git apply status: 0
trying to patch file: patchfile:hello/4578-USB-core-Fix-races-in-character-device-registration-.patch
Checking patch drivers/usb/core/file.c...
git apply status: 0
trying to patch file: patchfile:hello/4579-usb-gadget-udc-renesas_usb3-Fix-sysfs-interface-of-r.patch
Checking patch drivers/usb/gadget/udc/renesas_usb3.c...
git apply status: 0
trying to patch file: patchfile:hello/4580-usb-cdc-acm-make-sure-a-refcount-is-taken-early-enou.patch
Checking patch drivers/usb/class/cdc-acm.c...
git apply status: 0
trying to patch file: patchfile:hello/4581-USB-CDC-fix-sanity-checks-in-CDC-union-parser.patch
Checking patch drivers/usb/core/message.c...
git apply status: 0
trying to patch file: patchfile:hello/4582-USB-serial-option-add-D-Link-DWM-222-device-ID.patch
Checking patch drivers/usb/serial/option.c...
Hunk #1 succeeded at 1982 (offset 28 lines).
git apply status: 0
trying to patch file: patchfile:hello/4583-USB-serial-option-Add-support-for-ZTE-MF871A.patch
Checking patch drivers/usb/serial/option.c...
Hunk #1 succeeded at 1573 (offset 21 lines).
git apply status: 0
trying to patch file: patchfile:hello/4584-USB-serial-option-add-the-BroadMobi-BM818-card.patch
Checking patch drivers/usb/serial/option.c...
Hunk #1 succeeded at 1990 (offset 28 lines).
git apply status: 0
trying to patch file: patchfile:hello/4585-USB-serial-option-Add-Motorola-modem-UARTs.patch
Checking patch drivers/usb/serial/option.c...
Hunk #1 succeeded at 987 (offset 16 lines).
git apply status: 0
patch end(4585) reached(4585). 				submit these and comeback and proceed: last patched hello/4585-USB-serial-option-Add-Motorola-modem-UARTs.patch
