3905
3955
trying to patch file: patchfile:hello/3905-bpf-udp-Avoid-calling-reuseport-s-bpf_prog-from-udp_.patch
Checking patch net/ipv4/udp.c...
Hunk #1 succeeded at 645 (offset 82 lines).
Checking patch net/ipv6/udp.c...
git apply status: 0
trying to patch file: patchfile:hello/3906-bpf-udp-ipv6-Avoid-running-reuseport-s-bpf_prog-from.patch
Checking patch net/ipv6/udp.c...
git apply status: 0
trying to patch file: patchfile:hello/3907-arm64-futex-Avoid-copying-out-uninitialised-stack-in.patch
Checking patch arch/arm64/include/asm/futex.h...
git apply status: 0
trying to patch file: patchfile:hello/3908-bpf-arm64-use-more-scalable-stadd-over-ldxr-stxr-loo.patch
Checking patch arch/arm64/include/asm/insn.h...
Checking patch arch/arm64/kernel/insn.c...
Checking patch arch/arm64/net/bpf_jit.h...
Checking patch arch/arm64/net/bpf_jit_comp.c...
git apply status: 0
trying to patch file: patchfile:hello/3909-futex-Update-comments-and-docs-about-return-values-o.patch
Checking patch Documentation/robust-futexes.txt...
Checking patch include/asm-generic/futex.h...
git apply status: 0
trying to patch file: patchfile:hello/3910-tipc-pass-tunnel-dev-as-NULL-to-udp_tunnel-6-_xmit_s.patch
Checking patch net/tipc/udp_media.c...
git apply status: 0
trying to patch file: patchfile:hello/3911-arm64-insn-Fix-ldadd-instruction-encoding.patch
Checking patch arch/arm64/include/asm/insn.h...
git apply status: 0
trying to patch file: patchfile:hello/3912-Linux-4.14.132.patch
Checking patch Makefile...
git apply status: 0
trying to patch file: patchfile:hello/3913-Bluetooth-Fix-faulty-expression-for-minimum-encrypti.patch
Checking patch net/bluetooth/l2cap_core.c...
git apply status: 0
trying to patch file: patchfile:hello/3914-ASoC-cs4265-readable-register-too-low.patch
Checking patch sound/soc/codecs/cs4265.c...
git apply status: 0
trying to patch file: patchfile:hello/3915-ASoC-soc-pcm-BE-dai-needs-prepare-when-pause-release.patch
Checking patch sound/soc/soc-pcm.c...
git apply status: 0
trying to patch file: patchfile:hello/3916-spi-bitbang-Fix-NULL-pointer-dereference-in-spi_unre.patch
Checking patch drivers/spi/spi-bitbang.c...
git apply status: 0
trying to patch file: patchfile:hello/3917-drm-mediatek-fix-unbind-functions.patch
Checking patch drivers/gpu/drm/mediatek/mtk_dsi.c...
git apply status: 0
trying to patch file: patchfile:hello/3918-drm-mediatek-call-drm_atomic_helper_shutdown-when-un.patch
Checking patch drivers/gpu/drm/mediatek/mtk_drm_drv.c...
git apply status: 0
trying to patch file: patchfile:hello/3919-drm-mediatek-call-mtk_dsi_stop-after-mtk_drm_crtc_at.patch
Checking patch drivers/gpu/drm/mediatek/mtk_dsi.c...
git apply status: 0
trying to patch file: patchfile:hello/3920-ASoC-max98090-remove-24-bit-format-support-if-RJ-is-.patch
Checking patch sound/soc/codecs/max98090.c...
git apply status: 0
trying to patch file: patchfile:hello/3921-ASoC-sun4i-i2s-Fix-sun8i-tx-channel-offset-mask.patch
Checking patch sound/soc/sunxi/sun4i-i2s.c...
git apply status: 0
trying to patch file: patchfile:hello/3922-ASoC-sun4i-i2s-Add-offset-to-RX-channel-select.patch
Checking patch sound/soc/sunxi/sun4i-i2s.c...
git apply status: 0
trying to patch file: patchfile:hello/3923-usb-gadget-fusb300_udc-Fix-memory-leak-of-fusb300-ep.patch
Checking patch drivers/usb/gadget/udc/fusb300_udc.c...
git apply status: 0
trying to patch file: patchfile:hello/3924-usb-gadget-udc-lpc32xx-allocate-descriptor-with-GFP_.patch
Checking patch drivers/usb/gadget/udc/lpc32xx_udc.c...
git apply status: 0
trying to patch file: patchfile:hello/3925-SoC-rt274-Fix-internal-jack-assignment-in-set_jack-c.patch
Checking patch sound/soc/codecs/rt274.c...
git apply status: 0
trying to patch file: patchfile:hello/3926-scsi-hpsa-correct-ioaccel2-chaining.patch
Checking patch drivers/scsi/hpsa.c...
Checking patch drivers/scsi/hpsa_cmd.h...
git apply status: 0
trying to patch file: patchfile:hello/3927-platform-x86-mlx-platform-Fix-parent-device-in-i2c-m.patch
Checking patch drivers/platform/x86/mlx-platform.c...
git apply status: 0
trying to patch file: patchfile:hello/3928-cpuset-restore-sanity-to-cpuset_cpus_allowed_fallbac.patch
Checking patch kernel/cgroup/cpuset.c...
git apply status: 0
trying to patch file: patchfile:hello/3929-scripts-decode_stacktrace.sh-prefix-addr2line-with-C.patch
Checking patch scripts/decode_stacktrace.sh...
git apply status: 0
trying to patch file: patchfile:hello/3930-mm-mlock.c-change-count_mm_mlocked_page_nr-return-ty.patch
Checking patch mm/mlock.c...
git apply status: 0
trying to patch file: patchfile:hello/3931-module-Fix-livepatch-ftrace-module-text-permissions-.patch
Checking patch kernel/livepatch/core.c...
Checking patch kernel/trace/ftrace.c...
git apply status: 0
trying to patch file: patchfile:hello/3932-ftrace-Fix-NULL-pointer-dereference-in-free_ftrace_f.patch
Checking patch kernel/trace/ftrace.c...
git apply status: 0
trying to patch file: patchfile:hello/3933-MIPS-netlogic-xlr-Remove-erroneous-check-in-nlm_fmn_.patch
Checking patch arch/mips/include/asm/netlogic/xlr/fmn.h...
git apply status: 0
trying to patch file: patchfile:hello/3934-drm-i915-dmc-protect-against-reading-random-memory.patch
Checking patch drivers/gpu/drm/i915/intel_csr.c...
git apply status: 0
trying to patch file: patchfile:hello/3935-ptrace-Fix-ptracer_cred-handling-for-PTRACE_TRACEME.patch
Checking patch kernel/ptrace.c...
git apply status: 0
trying to patch file: patchfile:hello/3936-crypto-user-prevent-operating-on-larval-algorithms.patch
Checking patch crypto/crypto_user.c...
git apply status: 0
trying to patch file: patchfile:hello/3937-crypto-cryptd-Fix-skcipher-instance-memory-leak.patch
Checking patch crypto/cryptd.c...
git apply status: 0
trying to patch file: patchfile:hello/3938-ALSA-seq-fix-incorrect-order-of-dest_client-dest_por.patch
Checking patch sound/core/seq/oss/seq_oss_ioctl.c...
Checking patch sound/core/seq/oss/seq_oss_rw.c...
git apply status: 0
trying to patch file: patchfile:hello/3939-ALSA-firewire-lib-fireworks-fix-miss-detection-of-re.patch
Checking patch sound/firewire/amdtp-am824.c...
git apply status: 0
trying to patch file: patchfile:hello/3940-ALSA-line6-Fix-write-on-zero-sized-buffer.patch
Checking patch sound/usb/line6/pcm.c...
git apply status: 0
trying to patch file: patchfile:hello/3941-ALSA-usb-audio-fix-sign-unintended-sign-extension-on.patch
Checking patch sound/usb/mixer_quirks.c...
git apply status: 0
trying to patch file: patchfile:hello/3942-ALSA-hda-realtek-Change-front-mic-location-for-Lenov.patch
Checking patch sound/pci/hda/patch_realtek.c...
git apply status: 0
trying to patch file: patchfile:hello/3943-lib-mpi-Fix-karactx-leak-in-mpi_powm.patch
Checking patch lib/mpi/mpi-pow.c...
git apply status: 0
trying to patch file: patchfile:hello/3944-tracing-snapshot-Resize-spare-buffer-if-size-changed.patch
Checking patch kernel/trace/trace.c...
git apply status: 0
trying to patch file: patchfile:hello/3945-arm64-kaslr-keep-modules-inside-module-region-when-K.patch
Checking patch arch/arm64/kernel/module.c...
git apply status: 0
trying to patch file: patchfile:hello/3946-drm-amdgpu-gfx9-use-reset-default-for-PA_SC_FIFO_SIZ.patch
Checking patch drivers/gpu/drm/amd/amdgpu/gfx_v9_0.c...
git apply status: 0
trying to patch file: patchfile:hello/3947-drm-imx-notify-drm-core-before-sending-event-during-.patch
Checking patch drivers/gpu/drm/imx/ipuv3-crtc.c...
git apply status: 0
trying to patch file: patchfile:hello/3948-drm-imx-only-send-event-on-crtc-disable-if-kept-disa.patch
Checking patch drivers/gpu/drm/imx/ipuv3-crtc.c...
git apply status: 0
trying to patch file: patchfile:hello/3949-ftrace-x86-Remove-possible-deadlock-between-register.patch
Checking patch arch/x86/kernel/ftrace.c...
Checking patch kernel/trace/ftrace.c...
git apply status: 0
trying to patch file: patchfile:hello/3950-mm-vmscan.c-prevent-useless-kswapd-loops.patch
Checking patch mm/vmscan.c...
git apply status: 0
trying to patch file: patchfile:hello/3951-btrfs-Ensure-replaced-device-doesn-t-have-pending-ch.patch
Checking patch fs/btrfs/dev-replace.c...
Checking patch fs/btrfs/volumes.c...
Checking patch fs/btrfs/volumes.h...
git apply status: 0
trying to patch file: patchfile:hello/3952-vhost-net-set-packet-weight-of-tx-polling-to-2-vq-si.patch
Checking patch drivers/vhost/net.c...
git apply status: 0
trying to patch file: patchfile:hello/3953-vhost_net-use-packet-weight-for-rx-handler-too.patch
Checking patch drivers/vhost/net.c...
git apply status: 0
trying to patch file: patchfile:hello/3954-vhost_net-introduce-vhost_exceeds_weight.patch
Checking patch drivers/vhost/net.c...
git apply status: 0
trying to patch file: patchfile:hello/3955-vhost-introduce-vhost_exceeds_weight.patch
Checking patch drivers/vhost/net.c...
Checking patch drivers/vhost/scsi.c...
Checking patch drivers/vhost/vhost.c...
Checking patch drivers/vhost/vhost.h...
Checking patch drivers/vhost/vsock.c...
git apply status: 0
patch end(3955) reached(3955). 				submit these and comeback and proceed: last patched hello/3955-vhost-introduce-vhost_exceeds_weight.patch
