2022
2072
trying to patch file: patchfile:hello/2022-scsi-libiscsi-Fix-race-between-iscsi_xmit_task-and-i.patch
checking file drivers/scsi/libiscsi.c
patching file drivers/scsi/libiscsi.c
patch status: 0
trying to patch file: patchfile:hello/2023-net-systemport-Fix-reception-of-BPDUs.patch
checking file drivers/net/ethernet/broadcom/bcmsysport.c
patching file drivers/net/ethernet/broadcom/bcmsysport.c
patch status: 0
trying to patch file: patchfile:hello/2024-pinctrl-meson-meson8b-fix-the-sdxc_a-data-1.3-pins.patch
checking file drivers/pinctrl/meson/pinctrl-meson8b.c
patching file drivers/pinctrl/meson/pinctrl-meson8b.c
patch status: 0
trying to patch file: patchfile:hello/2025-qmi_wwan-apply-SET_DTR-quirk-to-Sierra-WP7607.patch
checking file drivers/net/usb/qmi_wwan.c
patching file drivers/net/usb/qmi_wwan.c
patch status: 0
trying to patch file: patchfile:hello/2026-net-mv643xx_eth-disable-clk-on-error-path-in-mv643xx.patch
checking file drivers/net/ethernet/marvell/mv643xx_eth.c
patching file drivers/net/ethernet/marvell/mv643xx_eth.c
patch status: 0
trying to patch file: patchfile:hello/2027-mailbox-bcm-flexrm-mailbox-Fix-FlexRM-ring-flush-tim.patch
checking file drivers/mailbox/bcm-flexrm-mailbox.c
patching file drivers/mailbox/bcm-flexrm-mailbox.c
patch status: 0
trying to patch file: patchfile:hello/2028-ASoC-topology-free-created-components-in-tplg-load-e.patch
checking file sound/soc/soc-topology.c
patching file sound/soc/soc-topology.c
patch status: 0
trying to patch file: patchfile:hello/2029-qed-Fix-iWARP-syn-packet-mac-address-validation.patch
checking file drivers/net/ethernet/qlogic/qed/qed_iwarp.c
patching file drivers/net/ethernet/qlogic/qed/qed_iwarp.c
patch status: 0
trying to patch file: patchfile:hello/2030-arm64-Relax-GIC-version-check-during-early-boot.patch
checking file arch/arm64/kernel/head.S
patching file arch/arm64/kernel/head.S
patch status: 0
trying to patch file: patchfile:hello/2031-net-marvell-mvneta-fix-DMA-debug-warning.patch
checking file drivers/net/ethernet/marvell/mvneta.c
patching file drivers/net/ethernet/marvell/mvneta.c
patch status: 0
trying to patch file: patchfile:hello/2032-tmpfs-fix-link-accounting-when-a-tmpfile-is-linked-i.patch
checking file mm/shmem.c
patching file mm/shmem.c
patch status: 0
trying to patch file: patchfile:hello/2033-ixgbe-fix-older-devices-that-do-not-support-IXGBE_MR.patch
checking file drivers/net/ethernet/intel/ixgbe/ixgbe_main.c
patching file drivers/net/ethernet/intel/ixgbe/ixgbe_main.c
patch status: 0
trying to patch file: patchfile:hello/2034-ARCv2-lib-memcpy-fix-doing-prefetchw-outside-of-buff.patch
checking file arch/arc/lib/memcpy-archs.S
patching file arch/arc/lib/memcpy-archs.S
patch status: 0
trying to patch file: patchfile:hello/2035-ARC-uacces-remove-lp_start-lp_end-from-clobber-list.patch
checking file arch/arc/include/asm/uaccess.h
patching file arch/arc/include/asm/uaccess.h
patch status: 0
trying to patch file: patchfile:hello/2036-ARCv2-support-manual-regfile-save-on-interrupts.patch
checking file arch/arc/Kconfig
checking file arch/arc/include/asm/entry-arcv2.h
checking file arch/arc/kernel/entry-arcv2.S
checking file arch/arc/kernel/intc-arcv2.c
checking file arch/arc/plat-hsdk/Kconfig
patching file arch/arc/Kconfig
patching file arch/arc/include/asm/entry-arcv2.h
patching file arch/arc/kernel/entry-arcv2.S
patching file arch/arc/kernel/intc-arcv2.c
patching file arch/arc/plat-hsdk/Kconfig
patch status: 0
trying to patch file: patchfile:hello/2037-phonet-fix-building-with-clang.patch
checking file include/net/phonet/pep.h
checking file net/phonet/pep.c
patching file include/net/phonet/pep.h
patching file net/phonet/pep.c
patch status: 0
trying to patch file: patchfile:hello/2038-mac80211_hwsim-propagate-genlmsg_reply-return-code.patch
checking file drivers/net/wireless/mac80211_hwsim.c
patching file drivers/net/wireless/mac80211_hwsim.c
patch status: 0
trying to patch file: patchfile:hello/2039-net-thunderx-make-CFG_DONE-message-to-run-through-ge.patch
checking file drivers/net/ethernet/cavium/thunder/nic_main.c
checking file drivers/net/ethernet/cavium/thunder/nicvf_main.c
patching file drivers/net/ethernet/cavium/thunder/nic_main.c
patching file drivers/net/ethernet/cavium/thunder/nicvf_main.c
patch status: 0
trying to patch file: patchfile:hello/2040-nfp-bpf-fix-code-gen-bug-on-BPF_ALU-BPF_XOR-BPF_K.patch
checking file drivers/net/ethernet/netronome/nfp/bpf/jit.c
patching file drivers/net/ethernet/netronome/nfp/bpf/jit.c
patch status: 0
trying to patch file: patchfile:hello/2041-nfp-bpf-fix-ALU32-high-bits-clearance-bug.patch
checking file drivers/net/ethernet/netronome/nfp/bpf/jit.c
patching file drivers/net/ethernet/netronome/nfp/bpf/jit.c
patch status: 0
trying to patch file: patchfile:hello/2042-net-set-static-variable-an-initial-value-in-atl2_pro.patch
checking file drivers/net/ethernet/atheros/atlx/atl2.c
patching file drivers/net/ethernet/atheros/atlx/atl2.c
patch status: 0
trying to patch file: patchfile:hello/2043-tmpfs-fix-uninitialized-return-value-in-shmem_link.patch
checking file mm/shmem.c
patching file mm/shmem.c
patch status: 0
trying to patch file: patchfile:hello/2044-media-videobuf2-v4l2-drop-WARN_ON-in-vb2_warn_zero_b.patch
checking file drivers/media/v4l2-core/videobuf2-v4l2.c
patching file drivers/media/v4l2-core/videobuf2-v4l2.c
patch status: 0
trying to patch file: patchfile:hello/2045-stm-class-Prevent-division-by-zero.patch
checking file drivers/hwtracing/stm/core.c
patching file drivers/hwtracing/stm/core.c
patch status: 0
trying to patch file: patchfile:hello/2046-libnvdimm-label-Clear-updating-flag-after-label-set-.patch
checking file drivers/nvdimm/label.c
patching file drivers/nvdimm/label.c
patch status: 0
trying to patch file: patchfile:hello/2047-libnvdimm-pfn-Fix-over-trim-in-trim_pfn_device.patch
checking file drivers/nvdimm/pfn_devs.c
patching file drivers/nvdimm/pfn_devs.c
patch status: 0
trying to patch file: patchfile:hello/2048-libnvdimm-pmem-Honor-force_raw-for-legacy-pmem-regio.patch
checking file drivers/nvdimm/namespace_devs.c
patching file drivers/nvdimm/namespace_devs.c
patch status: 0
trying to patch file: patchfile:hello/2049-libnvdimm-Fix-altmap-reservation-size-calculation.patch
checking file drivers/nvdimm/pfn_devs.c
patching file drivers/nvdimm/pfn_devs.c
patch status: 0
trying to patch file: patchfile:hello/2050-fix-cgroup_do_mount-handling-of-failure-exits.patch
checking file fs/kernfs/mount.c
checking file kernel/cgroup/cgroup.c
patching file fs/kernfs/mount.c
patching file kernel/cgroup/cgroup.c
patch status: 0
trying to patch file: patchfile:hello/2051-crypto-arm-crct10dif-revert-to-C-code-for-short-inpu.patch
checking file arch/arm/crypto/crct10dif-ce-core.S
checking file arch/arm/crypto/crct10dif-ce-glue.c
patching file arch/arm/crypto/crct10dif-ce-core.S
patching file arch/arm/crypto/crct10dif-ce-glue.c
patch status: 0
trying to patch file: patchfile:hello/2052-crypto-arm64-crct10dif-revert-to-C-code-for-short-in.patch
checking file arch/arm64/crypto/crct10dif-ce-glue.c
patching file arch/arm64/crypto/crct10dif-ce-glue.c
patch status: 0
trying to patch file: patchfile:hello/2053-crypto-hash-set-CRYPTO_TFM_NEED_KEY-if-setkey-fails.patch
checking file crypto/ahash.c
checking file crypto/shash.c
patching file crypto/ahash.c
patching file crypto/shash.c
patch status: 0
trying to patch file: patchfile:hello/2054-crypto-testmgr-skip-crc32c-context-test-for-ahash-al.patch
checking file crypto/testmgr.c
Hunk #1 succeeded at 2104 (offset 265 lines).
Hunk #2 succeeded at 2145 (offset 265 lines).
patching file crypto/testmgr.c
Hunk #1 succeeded at 2104 (offset 265 lines).
Hunk #2 succeeded at 2145 (offset 265 lines).
patch status: 0
trying to patch file: patchfile:hello/2055-crypto-arm64-aes-ccm-fix-logical-bug-in-AAD-MAC-hand.patch
checking file arch/arm64/crypto/aes-ce-ccm-core.S
patching file arch/arm64/crypto/aes-ce-ccm-core.S
patch status: 0
trying to patch file: patchfile:hello/2056-crypto-arm64-aes-ccm-fix-bugs-in-non-NEON-fallback-r.patch
checking file arch/arm64/crypto/aes-ce-ccm-glue.c
patching file arch/arm64/crypto/aes-ce-ccm-glue.c
patch status: 0
trying to patch file: patchfile:hello/2057-CIFS-Do-not-reset-lease-state-to-NONE-on-lease-break.patch
checking file fs/cifs/smb2misc.c
checking file fs/cifs/smb2ops.c
patching file fs/cifs/smb2misc.c
patching file fs/cifs/smb2ops.c
patch status: 0
trying to patch file: patchfile:hello/2058-CIFS-Fix-read-after-write-for-files-with-read-cachin.patch
checking file fs/cifs/file.c
patching file fs/cifs/file.c
patch status: 0
trying to patch file: patchfile:hello/2059-tracing-Use-strncpy-instead-of-memcpy-for-string-key.patch
checking file kernel/trace/trace_events_hist.c
patching file kernel/trace/trace_events_hist.c
patch status: 0
trying to patch file: patchfile:hello/2060-tracing-Do-not-free-iter-trace-in-fail-path-of-traci.patch
checking file kernel/trace/trace.c
patching file kernel/trace/trace.c
patch status: 0
trying to patch file: patchfile:hello/2061-xen-fix-dom0-boot-on-huge-systems.patch
checking file arch/x86/xen/mmu_pv.c
patching file arch/x86/xen/mmu_pv.c
patch status: 0
trying to patch file: patchfile:hello/2062-ACPI-device_sysfs-Avoid-OF-modalias-creation-for-rem.patch
checking file drivers/acpi/device_sysfs.c
patching file drivers/acpi/device_sysfs.c
patch status: 0
trying to patch file: patchfile:hello/2063-mmc-sdhci-esdhc-imx-fix-HS400-timing-issue.patch
checking file drivers/mmc/host/sdhci-esdhc-imx.c
patching file drivers/mmc/host/sdhci-esdhc-imx.c
patch status: 0
trying to patch file: patchfile:hello/2064-spi-ti-qspi-Fix-mmap-read-when-more-than-one-CS-in-u.patch
checking file drivers/spi/spi-ti-qspi.c
patching file drivers/spi/spi-ti-qspi.c
patch status: 0
trying to patch file: patchfile:hello/2065-spi-pxa2xx-Setup-maximum-supported-DMA-transfer-leng.patch
checking file drivers/spi/spi-pxa2xx.c
patching file drivers/spi/spi-pxa2xx.c
patch status: 0
trying to patch file: patchfile:hello/2066-regulator-s2mps11-Fix-steps-for-buck7-buck8-and-LDO3.patch
checking file drivers/regulator/s2mps11.c
patching file drivers/regulator/s2mps11.c
patch status: 0
trying to patch file: patchfile:hello/2067-regulator-max77620-Initialize-values-for-DT-properti.patch
checking file drivers/regulator/max77620-regulator.c
patching file drivers/regulator/max77620-regulator.c
patch status: 0
trying to patch file: patchfile:hello/2068-regulator-s2mpa01-Fix-step-values-for-some-LDOs.patch
checking file drivers/regulator/s2mpa01.c
patching file drivers/regulator/s2mpa01.c
patch status: 0
trying to patch file: patchfile:hello/2069-clocksource-drivers-exynos_mct-Move-one-shot-check-f.patch
checking file drivers/clocksource/exynos_mct.c
patching file drivers/clocksource/exynos_mct.c
patch status: 0
trying to patch file: patchfile:hello/2070-clocksource-drivers-exynos_mct-Clear-timer-interrupt.patch
checking file drivers/clocksource/exynos_mct.c
patching file drivers/clocksource/exynos_mct.c
patch status: 0
trying to patch file: patchfile:hello/2071-s390-setup-fix-early-warning-messages.patch
checking file arch/s390/kernel/setup.c
patching file arch/s390/kernel/setup.c
patch status: 0
trying to patch file: patchfile:hello/2072-s390-virtio-handle-find-on-invalid-queue-gracefully.patch
checking file drivers/s390/virtio/virtio_ccw.c
patching file drivers/s390/virtio/virtio_ccw.c
patch status: 0
patch end(2072) reached(2072). 				submit these and comeback and proceed: last patched hello/2072-s390-virtio-handle-find-on-invalid-queue-gracefully.patch
