3811
3861
trying to patch file: patchfile:hello/3811-infiniband-fix-race-condition-between-infiniband-mlx.patch
Checking patch drivers/infiniband/hw/mlx4/main.c...
Checking patch drivers/infiniband/hw/mlx5/main.c...
git apply status: 0
trying to patch file: patchfile:hello/3812-Abort-file_remove_privs-for-non-reg.-files.patch
Checking patch fs/inode.c...
git apply status: 0
trying to patch file: patchfile:hello/3813-Linux-4.14.129.patch
Checking patch Makefile...
git apply status: 0
trying to patch file: patchfile:hello/3814-tracing-Silence-GCC-9-array-bounds-warning.patch
Checking patch kernel/trace/trace.c...
Checking patch kernel/trace/trace.h...
Checking patch kernel/trace/trace_kdb.c...
git apply status: 0
trying to patch file: patchfile:hello/3815-objtool-Support-per-function-rodata-sections.patch
Checking patch tools/objtool/check.c...
Checking patch tools/objtool/check.h...
Checking patch tools/objtool/elf.c...
Checking patch tools/objtool/elf.h...
git apply status: 0
trying to patch file: patchfile:hello/3816-gcc-9-silence-address-of-packed-member-warning.patch
Checking patch Makefile...
Hunk #1 succeeded at 652 (offset 2 lines).
Hunk #2 succeeded at 719 (offset 2 lines).
git apply status: 0
trying to patch file: patchfile:hello/3817-net-phy-broadcom-Use-strlcpy-for-ethtool-get_strings.patch
Checking patch drivers/net/phy/bcm-phy-lib.c...
git apply status: 0
trying to patch file: patchfile:hello/3818-mmc-core-Prevent-processing-SDIO-IRQs-when-the-card-.patch
Checking patch drivers/mmc/core/sdio.c...
Checking patch drivers/mmc/core/sdio_irq.c...
git apply status: 0
trying to patch file: patchfile:hello/3819-scsi-ufs-Avoid-runtime-suspend-possibly-being-blocke.patch
Checking patch drivers/scsi/ufs/ufshcd-pltfrm.c...
git apply status: 0
trying to patch file: patchfile:hello/3820-usb-chipidea-udc-workaround-for-endpoint-conflict-is.patch
Checking patch drivers/usb/chipidea/udc.c...
git apply status: 0
trying to patch file: patchfile:hello/3821-IB-hfi1-Silence-txreq-allocation-warnings.patch
Checking patch drivers/infiniband/hw/hfi1/verbs_txreq.c...
Checking patch drivers/infiniband/hw/hfi1/verbs_txreq.h...
git apply status: 0
trying to patch file: patchfile:hello/3822-Input-synaptics-enable-SMBus-on-ThinkPad-E480-and-E5.patch
Checking patch drivers/input/mouse/synaptics.c...
git apply status: 0
trying to patch file: patchfile:hello/3823-Input-uinput-add-compat-ioctl-number-translation-for.patch
Checking patch drivers/input/misc/uinput.c...
git apply status: 0
trying to patch file: patchfile:hello/3824-apparmor-enforce-nullbyte-at-end-of-tag-string.patch
Checking patch security/apparmor/policy_unpack.c...
git apply status: 0
trying to patch file: patchfile:hello/3825-ARC-fix-build-warnings.patch
Checking patch arch/arc/include/asm/cmpxchg.h...
Checking patch arch/arc/mm/tlb.c...
git apply status: 0
trying to patch file: patchfile:hello/3826-ARC-plat-hsdk-Add-missing-multicast-filter-bins-numb.patch
Checking patch arch/arc/boot/dts/hsdk.dts...
git apply status: 0
trying to patch file: patchfile:hello/3827-ARC-plat-hsdk-Add-missing-FIFO-size-entry-in-GMAC-no.patch
Checking patch arch/arc/boot/dts/hsdk.dts...
git apply status: 0
trying to patch file: patchfile:hello/3828-parport-Fix-mem-leak-in-parport_register_dev_model.patch
Checking patch drivers/parport/share.c...
git apply status: 0
trying to patch file: patchfile:hello/3829-parisc-Fix-compiler-warnings-in-float-emulation-code.patch
Checking patch arch/parisc/math-emu/cnv_float.h...
git apply status: 0
trying to patch file: patchfile:hello/3830-IB-rdmavt-Fix-alloc_qpn-WARN_ON.patch
Checking patch drivers/infiniband/sw/rdmavt/qp.c...
git apply status: 0
trying to patch file: patchfile:hello/3831-IB-hfi1-Insure-freeze_work-work_struct-is-canceled-o.patch
Checking patch drivers/infiniband/hw/hfi1/chip.c...
git apply status: 0
trying to patch file: patchfile:hello/3832-IB-qib-hfi1-rdmavt-Correct-ibv_devinfo-max_mr-value.patch
Checking patch drivers/infiniband/hw/hfi1/verbs.c...
Checking patch drivers/infiniband/hw/qib/qib_verbs.c...
Checking patch drivers/infiniband/sw/rdmavt/mr.c...
git apply status: 0
trying to patch file: patchfile:hello/3833-IB-hfi1-Validate-page-aligned-for-a-given-virtual-ad.patch
Checking patch drivers/infiniband/hw/hfi1/user_exp_rcv.c...
git apply status: 0
trying to patch file: patchfile:hello/3834-MIPS-uprobes-remove-set-but-not-used-variable-epc.patch
Checking patch arch/mips/kernel/uprobes.c...
git apply status: 0
trying to patch file: patchfile:hello/3835-xtensa-Fix-section-mismatch-between-memblock_reserve.patch
Checking patch arch/xtensa/kernel/setup.c...
git apply status: 0
trying to patch file: patchfile:hello/3836-net-dsa-mv88e6xxx-avoid-error-message-on-remove-from.patch
Checking patch drivers/net/dsa/mv88e6xxx/chip.c...
Hunk #1 succeeded at 1122 (offset 47 lines).
git apply status: 0
trying to patch file: patchfile:hello/3837-net-hns-Fix-loopback-test-failed-at-copper-ports.patch
Checking patch drivers/net/ethernet/hisilicon/hns/hns_ethtool.c...
git apply status: 0
trying to patch file: patchfile:hello/3838-mdesc-fix-a-missing-check-bug-in-get_vdev_port_node_.patch
Checking patch arch/sparc/kernel/mdesc.c...
git apply status: 0
trying to patch file: patchfile:hello/3839-sparc-perf-fix-updated-event-period-in-response-to-P.patch
Checking patch arch/sparc/kernel/perf_event.c...
git apply status: 0
trying to patch file: patchfile:hello/3840-net-ethernet-mediatek-Use-hw_feature-to-judge-if-HWL.patch
Checking patch drivers/net/ethernet/mediatek/mtk_eth_soc.c...
git apply status: 0
trying to patch file: patchfile:hello/3841-net-ethernet-mediatek-Use-NET_IP_ALIGN-to-judge-if-H.patch
Checking patch drivers/net/ethernet/mediatek/mtk_eth_soc.c...
git apply status: 0
trying to patch file: patchfile:hello/3842-drm-arm-hdlcd-Actually-validate-CRTC-modes.patch
Checking patch drivers/gpu/drm/arm/hdlcd_crtc.c...
git apply status: 0
trying to patch file: patchfile:hello/3843-drm-arm-hdlcd-Allow-a-bit-of-clock-tolerance.patch
Checking patch drivers/gpu/drm/arm/hdlcd_crtc.c...
git apply status: 0
trying to patch file: patchfile:hello/3844-scripts-checkstack.pl-Fix-arm64-wrong-or-unknown-arc.patch
Checking patch scripts/checkstack.pl...
git apply status: 0
trying to patch file: patchfile:hello/3845-scsi-ufs-Check-that-space-was-properly-alloced-in-co.patch
Checking patch drivers/scsi/ufs/ufshcd.c...
git apply status: 0
trying to patch file: patchfile:hello/3846-scsi-smartpqi-unlock-on-error-in-pqi_submit_raid_req.patch
Checking patch drivers/scsi/smartpqi/smartpqi_init.c...
git apply status: 0
trying to patch file: patchfile:hello/3847-net-ipvlan-Fix-ipvlan-device-tso-disabled-while-NETI.patch
Checking patch drivers/net/ipvlan/ipvlan_main.c...
git apply status: 0
trying to patch file: patchfile:hello/3848-s390-qeth-fix-VLAN-attribute-in-bridge_hostnotify-ud.patch
Checking patch drivers/s390/net/qeth_l2_main.c...
git apply status: 0
trying to patch file: patchfile:hello/3849-hwmon-core-add-thermal-sensors-only-if-dev-of_node-i.patch
Checking patch drivers/hwmon/hwmon.c...
git apply status: 0
trying to patch file: patchfile:hello/3850-hwmon-pmbus-core-Treat-parameters-as-paged-if-on-mul.patch
Checking patch drivers/hwmon/pmbus/pmbus_core.c...
git apply status: 0
trying to patch file: patchfile:hello/3851-nvme-Fix-u32-overflow-in-the-number-of-namespace-lis.patch
Checking patch drivers/nvme/host/core.c...
git apply status: 0
trying to patch file: patchfile:hello/3852-btrfs-start-readahead-also-in-seed-devices.patch
Checking patch fs/btrfs/reada.c...
git apply status: 0
trying to patch file: patchfile:hello/3853-can-flexcan-fix-timeout-when-set-small-bitrate.patch
Checking patch drivers/net/can/flexcan.c...
Hunk #1 succeeded at 206 (offset 29 lines).
git apply status: 0
trying to patch file: patchfile:hello/3854-can-purge-socket-error-queue-on-sock-destruct.patch
Checking patch net/can/af_can.c...
git apply status: 0
trying to patch file: patchfile:hello/3855-powerpc-bpf-use-unsigned-division-instruction-for-64.patch
Checking patch arch/powerpc/include/asm/ppc-opcode.h...
Checking patch arch/powerpc/net/bpf_jit.h...
Checking patch arch/powerpc/net/bpf_jit_comp64.c...
git apply status: 0
trying to patch file: patchfile:hello/3856-ARM-imx-cpuidle-imx6sx-Restrict-the-SW2ISO-increase-.patch
Checking patch arch/arm/mach-imx/cpuidle-imx6sx.c...
git apply status: 0
trying to patch file: patchfile:hello/3857-ARM-dts-am57xx-idk-Remove-support-for-voltage-switch.patch
Checking patch arch/arm/boot/dts/am57xx-idk-common.dtsi...
git apply status: 0
trying to patch file: patchfile:hello/3858-Bluetooth-Align-minimum-encryption-key-size-for-LE-a.patch
Checking patch include/net/bluetooth/hci_core.h...
Checking patch net/bluetooth/hci_conn.c...
git apply status: 0
trying to patch file: patchfile:hello/3859-Bluetooth-Fix-regression-with-minimum-encryption-key.patch
Checking patch net/bluetooth/hci_conn.c...
Checking patch net/bluetooth/l2cap_core.c...
git apply status: 0
trying to patch file: patchfile:hello/3860-SMB3-retry-on-STATUS_INSUFFICIENT_RESOURCES-instead-.patch
Checking patch fs/cifs/smb2maperror.c...
git apply status: 0
trying to patch file: patchfile:hello/3861-cfg80211-fix-memory-leak-of-wiphy-device-name.patch
Checking patch net/wireless/core.c...
git apply status: 0
patch end(3861) reached(3861). 				submit these and comeback and proceed: last patched hello/3861-cfg80211-fix-memory-leak-of-wiphy-device-name.patch
