4800
4850
trying to patch file: patchfile:hello/4800-enetc-fix-le32-le16-degrading-to-integer-warnings.patch
Checking patch drivers/net/ethernet/freescale/enetc/enetc.c...
git apply status: 0
trying to patch file: patchfile:hello/4801-enetc-Enable-TC-offloading-with-mqprio.patch
Checking patch drivers/net/ethernet/freescale/enetc/enetc.c...
Checking patch drivers/net/ethernet/freescale/enetc/enetc.h...
Checking patch drivers/net/ethernet/freescale/enetc/enetc_hw.h...
Checking patch drivers/net/ethernet/freescale/enetc/enetc_pf.c...
Checking patch drivers/net/ethernet/freescale/enetc/enetc_vf.c...
git apply status: 0
trying to patch file: patchfile:hello/4802-ocelot-Filter-out-ocelot-SoC-specific-PCS-config-fro.patch
Checking patch drivers/net/ethernet/mscc/ocelot.c...
Checking patch drivers/net/ethernet/mscc/ocelot.h...
Checking patch drivers/net/ethernet/mscc/ocelot_regs.c...
git apply status: 0
trying to patch file: patchfile:hello/4803-ocelot-Refactor-common-ocelot-probing-code-to-ocelot.patch
Checking patch drivers/net/ethernet/mscc/ocelot.c...
Checking patch drivers/net/ethernet/mscc/ocelot_board.c...
git apply status: 0
trying to patch file: patchfile:hello/4804-ocelot-Factor-out-resource-ioremap-and-regmap-init-c.patch
Checking patch drivers/net/ethernet/mscc/ocelot.h...
Checking patch drivers/net/ethernet/mscc/ocelot_board.c...
Checking patch drivers/net/ethernet/mscc/ocelot_io.c...
git apply status: 0
trying to patch file: patchfile:hello/4805-net-mssc-ocelot-Add-basic-Felix-switch-driver.patch
Checking patch drivers/net/ethernet/mscc/Kconfig...
Checking patch drivers/net/ethernet/mscc/Makefile...
Checking patch drivers/net/ethernet/mscc/felix_board.c...
Checking patch drivers/net/ethernet/mscc/felix_regs.c...
Checking patch drivers/net/ethernet/mscc/ocelot.h...
git apply status: 0
trying to patch file: patchfile:hello/4806-enetc-Clean-up-local-mdio-bus-allocation.patch
Checking patch drivers/net/ethernet/freescale/enetc/enetc_mdio.c...
git apply status: 0
trying to patch file: patchfile:hello/4807-enetc-Clean-up-makefile.patch
Checking patch drivers/net/ethernet/freescale/enetc/Makefile...
git apply status: 0
trying to patch file: patchfile:hello/4808-enetc-Add-mdio-bus-driver-for-the-PCIe-MDIO-endpoint.patch
Checking patch drivers/net/ethernet/freescale/enetc/Kconfig...
Checking patch drivers/net/ethernet/freescale/enetc/Makefile...
Checking patch drivers/net/ethernet/freescale/enetc/enetc_mdio.c...
Checking patch drivers/net/ethernet/freescale/enetc/enetc_mdio.h...
Checking patch drivers/net/ethernet/freescale/enetc/enetc_pci_mdio.c...
Checking patch drivers/net/ethernet/freescale/enetc/enetc_pf.c...
git apply status: 0
trying to patch file: patchfile:hello/4809-felix-Add-packet-injection-extraction-mechanism.patch
Checking patch drivers/net/ethernet/mscc/felix_board.c...
Checking patch drivers/net/ethernet/mscc/ocelot.c...
Checking patch drivers/net/ethernet/mscc/ocelot.h...
git apply status: 0
trying to patch file: patchfile:hello/4810-felix-add-PTP-registers-definitions.patch
Checking patch drivers/net/ethernet/mscc/felix_board.c...
Checking patch drivers/net/ethernet/mscc/felix_regs.c...
Checking patch drivers/net/ethernet/mscc/ocelot.h...
Checking patch drivers/net/ethernet/mscc/ocelot_ptp.h...
git apply status: 0
trying to patch file: patchfile:hello/4811-felix-add-PTP-clock-support.patch
Checking patch drivers/net/ethernet/mscc/Kconfig...
Checking patch drivers/net/ethernet/mscc/Makefile...
Checking patch drivers/net/ethernet/mscc/felix_board.c...
Checking patch drivers/net/ethernet/mscc/felix_ptp.c...
Checking patch drivers/net/ethernet/mscc/ocelot.h...
git apply status: 0
trying to patch file: patchfile:hello/4812-felix-export-felix_ptp_gettime.patch
Checking patch drivers/net/ethernet/mscc/felix_ptp.c...
Checking patch drivers/net/ethernet/mscc/ocelot.h...
git apply status: 0
trying to patch file: patchfile:hello/4813-felix-add-hardware-timestamping-support.patch
Checking patch drivers/net/ethernet/mscc/felix_board.c...
Checking patch drivers/net/ethernet/mscc/ocelot.c...
Checking patch drivers/net/ethernet/mscc/ocelot.h...
git apply status: 0
trying to patch file: patchfile:hello/4814-ocelot-add-get_ts_info-interface-for-ethtool.patch
Checking patch drivers/net/ethernet/mscc/ocelot.c...
git apply status: 0
trying to patch file: patchfile:hello/4815-net-tsn-add-an-netlink-interface-between-kernel-and-.patch
Checking patch include/net/tsn.h...
Checking patch include/uapi/linux/tsn.h...
Checking patch net/tsn/Kconfig...
Checking patch net/tsn/Makefile...
Checking patch net/tsn/genl_tsn.c...
git apply status: 0
trying to patch file: patchfile:hello/4816-enetc-add-tsn-functionality-support.patch
Checking patch drivers/net/ethernet/freescale/enetc/Kconfig...
Checking patch drivers/net/ethernet/freescale/enetc/Makefile...
Checking patch drivers/net/ethernet/freescale/enetc/enetc.c...
Checking patch drivers/net/ethernet/freescale/enetc/enetc.h...
Checking patch drivers/net/ethernet/freescale/enetc/enetc_ethtool.c...
Checking patch drivers/net/ethernet/freescale/enetc/enetc_hw.h...
Checking patch drivers/net/ethernet/freescale/enetc/enetc_pf.c...
Checking patch drivers/net/ethernet/freescale/enetc/enetc_tsn.c...
git apply status: 0
trying to patch file: patchfile:hello/4817-felix-add-tsn-capabilities-support.patch
Checking patch drivers/net/ethernet/mscc/Kconfig...
Checking patch drivers/net/ethernet/mscc/Makefile...
Checking patch drivers/net/ethernet/mscc/felix_board.c...
Checking patch drivers/net/ethernet/mscc/felix_regs.c...
Checking patch drivers/net/ethernet/mscc/felix_tsn.c...
Checking patch drivers/net/ethernet/mscc/felix_tsn.h...
Checking patch drivers/net/ethernet/mscc/ocelot.c...
Checking patch drivers/net/ethernet/mscc/ocelot.h...
Checking patch drivers/net/ethernet/mscc/ocelot_ana.h...
git apply status: 0
trying to patch file: patchfile:hello/4818-felix-clean-preempt-interrupt-status.patch
Checking patch drivers/net/ethernet/mscc/felix_board.c...
git apply status: 0
trying to patch file: patchfile:hello/4819-net-mscc-ocelot-Add-support-for-tcam.patch
Checking patch drivers/net/ethernet/mscc/Makefile...
Checking patch drivers/net/ethernet/mscc/ocelot.c...
Checking patch drivers/net/ethernet/mscc/ocelot.h...
Checking patch drivers/net/ethernet/mscc/ocelot_ace.c...
Checking patch drivers/net/ethernet/mscc/ocelot_ace.h...
Checking patch drivers/net/ethernet/mscc/ocelot_board.c...
Checking patch drivers/net/ethernet/mscc/ocelot_regs.c...
Checking patch drivers/net/ethernet/mscc/ocelot_s2.h...
Checking patch drivers/net/ethernet/mscc/ocelot_vcap.h...
git apply status: 0
trying to patch file: patchfile:hello/4820-mscc-tsn-fix-compile-issue-tsn.patch
Checking patch drivers/net/ethernet/mscc/Kconfig...
Checking patch drivers/net/ethernet/mscc/felix_board.c...
Checking patch drivers/net/ethernet/mscc/ocelot.c...
Checking patch drivers/net/ethernet/mscc/ocelot.h...
Checking patch net/tsn/genl_tsn.c...
git apply status: 0
trying to patch file: patchfile:hello/4821-enetc-Fix-if_mode-extraction.patch
Checking patch drivers/net/ethernet/freescale/enetc/enetc_pf.c...
git apply status: 0
trying to patch file: patchfile:hello/4822-enetc-Make-mdio-accessors-more-generic.patch
Checking patch drivers/net/ethernet/freescale/enetc/enetc_hw.h...
Checking patch drivers/net/ethernet/freescale/enetc/enetc_mdio.c...
Checking patch drivers/net/ethernet/freescale/enetc/enetc_mdio.h...
Checking patch drivers/net/ethernet/freescale/enetc/enetc_pci_mdio.c...
git apply status: 0
trying to patch file: patchfile:hello/4823-enetc-Initialize-SerDes-for-SGMII-and-SXGMII-protoco.patch
Checking patch drivers/net/ethernet/freescale/enetc/enetc_hw.h...
Checking patch drivers/net/ethernet/freescale/enetc/enetc_mdio.c...
Checking patch drivers/net/ethernet/freescale/enetc/enetc_pf.c...
Checking patch drivers/net/ethernet/freescale/enetc/enetc_pf.h...
git apply status: 0
trying to patch file: patchfile:hello/4824-enetc-Drop-redundant-device-node-check.patch
Checking patch drivers/net/ethernet/freescale/enetc/enetc_pf.c...
git apply status: 0
trying to patch file: patchfile:hello/4825-enetc-Use-DT-protocol-information-to-set-up-the-port.patch
Checking patch drivers/net/ethernet/freescale/enetc/enetc_pf.c...
Checking patch drivers/net/ethernet/freescale/enetc/enetc_pf.h...
git apply status: 0
trying to patch file: patchfile:hello/4826-ocelot_ace-fix-action-of-trap.patch
Checking patch drivers/net/ethernet/mscc/ocelot_ace.c...
git apply status: 0
trying to patch file: patchfile:hello/4827-ocelot_ace-drop-member-port-from-ocelot_ace_rule-str.patch
Checking patch drivers/net/ethernet/mscc/ocelot_ace.c...
Checking patch drivers/net/ethernet/mscc/ocelot_ace.h...
git apply status: 0
trying to patch file: patchfile:hello/4828-ocelot_ace-fix-ingress-ports-setting-for-rule.patch
Checking patch drivers/net/ethernet/mscc/ocelot_ace.c...
Checking patch drivers/net/ethernet/mscc/ocelot_ace.h...
git apply status: 0
trying to patch file: patchfile:hello/4829-ocelot-add-VCAP-IS2-rule-to-trap-PTP-Ethernet-frames.patch
Checking patch drivers/net/ethernet/mscc/ocelot.c...
Checking patch drivers/net/ethernet/mscc/ocelot_vcap.h...
git apply status: 0
trying to patch file: patchfile:hello/4830-enetc-WA-for-MDIO-register-access-issue.patch
Checking patch drivers/net/ethernet/freescale/enetc/enetc.c...
Checking patch drivers/net/ethernet/freescale/enetc/enetc_hw.h...
Checking patch drivers/net/ethernet/freescale/enetc/enetc_mdio.c...
git apply status: 0
trying to patch file: patchfile:hello/4831-felix-Fix-late-MDIO-probing-issue.patch
Checking patch drivers/net/ethernet/mscc/felix_board.c...
Checking patch drivers/net/ethernet/mscc/ocelot.c...
Checking patch drivers/net/ethernet/mscc/ocelot.h...
git apply status: 0
trying to patch file: patchfile:hello/4832-enetc-Don-t-register-internal-MDIO-bus.patch
Checking patch drivers/net/ethernet/freescale/enetc/enetc_mdio.c...
git apply status: 0
trying to patch file: patchfile:hello/4833-enetc-Fix-missing-spin_unlock-on-rx-poll-error-path.patch
Checking patch drivers/net/ethernet/freescale/enetc/enetc.c...
git apply status: 0
trying to patch file: patchfile:hello/4834-enetc-fix-issue-in-MDIO-WA-leaving-irqs-disabled.patch
Checking patch drivers/net/ethernet/freescale/enetc/enetc_hw.h...
git apply status: 0
trying to patch file: patchfile:hello/4835-felix-TSN-fix-Stream-filter-disable-issue.patch
Checking patch drivers/net/ethernet/mscc/felix_tsn.c...
git apply status: 0
trying to patch file: patchfile:hello/4836-felix-TSN-fix-stream-identify-set-issue.patch
Checking patch drivers/net/ethernet/mscc/felix_tsn.c...
git apply status: 0
trying to patch file: patchfile:hello/4837-tsn-switch-add-support-for-no-flowmeter-assigned-for.patch
Checking patch drivers/net/ethernet/mscc/felix_tsn.c...
git apply status: 0
trying to patch file: patchfile:hello/4838-tsn-driver-add-operation-to-check-functions-return-v.patch
Checking patch net/tsn/genl_tsn.c...
git apply status: 0
trying to patch file: patchfile:hello/4839-felix-add-regmap-address-for-TSN-set.patch
Checking patch drivers/net/ethernet/mscc/felix_regs.c...
git apply status: 0
trying to patch file: patchfile:hello/4840-ocelot-Use-all-8-flood-masks-for-felix.patch
Checking patch drivers/net/ethernet/mscc/ocelot.c...
git apply status: 0
trying to patch file: patchfile:hello/4841-enetc-Enable-live-mac-addr-change-for-PF.patch
Checking patch drivers/net/ethernet/freescale/enetc/enetc_pf.c...
git apply status: 0
trying to patch file: patchfile:hello/4842-enetc-Fix-hang-with-MDIO-WA.patch
Checking patch drivers/net/ethernet/freescale/enetc/enetc.c...
Checking patch drivers/net/ethernet/freescale/enetc/enetc_hw.h...
git apply status: 0
trying to patch file: patchfile:hello/4843-enetc-fix-compile-issue.patch
Checking patch drivers/net/ethernet/freescale/enetc/Makefile...
Checking patch drivers/net/ethernet/freescale/enetc/enetc.c...
Checking patch drivers/net/ethernet/freescale/enetc/enetc.h...
git apply status: 0
trying to patch file: patchfile:hello/4844-Revert-enetc-mdio-drive-ENETC-MDIO-from-the-PCI-PF-d.patch
Checking patch drivers/net/ethernet/freescale/xgmac_mdio.c...
Checking patch drivers/net/ethernet/freescale/xgmac_mdio.h...
git apply status: 0
trying to patch file: patchfile:hello/4845-Revert-enetc-mdio-Update-xgamc-mdio-driver-to-suppor.patch
Checking patch drivers/net/ethernet/freescale/xgmac_mdio.c...
git apply status: 0
trying to patch file: patchfile:hello/4846-TSN-modify-DSCP-attribute-type-of-netlink.patch
Checking patch net/tsn/genl_tsn.c...
git apply status: 0
trying to patch file: patchfile:hello/4847-arm64-defconfig-enable-CONFIG_GPIO_MPC8XXX.patch
Checking patch arch/arm64/configs/defconfig...
Hunk #1 succeeded at 350 (offset 2 lines).
git apply status: 0
trying to patch file: patchfile:hello/4848-drivers-net-phy-aquantia-fix-system-side-protocol-mi.patch
Checking patch drivers/net/phy/aquantia.c...
git apply status: 0
trying to patch file: patchfile:hello/4849-drivers-net-phy-aquantia-enable-USX-AN-for-USXGMII-p.patch
Checking patch drivers/net/phy/aquantia.c...
git apply status: 0
trying to patch file: patchfile:hello/4850-enetc-Fix-10G-PCS-PHY-access.patch
Checking patch drivers/net/ethernet/freescale/enetc/enetc_pf.c...
git apply status: 0
patch end(4850) reached(4850). 				submit these and comeback and proceed: last patched hello/4850-enetc-Fix-10G-PCS-PHY-access.patch
