3556
3606
trying to patch file: patchfile:hello/3556-can-flexcan-add-self-wakeup-support.patch
Checking patch drivers/net/can/flexcan.c...
git apply status: 0
trying to patch file: patchfile:hello/3557-can-flexcan-flexcan_chip_start-enable-loopback-mode-.patch
Checking patch drivers/net/can/flexcan.c...
git apply status: 0
trying to patch file: patchfile:hello/3558-can-flexcan-move-rx_offload_add-from-flexcan_probe-t.patch
Checking patch drivers/net/can/flexcan.c...
git apply status: 0
trying to patch file: patchfile:hello/3559-can-flexcan-Add-provision-for-variable-payload-size.patch
Checking patch drivers/net/can/flexcan.c...
git apply status: 0
trying to patch file: patchfile:hello/3560-can-flexcan-split-the-Message-Buffer-RAM-area.patch
Checking patch drivers/net/can/flexcan.c...
git apply status: 0
trying to patch file: patchfile:hello/3561-net-can-flexcan-use-CAN-FD-frames-for-Tx-Rx.patch
Checking patch drivers/net/can/flexcan.c...
Checking patch drivers/net/can/rx-offload.c...
Checking patch include/linux/can/rx-offload.h...
git apply status: 0
trying to patch file: patchfile:hello/3562-net-can-flexcan-can-FD-Format-FDF-changes.patch
Checking patch drivers/net/can/flexcan.c...
git apply status: 0
trying to patch file: patchfile:hello/3563-can-flexcan-modify-the-interrupt-register-handling.patch
Checking patch drivers/net/can/flexcan.c...
git apply status: 0
trying to patch file: patchfile:hello/3564-can-flexcan-enable-flexcan-for-all-architectures.patch
Checking patch drivers/net/can/Kconfig...
git apply status: 0
trying to patch file: patchfile:hello/3565-Fix-flexcan-compiling-errors.patch
Checking patch drivers/net/can/flexcan.c...
git apply status: 0
trying to patch file: patchfile:hello/3566-can-flexcan-Handle-bit-timings-overflow.patch
Checking patch drivers/net/can/flexcan.c...
git apply status: 0
trying to patch file: patchfile:hello/3567-ethtool-fix-potential-userspace-buffer-overflow.patch
Checking patch net/core/ethtool.c...
git apply status: 0
trying to patch file: patchfile:hello/3568-Fix-memory-leak-in-sctp_process_init.patch
Checking patch net/sctp/sm_make_chunk.c...
Checking patch net/sctp/sm_sideeffect.c...
git apply status: 0
trying to patch file: patchfile:hello/3569-neighbor-Call-__ipv4_neigh_lookup_noref-in-neigh_xmi.patch
Checking patch net/core/neighbour.c...
git apply status: 0
trying to patch file: patchfile:hello/3570-net-mlx4_en-ethtool-Remove-unsupported-SFP-EEPROM-hi.patch
Checking patch drivers/net/ethernet/mellanox/mlx4/en_ethtool.c...
Checking patch drivers/net/ethernet/mellanox/mlx4/port.c...
git apply status: 0
trying to patch file: patchfile:hello/3571-net-rds-fix-memory-leak-in-rds_ib_flush_mr_pool.patch
Checking patch net/rds/ib_rdma.c...
git apply status: 0
trying to patch file: patchfile:hello/3572-pktgen-do-not-sleep-with-the-thread-lock-held.patch
Checking patch net/core/pktgen.c...
git apply status: 0
trying to patch file: patchfile:hello/3573-ipv6-fix-EFAULT-on-sendto-with-icmpv6-and-hdrincl.patch
Checking patch net/ipv6/raw.c...
git apply status: 0
trying to patch file: patchfile:hello/3574-ipv6-use-READ_ONCE-for-inet-hdrincl-as-in-ipv4.patch
Checking patch net/ipv6/raw.c...
git apply status: 0
trying to patch file: patchfile:hello/3575-net-sfp-read-eeprom-in-maximum-16-byte-increments.patch
Checking patch drivers/net/phy/sfp.c...
git apply status: 0
trying to patch file: patchfile:hello/3576-ipv6-fix-the-check-before-getting-the-cookie-in-rt6_.patch
Checking patch include/net/ip6_fib.h...
git apply status: 0
trying to patch file: patchfile:hello/3577-Revert-fib_rules-fix-error-in-backport-of-e9919a24d3.patch
Checking patch net/core/fib_rules.c...
git apply status: 0
trying to patch file: patchfile:hello/3578-Revert-fib_rules-return-0-directly-if-an-exactly-sam.patch
Checking patch net/core/fib_rules.c...
git apply status: 0
trying to patch file: patchfile:hello/3579-rcu-locking-and-unlocking-need-to-always-be-at-least.patch
Checking patch include/linux/rcupdate.h...
git apply status: 0
trying to patch file: patchfile:hello/3580-parisc-Use-implicit-space-register-selection-for-loa.patch
Checking patch drivers/parisc/ccio-dma.c...
Checking patch drivers/parisc/sba_iommu.c...
git apply status: 0
trying to patch file: patchfile:hello/3581-fuse-fallocate-fix-return-with-locked-inode.patch
Checking patch fs/fuse/file.c...
git apply status: 0
trying to patch file: patchfile:hello/3582-pstore-Remove-needless-lock-during-console-writes.patch
Checking patch fs/pstore/platform.c...
git apply status: 0
trying to patch file: patchfile:hello/3583-pstore-Convert-buf_lock-to-semaphore.patch
Checking patch arch/powerpc/kernel/nvram_64.c...
Checking patch drivers/acpi/apei/erst.c...
Checking patch drivers/firmware/efi/efi-pstore.c...
Checking patch fs/pstore/platform.c...
Checking patch fs/pstore/ram.c...
Checking patch include/linux/pstore.h...
git apply status: 0
trying to patch file: patchfile:hello/3584-pstore-ram-Run-without-kernel-crash-dump-region.patch
Checking patch fs/pstore/platform.c...
Checking patch fs/pstore/ram.c...
git apply status: 0
trying to patch file: patchfile:hello/3585-x86-power-Fix-nosmt-vs-hibernation-triple-fault-duri.patch
Checking patch arch/x86/power/cpu.c...
Checking patch arch/x86/power/hibernate_64.c...
Checking patch include/linux/cpu.h...
Checking patch kernel/cpu.c...
Checking patch kernel/power/hibernate.c...
git apply status: 0
trying to patch file: patchfile:hello/3586-i2c-xiic-Add-max_read_len-quirk.patch
Checking patch drivers/i2c/busses/i2c-xiic.c...
git apply status: 0
trying to patch file: patchfile:hello/3587-MIPS-Bounds-check-virt_addr_valid.patch
Checking patch arch/mips/mm/mmap.c...
git apply status: 0
trying to patch file: patchfile:hello/3588-MIPS-pistachio-Build-uImage.gz-by-default.patch
Checking patch arch/mips/pistachio/Platform...
git apply status: 0
trying to patch file: patchfile:hello/3589-Revert-MIPS-perf-ath79-Fix-perfcount-IRQ-assignment.patch
Checking patch arch/mips/ath79/setup.c...
Checking patch drivers/irqchip/irq-ath79-misc.c...
git apply status: 0
trying to patch file: patchfile:hello/3590-genwqe-Prevent-an-integer-overflow-in-the-ioctl.patch
Checking patch drivers/misc/genwqe/card_dev.c...
Checking patch drivers/misc/genwqe/card_utils.c...
git apply status: 0
trying to patch file: patchfile:hello/3591-test_firmware-Use-correct-snprintf-limit.patch
Checking patch lib/test_firmware.c...
git apply status: 0
trying to patch file: patchfile:hello/3592-drm-gma500-cdv-Check-vbt-config-bits-when-detecting-.patch
Checking patch drivers/gpu/drm/gma500/cdv_intel_lvds.c...
Checking patch drivers/gpu/drm/gma500/intel_bios.c...
Checking patch drivers/gpu/drm/gma500/psb_drv.h...
git apply status: 0
trying to patch file: patchfile:hello/3593-drm-nouveau-add-kconfig-option-to-turn-off-nouveau-l.patch
Checking patch drivers/gpu/drm/nouveau/Kconfig...
Checking patch drivers/gpu/drm/nouveau/nouveau_drm.c...
git apply status: 0
trying to patch file: patchfile:hello/3594-drm-amdgpu-psp-move-psp-version-specific-function-po.patch
Checking patch drivers/gpu/drm/amd/amdgpu/amdgpu_psp.c...
git apply status: 0
trying to patch file: patchfile:hello/3595-drm-radeon-prefer-lower-reference-dividers.patch
Checking patch drivers/gpu/drm/radeon/radeon_display.c...
git apply status: 0
trying to patch file: patchfile:hello/3596-drm-i915-Fix-I915_EXEC_RING_MASK.patch
Checking patch include/uapi/drm/i915_drm.h...
git apply status: 0
trying to patch file: patchfile:hello/3597-drm-i915-fbc-disable-framebuffer-compression-on-Gemi.patch
Checking patch drivers/gpu/drm/i915/intel_fbc.c...
git apply status: 0
trying to patch file: patchfile:hello/3598-TTY-serial_core-add-install.patch
Checking patch drivers/tty/serial/serial_core.c...
git apply status: 0
trying to patch file: patchfile:hello/3599-qmi_wwan-Add-quirk-for-Quectel-dynamic-config.patch
Checking patch drivers/net/usb/qmi_wwan.c...
git apply status: 0
trying to patch file: patchfile:hello/3600-fs-stream_open-opener-for-stream-like-files-so-that-.patch
Checking patch drivers/xen/xenbus/xenbus_dev_frontend.c...
Checking patch fs/open.c...
Checking patch fs/read_write.c...
Checking patch include/linux/fs.h...
Checking patch scripts/coccinelle/api/stream_open.cocci...
git apply status: 0
trying to patch file: patchfile:hello/3601-fuse-Add-FOPEN_STREAM-to-use-stream_open.patch
Checking patch fs/fuse/file.c...
Checking patch include/uapi/linux/fuse.h...
git apply status: 0
trying to patch file: patchfile:hello/3602-ipv4-Define-__ipv4_neigh_lookup_noref-when-CONFIG_IN.patch
Checking patch include/net/arp.h...
git apply status: 0
trying to patch file: patchfile:hello/3603-ethtool-check-the-return-value-of-get_regs_len.patch
Checking patch net/core/ethtool.c...
git apply status: 0
trying to patch file: patchfile:hello/3604-Linux-4.14.125.patch
Checking patch Makefile...
git apply status: 0
trying to patch file: patchfile:hello/3605-arm64-dts-lx2160a-update-interrupt-property-for-Aqua.patch
Checking patch arch/arm64/boot/dts/freescale/fsl-lx2160a-rdb.dts...
git apply status: 0
trying to patch file: patchfile:hello/3606-arm64-dts-fsl-ls1028a-Add-qDMA-node.patch
Checking patch arch/arm64/boot/dts/freescale/fsl-ls1028a.dtsi...
git apply status: 0
patch end(3606) reached(3606). 				submit these and comeback and proceed: last patched hello/3606-arm64-dts-fsl-ls1028a-Add-qDMA-node.patch
