4433
4483
trying to patch file: patchfile:hello/4433-arm64-cpufeature-Fix-feature-comparison-for-CTR_EL0..patch
Checking patch arch/arm64/include/asm/cpufeature.h...
Checking patch arch/arm64/kernel/cpufeature.c...
git apply status: 0
trying to patch file: patchfile:hello/4434-HID-wacom-fix-bit-shift-for-Cintiq-Companion-2.patch
Checking patch drivers/hid/wacom_wac.c...
git apply status: 0
trying to patch file: patchfile:hello/4435-HID-Add-quirk-for-HP-X1200-PIXART-OEM-mouse.patch
Checking patch drivers/hid/hid-ids.h...
Checking patch drivers/hid/usbhid/hid-quirks.c...
git apply status: 0
trying to patch file: patchfile:hello/4436-RDMA-Directly-cast-the-sockaddr-union-to-sockaddr.patch
Checking patch drivers/infiniband/core/addr.c...
Checking patch drivers/infiniband/hw/ocrdma/ocrdma_ah.c...
Checking patch drivers/infiniband/hw/ocrdma/ocrdma_hw.c...
git apply status: 0
trying to patch file: patchfile:hello/4437-IB-directly-cast-the-sockaddr-union-to-aockaddr.patch
Checking patch drivers/infiniband/core/sa_query.c...
git apply status: 0
trying to patch file: patchfile:hello/4438-objtool-Add-machine_real_restart-to-the-noreturn-lis.patch
Checking patch tools/objtool/check.c...
git apply status: 0
trying to patch file: patchfile:hello/4439-objtool-Add-rewind_stack_do_exit-to-the-noreturn-lis.patch
Checking patch tools/objtool/check.c...
git apply status: 0
trying to patch file: patchfile:hello/4440-atm-iphase-Fix-Spectre-v1-vulnerability.patch
Checking patch drivers/atm/iphase.c...
git apply status: 0
trying to patch file: patchfile:hello/4441-ife-error-out-when-nla-attributes-are-empty.patch
Checking patch net/sched/act_ife.c...
git apply status: 0
trying to patch file: patchfile:hello/4442-ip6_tunnel-fix-possible-use-after-free-on-xmit.patch
Checking patch net/ipv6/ip6_tunnel.c...
git apply status: 0
trying to patch file: patchfile:hello/4443-net-bridge-delete-local-fdb-on-device-init-failure.patch
Checking patch net/bridge/br_vlan.c...
git apply status: 0
trying to patch file: patchfile:hello/4444-net-bridge-mcast-don-t-delete-permanent-entries-when.patch
Checking patch net/bridge/br_multicast.c...
git apply status: 0
trying to patch file: patchfile:hello/4445-net-fix-ifindex-collision-during-namespace-removal.patch
Checking patch net/core/dev.c...
Hunk #1 succeeded at 8831 (offset 179 lines).
git apply status: 0
trying to patch file: patchfile:hello/4446-net-mlx5-Use-reversed-order-when-unregister-devices.patch
Checking patch drivers/net/ethernet/mellanox/mlx5/core/dev.c...
git apply status: 0
trying to patch file: patchfile:hello/4447-net-phylink-Fix-flow-control-for-fixed-link.patch
Checking patch drivers/net/phy/phylink.c...
git apply status: 0
trying to patch file: patchfile:hello/4448-net-sched-Fix-a-possible-null-pointer-dereference-in.patch
Checking patch net/sched/sch_codel.c...
git apply status: 0
trying to patch file: patchfile:hello/4449-NFC-nfcmrvl-fix-gpio-handling-regression.patch
Checking patch drivers/nfc/nfcmrvl/main.c...
Checking patch drivers/nfc/nfcmrvl/uart.c...
Checking patch drivers/nfc/nfcmrvl/usb.c...
git apply status: 0
trying to patch file: patchfile:hello/4450-tipc-compat-allow-tipc-commands-without-arguments.patch
Checking patch net/tipc/netlink_compat.c...
git apply status: 0
trying to patch file: patchfile:hello/4451-compat_ioctl-pppoe-fix-PPPOEIOCSFWD-handling.patch
Checking patch drivers/net/ppp/pppoe.c...
Checking patch drivers/net/ppp/pppox.c...
Checking patch drivers/net/ppp/pptp.c...
Checking patch fs/compat_ioctl.c...
Checking patch include/linux/if_pppox.h...
Checking patch net/l2tp/l2tp_ppp.c...
git apply status: 0
trying to patch file: patchfile:hello/4452-net-mlx5e-Prevent-encap-flow-counter-update-async-to.patch
Checking patch drivers/net/ethernet/mellanox/mlx5/core/en_tc.c...
Checking patch drivers/net/ethernet/mellanox/mlx5/core/fs_counters.c...
Checking patch include/linux/mlx5/fs.h...
git apply status: 0
trying to patch file: patchfile:hello/4453-tun-mark-small-packets-as-owned-by-the-tap-sock.patch
Checking patch drivers/net/tun.c...
git apply status: 0
trying to patch file: patchfile:hello/4454-mvpp2-refactor-MTU-change-code.patch
Checking patch drivers/net/ethernet/marvell/mvpp2.c...
git apply status: 0
trying to patch file: patchfile:hello/4455-bnx2x-Disable-multi-cos-feature.patch
Checking patch drivers/net/ethernet/broadcom/bnx2x/bnx2x_cmn.c...
git apply status: 0
trying to patch file: patchfile:hello/4456-cgroup-Call-cgroup_release-before-__exit_signal.patch
Checking patch kernel/exit.c...
git apply status: 0
trying to patch file: patchfile:hello/4457-cgroup-Implement-css_task_iter_skip.patch
Checking patch include/linux/cgroup.h...
Checking patch kernel/cgroup/cgroup.c...
git apply status: 0
trying to patch file: patchfile:hello/4458-cgroup-Include-dying-leaders-with-live-threads-in-PR.patch
Checking patch include/linux/cgroup-defs.h...
Checking patch include/linux/cgroup.h...
Checking patch kernel/cgroup/cgroup.c...
git apply status: 0
trying to patch file: patchfile:hello/4459-cgroup-css_task_iter_skip-d-iterators-must-be-advanc.patch
Checking patch kernel/cgroup/cgroup.c...
git apply status: 0
trying to patch file: patchfile:hello/4460-cgroup-Fix-css_task_iter_advance_css_set-cset-skip-c.patch
Checking patch kernel/cgroup/cgroup.c...
git apply status: 0
trying to patch file: patchfile:hello/4461-spi-bcm2835-Fix-3-wire-mode-if-DMA-is-enabled.patch
Checking patch drivers/spi/spi-bcm2835.c...
git apply status: 0
trying to patch file: patchfile:hello/4462-Linux-4.14.138.patch
Checking patch Makefile...
git apply status: 0
trying to patch file: patchfile:hello/4463-iio-adc-max9611-Fix-misuse-of-GENMASK-macro.patch
Checking patch drivers/iio/adc/max9611.c...
git apply status: 0
trying to patch file: patchfile:hello/4464-crypto-ccp-Fix-oops-by-properly-managing-allocated-s.patch
Checking patch drivers/crypto/ccp/ccp-ops.c...
git apply status: 0
trying to patch file: patchfile:hello/4465-crypto-ccp-Ignore-tag-length-when-decrypting-GCM-cip.patch
Checking patch drivers/crypto/ccp/ccp-ops.c...
git apply status: 0
trying to patch file: patchfile:hello/4466-usb-usbfs-fix-double-free-of-usb-memory-upon-submitu.patch
Checking patch drivers/usb/core/devio.c...
git apply status: 0
trying to patch file: patchfile:hello/4467-usb-iowarrior-fix-deadlock-on-disconnect.patch
Checking patch drivers/usb/misc/iowarrior.c...
git apply status: 0
trying to patch file: patchfile:hello/4468-sound-fix-a-memory-leak-bug.patch
Checking patch sound/sound_core.c...
git apply status: 0
trying to patch file: patchfile:hello/4469-mmc-cavium-Set-the-correct-dma-max-segment-size-for-.patch
Checking patch drivers/mmc/host/cavium.c...
git apply status: 0
trying to patch file: patchfile:hello/4470-mmc-cavium-Add-the-missing-dma-unmap-when-the-dma-ha.patch
Checking patch drivers/mmc/host/cavium.c...
git apply status: 0
trying to patch file: patchfile:hello/4471-loop-set-PF_MEMALLOC_NOIO-for-the-worker-thread.patch
Checking patch drivers/block/loop.c...
git apply status: 0
trying to patch file: patchfile:hello/4472-Input-synaptics-enable-RMI-mode-for-HP-Spectre-X360.patch
Checking patch drivers/input/mouse/synaptics.c...
git apply status: 0
trying to patch file: patchfile:hello/4473-lkdtm-support-llvm-objcopy.patch
Checking patch drivers/misc/Makefile...
git apply status: 0
trying to patch file: patchfile:hello/4474-crypto-ccp-Validate-buffer-lengths-for-copy-operatio.patch
Checking patch drivers/crypto/ccp/ccp-ops.c...
git apply status: 0
trying to patch file: patchfile:hello/4475-crypto-ccp-Add-support-for-valid-authsize-values-les.patch
Checking patch drivers/crypto/ccp/ccp-crypto-aes-galois.c...
Checking patch drivers/crypto/ccp/ccp-ops.c...
Checking patch include/linux/ccp.h...
git apply status: 0
trying to patch file: patchfile:hello/4476-tcp-Clear-sk_send_head-after-purging-the-write-queue.patch
Checking patch include/net/tcp.h...
Hunk #1 succeeded at 1615 (offset 2 lines).
Hunk #2 succeeded at 1625 (offset 2 lines).
git apply status: 0
trying to patch file: patchfile:hello/4477-x86-mm-Check-for-pfn-instead-of-page-in-vmalloc_sync.patch
Checking patch arch/x86/mm/fault.c...
git apply status: 0
trying to patch file: patchfile:hello/4478-x86-mm-Sync-also-unmappings-in-vmalloc_sync_all.patch
Checking patch arch/x86/mm/fault.c...
git apply status: 0
trying to patch file: patchfile:hello/4479-mm-vmalloc-Sync-unmappings-in-__purge_vmap_area_lazy.patch
Checking patch mm/vmalloc.c...
git apply status: 0
trying to patch file: patchfile:hello/4480-perf-annotate-Fix-s390-gap-between-kernel-end-and-mo.patch
Checking patch tools/perf/arch/s390/util/machine.c...
Checking patch tools/perf/util/symbol.c...
Checking patch tools/perf/util/symbol.h...
git apply status: 0
trying to patch file: patchfile:hello/4481-perf-db-export-Fix-thread__exec_comm.patch
Checking patch tools/perf/util/thread.c...
git apply status: 0
trying to patch file: patchfile:hello/4482-perf-record-Fix-module-size-on-s390.patch
Checking patch tools/perf/arch/s390/util/machine.c...
Checking patch tools/perf/util/machine.c...
Checking patch tools/perf/util/machine.h...
git apply status: 0
trying to patch file: patchfile:hello/4483-usb-host-xhci-rcar-Fix-timeout-in-xhci_suspend.patch
Checking patch drivers/usb/host/xhci-rcar.c...
git apply status: 0
patch end(4483) reached(4483). 				submit these and comeback and proceed: last patched hello/4483-usb-host-xhci-rcar-Fix-timeout-in-xhci_suspend.patch
