3028
3078
trying to patch file: patchfile:hello/3028-fib_rules-return-0-directly-if-an-exactly-same-rule-.patch
Checking patch net/core/fib_rules.c...
git apply status: 0
trying to patch file: patchfile:hello/3029-ipv4-Fix-raw-socket-lookup-for-local-traffic.patch
Checking patch net/ipv4/raw.c...
git apply status: 0
trying to patch file: patchfile:hello/3030-net-dsa-Fix-error-cleanup-path-in-dsa_init_module.patch
Checking patch net/dsa/dsa.c...
git apply status: 0
trying to patch file: patchfile:hello/3031-net-ethernet-stmmac-dwmac-sun8i-enable-support-of-un.patch
Checking patch drivers/net/ethernet/stmicro/stmmac/dwmac-sun8i.c...
git apply status: 0
trying to patch file: patchfile:hello/3032-net-seeq-fix-crash-caused-by-not-set-dev.parent.patch
Checking patch drivers/net/ethernet/seeq/sgiseeq.c...
git apply status: 0
trying to patch file: patchfile:hello/3033-net-ucc_geth-fix-Oops-when-changing-number-of-buffer.patch
Checking patch drivers/net/ethernet/freescale/ucc_geth_ethtool.c...
git apply status: 0
trying to patch file: patchfile:hello/3034-packet-Fix-error-path-in-packet_init.patch
Checking patch net/packet/af_packet.c...
Hunk #1 succeeded at 4679 (offset 50 lines).
git apply status: 0
trying to patch file: patchfile:hello/3035-vlan-disable-SIOCSHWTSTAMP-in-container.patch
Checking patch net/8021q/vlan_dev.c...
git apply status: 0
trying to patch file: patchfile:hello/3036-vrf-sit-mtu-should-not-be-updated-when-vrf-netdev-is.patch
Checking patch net/ipv6/sit.c...
git apply status: 0
trying to patch file: patchfile:hello/3037-tipc-fix-hanging-clients-using-poll-with-EPOLLOUT-fl.patch
Checking patch net/tipc/socket.c...
git apply status: 0
trying to patch file: patchfile:hello/3038-drivers-virt-fsl_hypervisor.c-dereferencing-error-po.patch
Checking patch drivers/virt/fsl_hypervisor.c...
git apply status: 0
trying to patch file: patchfile:hello/3039-drivers-virt-fsl_hypervisor.c-prevent-integer-overfl.patch
Checking patch drivers/virt/fsl_hypervisor.c...
git apply status: 0
trying to patch file: patchfile:hello/3040-powerpc-powernv-idle-Restore-IAMR-after-idle.patch
Checking patch arch/powerpc/kernel/idle_book3s.S...
git apply status: 0
trying to patch file: patchfile:hello/3041-powerpc-booke64-set-RI-in-default-MSR.patch
Checking patch arch/powerpc/include/asm/reg_booke.h...
git apply status: 0
trying to patch file: patchfile:hello/3042-s390-speculation-Fix-build-error-caused-by-bad-backp.patch
Checking patch arch/s390/kernel/nospec-branch.c...
git apply status: 0
trying to patch file: patchfile:hello/3043-Linux-4.14.120.patch
Checking patch Makefile...
git apply status: 0
trying to patch file: patchfile:hello/3044-net-core-another-layer-of-lists-around-PF_MEMALLOC-s.patch
Checking patch include/linux/list.h...
git apply status: 0
trying to patch file: patchfile:hello/3045-locking-rwsem-Prevent-decrement-of-reader-count-befo.patch
Checking patch kernel/locking/rwsem-xadd.c...
git apply status: 0
trying to patch file: patchfile:hello/3046-PCI-hv-Fix-a-memory-leak-in-hv_eject_device_work.patch
Checking patch drivers/pci/host/pci-hyperv.c...
git apply status: 0
trying to patch file: patchfile:hello/3047-PCI-hv-Add-hv_pci_remove_slots-when-we-unload-the-dr.patch
Checking patch drivers/pci/host/pci-hyperv.c...
git apply status: 0
trying to patch file: patchfile:hello/3048-PCI-hv-Add-pci_destroy_slot-in-pci_devices_present_w.patch
Checking patch drivers/pci/host/pci-hyperv.c...
git apply status: 0
trying to patch file: patchfile:hello/3049-x86-speculation-mds-Revert-CPU-buffer-clear-on-doubl.patch
Checking patch Documentation/x86/mds.rst...
Checking patch arch/x86/kernel/traps.c...
git apply status: 0
trying to patch file: patchfile:hello/3050-x86-speculation-mds-Improve-CPU-buffer-clear-documen.patch
Checking patch Documentation/x86/mds.rst...
git apply status: 0
trying to patch file: patchfile:hello/3051-objtool-Fix-function-fallthrough-detection.patch
Checking patch tools/objtool/check.c...
git apply status: 0
trying to patch file: patchfile:hello/3052-ARM-dts-exynos-Fix-interrupt-for-shared-EINTs-on-Exy.patch
Checking patch arch/arm/boot/dts/exynos5260.dtsi...
git apply status: 0
trying to patch file: patchfile:hello/3053-ARM-dts-exynos-Fix-audio-microphone-routing-on-Odroi.patch
Checking patch arch/arm/boot/dts/exynos5422-odroidxu3-audio.dtsi...
git apply status: 0
trying to patch file: patchfile:hello/3054-ARM-exynos-Fix-a-leaked-reference-by-adding-missing-.patch
Checking patch arch/arm/mach-exynos/firmware.c...
Checking patch arch/arm/mach-exynos/suspend.c...
git apply status: 0
trying to patch file: patchfile:hello/3055-power-supply-axp288_charger-Fix-unchecked-return-val.patch
Checking patch drivers/power/supply/axp288_charger.c...
git apply status: 0
trying to patch file: patchfile:hello/3056-arm64-compat-Reduce-address-limit.patch
Checking patch arch/arm64/include/asm/processor.h...
git apply status: 0
trying to patch file: patchfile:hello/3057-arm64-Clear-OSDLR_EL1-on-CPU-boot.patch
Checking patch arch/arm64/kernel/debug-monitors.c...
git apply status: 0
trying to patch file: patchfile:hello/3058-arm64-Save-and-restore-OSDLR_EL1-across-suspend-resu.patch
Checking patch arch/arm64/mm/proc.S...
git apply status: 0
trying to patch file: patchfile:hello/3059-sched-x86-Save-ER-FLAGS-on-context-switch.patch
Checking patch arch/x86/entry/entry_32.S...
Checking patch arch/x86/entry/entry_64.S...
Checking patch arch/x86/include/asm/switch_to.h...
Checking patch arch/x86/kernel/process_32.c...
Checking patch arch/x86/kernel/process_64.c...
git apply status: 0
trying to patch file: patchfile:hello/3060-crypto-chacha20poly1305-set-cra_name-correctly.patch
Checking patch crypto/chacha20poly1305.c...
Hunk #1 succeeded at 645 (offset -2 lines).
git apply status: 0
trying to patch file: patchfile:hello/3061-crypto-vmx-fix-copy-paste-error-in-CTR-mode.patch
Checking patch drivers/crypto/vmx/aesp8-ppc.pl...
git apply status: 0
trying to patch file: patchfile:hello/3062-crypto-skcipher-don-t-WARN-on-unprocessed-data-after.patch
Checking patch crypto/skcipher.c...
git apply status: 0
trying to patch file: patchfile:hello/3063-crypto-crct10dif-generic-fix-use-via-crypto_shash_di.patch
Checking patch crypto/crct10dif_generic.c...
git apply status: 0
trying to patch file: patchfile:hello/3064-crypto-x86-crct10dif-pcl-fix-use-via-crypto_shash_di.patch
Checking patch arch/x86/crypto/crct10dif-pclmul_glue.c...
git apply status: 0
trying to patch file: patchfile:hello/3065-crypto-gcm-fix-incompatibility-between-gcm-and-gcm_b.patch
Checking patch crypto/gcm.c...
Hunk #1 succeeded at 617 (offset 1 line).
Hunk #2 succeeded at 657 (offset 1 line).
Hunk #3 succeeded at 670 (offset 1 line).
Hunk #4 succeeded at 729 (offset 1 line).
Hunk #5 succeeded at 738 (offset 1 line).
Hunk #6 succeeded at 752 (offset 1 line).
Hunk #7 succeeded at 761 (offset 1 line).
git apply status: 0
trying to patch file: patchfile:hello/3066-crypto-rockchip-update-IV-buffer-to-contain-the-next.patch
Checking patch drivers/crypto/rockchip/rk3288_crypto_ablkcipher.c...
git apply status: 0
trying to patch file: patchfile:hello/3067-crypto-arm-aes-neonbs-don-t-access-already-freed-wal.patch
Checking patch arch/arm/crypto/aes-neonbs-glue.c...
git apply status: 0
trying to patch file: patchfile:hello/3068-ALSA-usb-audio-Fix-a-memory-leak-bug.patch
Checking patch sound/usb/mixer.c...
git apply status: 0
trying to patch file: patchfile:hello/3069-ALSA-hda-hdmi-Read-the-pin-sense-from-register-when-.patch
Checking patch sound/pci/hda/patch_hdmi.c...
git apply status: 0
trying to patch file: patchfile:hello/3070-ALSA-hda-hdmi-Consider-eld_valid-when-reporting-jack.patch
Checking patch sound/pci/hda/patch_hdmi.c...
git apply status: 0
trying to patch file: patchfile:hello/3071-ALSA-hda-realtek-EAPD-turn-on-later.patch
Checking patch sound/pci/hda/patch_realtek.c...
git apply status: 0
trying to patch file: patchfile:hello/3072-ASoC-max98090-Fix-restore-of-DAPM-Muxes.patch
Checking patch sound/soc/codecs/max98090.c...
git apply status: 0
trying to patch file: patchfile:hello/3073-ASoC-RT5677-SPI-Disable-16Bit-SPI-Transfers.patch
Checking patch sound/soc/codecs/rt5677-spi.c...
git apply status: 0
trying to patch file: patchfile:hello/3074-bpf-arm64-remove-prefetch-insn-in-xadd-mapping.patch
Checking patch arch/arm64/net/bpf_jit.h...
Checking patch arch/arm64/net/bpf_jit_comp.c...
git apply status: 0
trying to patch file: patchfile:hello/3075-mm-mincore.c-make-mincore-more-conservative.patch
Checking patch mm/mincore.c...
git apply status: 0
trying to patch file: patchfile:hello/3076-ocfs2-fix-ocfs2-read-inode-data-panic-in-ocfs2_iget.patch
Checking patch fs/ocfs2/export.c...
git apply status: 0
trying to patch file: patchfile:hello/3077-userfaultfd-use-RCU-to-free-the-task-struct-when-for.patch
Checking patch kernel/fork.c...
git apply status: 0
trying to patch file: patchfile:hello/3078-mfd-da9063-Fix-OTP-control-register-names-to-match-d.patch
Checking patch include/linux/mfd/da9063/registers.h...
git apply status: 0
patch end(3078) reached(3078). 				submit these and comeback and proceed: last patched hello/3078-mfd-da9063-Fix-OTP-control-register-names-to-match-d.patch
