1920
1970
trying to patch file: patchfile:hello/1920-ACPICA-Reference-Counts-increase-max-to-0x4000-for-l.patch
checking file include/acpi/acconfig.h
patching file include/acpi/acconfig.h
patch status: 0
trying to patch file: patchfile:hello/1921-perf-tools-Fix-compile-error-with-libunwind-x86.patch
checking file tools/perf/arch/x86/util/unwind-libunwind.c
patching file tools/perf/arch/x86/util/unwind-libunwind.c
patch status: 0
trying to patch file: patchfile:hello/1922-gro_cells-make-sure-device-is-up-in-gro_cells_receiv.patch
checking file net/core/gro_cells.c
patching file net/core/gro_cells.c
patch status: 0
trying to patch file: patchfile:hello/1923-ipv4-route-fail-early-when-inet-dev-is-missing.patch
checking file net/ipv4/route.c
Hunk #1 succeeded at 2158 (offset 35 lines).
patching file net/ipv4/route.c
Hunk #1 succeeded at 2158 (offset 35 lines).
patch status: 0
trying to patch file: patchfile:hello/1924-l2tp-fix-infoleak-in-l2tp_ip6_recvmsg.patch
checking file net/l2tp/l2tp_ip6.c
patching file net/l2tp/l2tp_ip6.c
patch status: 0
trying to patch file: patchfile:hello/1925-net-hsr-fix-memory-leak-in-hsr_dev_finalize.patch
checking file net/hsr/hsr_device.c
checking file net/hsr/hsr_framereg.c
checking file net/hsr/hsr_framereg.h
patching file net/hsr/hsr_device.c
patching file net/hsr/hsr_framereg.c
patching file net/hsr/hsr_framereg.h
patch status: 0
trying to patch file: patchfile:hello/1926-net-hsr-fix-possible-crash-in-add_timer.patch
checking file net/hsr/hsr_device.c
patching file net/hsr/hsr_device.c
patch status: 0
trying to patch file: patchfile:hello/1927-net-sit-fix-UBSAN-Undefined-behaviour-in-check_6rd.patch
checking file net/ipv6/sit.c
patching file net/ipv6/sit.c
patch status: 0
trying to patch file: patchfile:hello/1928-net-x25-fix-use-after-free-in-x25_device_event.patch
checking file net/x25/af_x25.c
patching file net/x25/af_x25.c
patch status: 0
trying to patch file: patchfile:hello/1929-net-x25-reset-state-in-x25_connect.patch
checking file net/x25/af_x25.c
patching file net/x25/af_x25.c
patch status: 0
trying to patch file: patchfile:hello/1930-pptp-dst_release-sk_dst_cache-in-pptp_sock_destruct.patch
checking file drivers/net/ppp/pptp.c
patching file drivers/net/ppp/pptp.c
patch status: 0
trying to patch file: patchfile:hello/1931-ravb-Decrease-TxFIFO-depth-of-Q3-and-Q2-to-one.patch
checking file drivers/net/ethernet/renesas/ravb_main.c
patching file drivers/net/ethernet/renesas/ravb_main.c
patch status: 0
trying to patch file: patchfile:hello/1932-route-set-the-deleted-fnhe-fnhe_daddr-to-0-in-ip_del.patch
checking file net/ipv4/route.c
Hunk #1 FAILED at 1315.
1 out of 1 hunk FAILED
patch test (--dry-run) failed: 1932, commit all changes so far, try just patch with hello/1932-route-set-the-deleted-fnhe-fnhe_daddr-to-0-in-ip_del.patch
