3956
4006
trying to patch file: patchfile:hello/3956-vhost_net-fix-possible-infinite-loop.patch
Checking patch drivers/vhost/net.c...
git apply status: 0
trying to patch file: patchfile:hello/3957-vhost-vsock-add-weight-support.patch
Checking patch drivers/vhost/vsock.c...
git apply status: 0
trying to patch file: patchfile:hello/3958-vhost-scsi-add-weight-support.patch
Checking patch drivers/vhost/scsi.c...
git apply status: 0
trying to patch file: patchfile:hello/3959-tty-rocket-fix-incorrect-forward-declaration-of-rp_i.patch
Checking patch drivers/tty/rocket.c...
git apply status: 0
trying to patch file: patchfile:hello/3960-ARC-handle-gcc-generated-__builtin_trap-for-older-co.patch
Checking patch arch/arc/kernel/traps.c...
git apply status: 0
trying to patch file: patchfile:hello/3961-KVM-x86-degrade-WARN-to-pr_warn_ratelimited.patch
Checking patch arch/x86/kvm/x86.c...
git apply status: 0
trying to patch file: patchfile:hello/3962-KVM-LAPIC-Fix-pending-interrupt-in-IRR-blocked-by-so.patch
Checking patch arch/x86/kvm/lapic.c...
git apply status: 0
trying to patch file: patchfile:hello/3963-svcrdma-Ignore-source-port-when-computing-DRC-hash.patch
Checking patch net/sunrpc/xprtrdma/svc_rdma_transport.c...
git apply status: 0
trying to patch file: patchfile:hello/3964-MIPS-Fix-bounds-check-virt_addr_valid.patch
Checking patch arch/mips/mm/mmap.c...
git apply status: 0
trying to patch file: patchfile:hello/3965-MIPS-Add-missing-EHB-in-mtc0-mfc0-sequence.patch
Checking patch arch/mips/mm/tlbex.c...
git apply status: 0
trying to patch file: patchfile:hello/3966-dmaengine-imx-sdma-remove-BD_INTR-for-channel0.patch
Checking patch drivers/dma/imx-sdma.c...
git apply status: 0
trying to patch file: patchfile:hello/3967-stable-btrfs-fix-backport-bug-in-d819d97ea025-btrfs-.patch
Checking patch fs/btrfs/backref.c...
git apply status: 0
trying to patch file: patchfile:hello/3968-Linux-4.14.133.patch
Checking patch Makefile...
git apply status: 0
trying to patch file: patchfile:hello/3969-Revert-e1000e-fix-cyclic-resets-at-link-up-with-acti.patch
Checking patch drivers/net/ethernet/intel/e1000e/netdev.c...
git apply status: 0
trying to patch file: patchfile:hello/3970-e1000e-start-network-tx-queue-only-when-link-is-up.patch
Checking patch drivers/net/ethernet/intel/e1000e/netdev.c...
git apply status: 0
trying to patch file: patchfile:hello/3971-Input-synaptics-enable-SMBUS-on-T480-thinkpad-trackp.patch
Checking patch drivers/input/mouse/synaptics.c...
git apply status: 0
trying to patch file: patchfile:hello/3972-nilfs2-do-not-use-unexported-cpu_to_le32-le32_to_cpu.patch
Checking patch include/uapi/linux/nilfs2_ondisk.h...
git apply status: 0
trying to patch file: patchfile:hello/3973-drivers-base-cacheinfo-Ensure-cpu-hotplug-work-is-do.patch
Checking patch drivers/base/cacheinfo.c...
Checking patch include/linux/cpuhotplug.h...
git apply status: 0
trying to patch file: patchfile:hello/3974-crypto-talitos-rename-alternative-AEAD-algos.patch
Checking patch drivers/crypto/talitos.c...
Hunk #1 succeeded at 2721 (offset 536 lines).
Hunk #2 succeeded at 2763 (offset 534 lines).
Hunk #3 succeeded at 2807 (offset 536 lines).
Hunk #4 succeeded at 2849 (offset 534 lines).
Hunk #5 succeeded at 2893 (offset 536 lines).
Hunk #6 succeeded at 2935 (offset 534 lines).
Hunk #7 succeeded at 3063 (offset 536 lines).
Hunk #8 succeeded at 3104 (offset 535 lines).
git apply status: 0
trying to patch file: patchfile:hello/3975-Input-elantech-enable-middle-button-support-on-2-Thi.patch
Checking patch drivers/input/mouse/elantech.c...
git apply status: 0
trying to patch file: patchfile:hello/3976-samples-bpf-fix-to-change-the-buffer-size-for-read.patch
Checking patch samples/bpf/bpf_load.c...
git apply status: 0
trying to patch file: patchfile:hello/3977-bpf-sockmap-fix-use-after-free-from-sleep-in-psock-b.patch
Checking patch net/core/skbuff.c...
Hunk #1 succeeded at 2354 (offset 55 lines).
git apply status: 0
trying to patch file: patchfile:hello/3978-staging-iio-ad7150-fix-threshold-mode-config-bit.patch
Checking patch drivers/staging/iio/cdc/ad7150.c...
git apply status: 0
trying to patch file: patchfile:hello/3979-mac80211-mesh-fix-RCU-warning.patch
Checking patch net/mac80211/mesh.c...
git apply status: 0
trying to patch file: patchfile:hello/3980-mac80211-free-peer-keys-before-vif-down-in-mesh.patch
Checking patch net/mac80211/mesh.c...
git apply status: 0
trying to patch file: patchfile:hello/3981-mwifiex-Fix-possible-buffer-overflows-at-parsing-bss.patch
Checking patch drivers/net/wireless/marvell/mwifiex/scan.c...
git apply status: 0
trying to patch file: patchfile:hello/3982-iwlwifi-Fix-double-free-problems-in-iwl_req_fw_callb.patch
Checking patch drivers/net/wireless/intel/iwlwifi/iwl-drv.c...
git apply status: 0
trying to patch file: patchfile:hello/3983-netfilter-ipv6-nf_defrag-fix-leakage-of-unqueued-fra.patch
Checking patch net/ipv6/netfilter/nf_conntrack_reasm.c...
git apply status: 0
trying to patch file: patchfile:hello/3984-netfilter-ipv6-nf_defrag-accept-duplicate-fragments-.patch
Checking patch net/ipv6/netfilter/nf_conntrack_reasm.c...
git apply status: 0
trying to patch file: patchfile:hello/3985-dt-bindings-can-mcp251x-add-mcp25625-support.patch
Checking patch Documentation/devicetree/bindings/net/can/microchip,mcp251x.txt...
git apply status: 0
trying to patch file: patchfile:hello/3986-can-mcp251x-add-support-for-mcp25625.patch
Checking patch drivers/net/can/spi/Kconfig...
Checking patch drivers/net/can/spi/mcp251x.c...
git apply status: 0
trying to patch file: patchfile:hello/3987-can-m_can-implement-errata-Needless-activation-of-MR.patch
Checking patch drivers/net/can/m_can/m_can.c...
git apply status: 0
trying to patch file: patchfile:hello/3988-can-af_can-Fix-error-path-of-can_init.patch
Checking patch net/can/af_can.c...
git apply status: 0
trying to patch file: patchfile:hello/3989-ibmvnic-Refresh-device-multicast-list-after-reset.patch
Checking patch drivers/net/ethernet/ibm/ibmvnic.c...
git apply status: 0
trying to patch file: patchfile:hello/3990-ARM-dts-am335x-phytec-boards-Fix-cd-gpios-active-lev.patch
Checking patch arch/arm/boot/dts/am335x-pcm-953.dtsi...
Checking patch arch/arm/boot/dts/am335x-wega.dtsi...
git apply status: 0
trying to patch file: patchfile:hello/3991-Input-imx_keypad-make-sure-keyboard-can-always-wake-.patch
Checking patch drivers/input/keyboard/imx_keypad.c...
git apply status: 0
trying to patch file: patchfile:hello/3992-KVM-arm-arm64-vgic-Fix-kvm_device-leak-in-vgic_its_d.patch
Checking patch virt/kvm/arm/vgic/vgic-its.c...
git apply status: 0
trying to patch file: patchfile:hello/3993-mlxsw-spectrum-Disallow-prio-tagged-packets-when-PVI.patch
Checking patch drivers/net/ethernet/mellanox/mlxsw/reg.h...
git apply status: 0
trying to patch file: patchfile:hello/3994-ARM-davinci-da850-evm-call-regulator_has_full_constr.patch
Checking patch arch/arm/mach-davinci/board-da850-evm.c...
git apply status: 0
trying to patch file: patchfile:hello/3995-ARM-davinci-da8xx-specify-dma_coherent_mask-for-lcdc.patch
Checking patch arch/arm/mach-davinci/devices-da8xx.c...
git apply status: 0
trying to patch file: patchfile:hello/3996-mac80211-only-warn-once-on-chanctx_conf-being-NULL.patch
Checking patch net/mac80211/ieee80211_i.h...
git apply status: 0
trying to patch file: patchfile:hello/3997-qmi_wwan-add-support-for-QMAP-padding-in-the-RX-path.patch
Checking patch drivers/net/usb/qmi_wwan.c...
git apply status: 0
trying to patch file: patchfile:hello/3998-qmi_wwan-avoid-RCU-stalls-on-device-disconnect-when-.patch
Checking patch drivers/net/usb/qmi_wwan.c...
git apply status: 0
trying to patch file: patchfile:hello/3999-qmi_wwan-extend-permitted-QMAP-mux_id-value-range.patch
Checking patch Documentation/ABI/testing/sysfs-class-net-qmi...
Checking patch drivers/net/usb/qmi_wwan.c...
git apply status: 0
trying to patch file: patchfile:hello/4000-md-fix-for-divide-error-in-status_resync.patch
Checking patch drivers/md/md.c...
git apply status: 0
trying to patch file: patchfile:hello/4001-bnx2x-Check-if-transceiver-implements-DDM-before-acc.patch
Checking patch drivers/net/ethernet/broadcom/bnx2x/bnx2x_ethtool.c...
Checking patch drivers/net/ethernet/broadcom/bnx2x/bnx2x_link.h...
git apply status: 0
trying to patch file: patchfile:hello/4002-drm-return-EFAULT-if-copy_to_user-fails.patch
Checking patch drivers/gpu/drm/drm_bufs.c...
Checking patch drivers/gpu/drm/drm_ioc32.c...
git apply status: 0
trying to patch file: patchfile:hello/4003-ip6_tunnel-allow-not-to-count-pkts-on-tstats-by-pass.patch
Checking patch include/net/ip6_tunnel.h...
git apply status: 0
trying to patch file: patchfile:hello/4004-net-lio_core-fix-potential-sign-extension-overflow-o.patch
Checking patch drivers/net/ethernet/cavium/liquidio/lio_core.c...
git apply status: 0
trying to patch file: patchfile:hello/4005-quota-fix-a-problem-about-transfer-quota.patch
Checking patch fs/quota/dquot.c...
git apply status: 0
trying to patch file: patchfile:hello/4006-net-dsa-mv88e6xxx-fix-shift-of-FID-bits-in-mv88e6185.patch
Checking patch drivers/net/dsa/mv88e6xxx/global1_vtu.c...
git apply status: 0
patch end(4006) reached(4006). 				submit these and comeback and proceed: last patched hello/4006-net-dsa-mv88e6xxx-fix-shift-of-FID-bits-in-mv88e6185.patch
