4726
4776
trying to patch file: patchfile:hello/4726-sdk_fman-add-an-option-for-RTC-1588-timer-initializa.patch
Checking patch drivers/net/ethernet/freescale/sdk_fman/Kconfig...
Checking patch drivers/net/ethernet/freescale/sdk_fman/Peripherals/FM/Makefile...
Checking patch drivers/net/ethernet/freescale/sdk_fman/Peripherals/FM/fm.c...
Checking patch drivers/net/ethernet/freescale/sdk_fman/src/inc/wrapper/lnxwrp_fsl_fman.h...
Checking patch drivers/net/ethernet/freescale/sdk_fman/src/wrapper/lnxwrp_fm.c...
warning: drivers/net/ethernet/freescale/sdk_fman/src/wrapper/lnxwrp_fm.c has type 100644, expected 100755
warning: drivers/net/ethernet/freescale/sdk_fman/src/wrapper/lnxwrp_fm.c has type 100644, expected 100755
git apply status: 0
trying to patch file: patchfile:hello/4727-gpio-mpc8xxx-change-irq-handler-from-chained-to-norm.patch
Checking patch drivers/gpio/gpio-mpc8xxx.c...
git apply status: 0
trying to patch file: patchfile:hello/4728-arm64-dts-ls1028a-Correction-the-core-clock-of-the-H.patch
Checking patch arch/arm64/boot/dts/freescale/fsl-ls1028a.dtsi...
git apply status: 0
trying to patch file: patchfile:hello/4729-arm64-dts-ls1028a-Update-fspi-reg-properties.patch
Checking patch arch/arm64/boot/dts/freescale/fsl-ls1028a.dtsi...
git apply status: 0
trying to patch file: patchfile:hello/4730-arm64-dts-ls1028a-Fix-interrupt-map-property-of-PCIe.patch
Checking patch arch/arm64/boot/dts/freescale/fsl-ls1028a.dtsi...
git apply status: 0
trying to patch file: patchfile:hello/4731-clk-ls1028a-Update-the-Display-output-interface-cloc.patch
Checking patch drivers/clk/clk-plldig.c...
git apply status: 0
trying to patch file: patchfile:hello/4732-drm-imx-hdp-Correction-the-core-clock-of-the-DP-Cont.patch
Checking patch drivers/gpu/drm/imx/hdp/imx-dp.c...
git apply status: 0
trying to patch file: patchfile:hello/4733-Copyright-enetc-modify-the-Copyright-to-adapt-to-new.patch
Checking patch drivers/net/ethernet/freescale/enetc_mdio.c...
git apply status: 0
trying to patch file: patchfile:hello/4734-mtd-spi-nor-Add-support-for-mt35xu02g.patch
Checking patch drivers/mtd/spi-nor/spi-nor.c...
Hunk #1 succeeded at 1057 (offset 7 lines).
git apply status: 0
trying to patch file: patchfile:hello/4735-dt-bindings-PCI-designware-Remove-the-num-lanes-from.patch
Checking patch Documentation/devicetree/bindings/pci/designware-pcie.txt...
git apply status: 0
trying to patch file: patchfile:hello/4736-PCI-dwc-Return-directly-when-num-lanes-is-not-found.patch
Checking patch drivers/pci/dwc/pcie-designware.c...
git apply status: 0
trying to patch file: patchfile:hello/4737-felix-TSN-algin-to-TSN-switch-driver-in-4.19-kernel.patch
Checking patch drivers/net/ethernet/mscc/Makefile...
Checking patch drivers/net/ethernet/mscc/felix_board.c...
Checking patch drivers/net/ethernet/mscc/felix_tsn.c...
Checking patch drivers/net/ethernet/mscc/felix_tsn.h...
Checking patch drivers/net/ethernet/mscc/ocelot.h...
Checking patch drivers/net/ethernet/mscc/tsn_switch.c...
Checking patch drivers/net/ethernet/mscc/tsn_switch.h...
git apply status: 0
trying to patch file: patchfile:hello/4738-ARM-dts-ls1021a-Remove-num-lanes-property-from-PCIe-.patch
Checking patch arch/arm/boot/dts/ls1021a.dtsi...
git apply status: 0
trying to patch file: patchfile:hello/4739-arm64-dts-fsl-Remove-num-lanes-property-from-PCIe-no.patch
Checking patch arch/arm64/boot/dts/freescale/fsl-ls1012a.dtsi...
Checking patch arch/arm64/boot/dts/freescale/fsl-ls1028a.dtsi...
Checking patch arch/arm64/boot/dts/freescale/fsl-ls1043a.dtsi...
Checking patch arch/arm64/boot/dts/freescale/fsl-ls1046a.dtsi...
Hunk #1 succeeded at 698 (offset 2 lines).
Hunk #2 succeeded at 735 (offset 2 lines).
Hunk #3 succeeded at 772 (offset 2 lines).
Checking patch arch/arm64/boot/dts/freescale/fsl-ls1088a.dtsi...
Checking patch arch/arm64/boot/dts/freescale/fsl-ls208xa.dtsi...
git apply status: 0
trying to patch file: patchfile:hello/4740-bus-mc-bus-Add-support-for-mapping-shareable-portals.patch
Checking patch drivers/bus/fsl-mc/dprc.c...
Checking patch include/linux/fsl/mc.h...
git apply status: 0
trying to patch file: patchfile:hello/4741-ASoC-sgtl5000-Allow-SCLK-pad-drive-strength-to-be-ch.patch
Checking patch Documentation/devicetree/bindings/sound/sgtl5000.txt...
Checking patch sound/soc/codecs/sgtl5000.c...
git apply status: 0
trying to patch file: patchfile:hello/4742-Revert-PCI-Mark-NXP-LS1088-to-avoid-bus-reset-bus.patch
Checking patch drivers/pci/quirks.c...
git apply status: 0
trying to patch file: patchfile:hello/4743-arm64-dts-ls1028a-add-a-dts-file-for-DPDK.patch
Checking patch arch/arm64/boot/dts/freescale/Makefile...
Hunk #1 succeeded at 9 (offset 3 lines).
Checking patch arch/arm64/boot/dts/freescale/fsl-ls1028a-rdb-dpdk.dts...
git apply status: 0
trying to patch file: patchfile:hello/4744-net-phy-add-interface-mode-PHY_INTERFACE_MODE_USXGMI.patch
Checking patch include/linux/phy.h...
Hunk #2 succeeded at 165 (offset 4 lines).
git apply status: 0
trying to patch file: patchfile:hello/4745-drivers-net-phy-aquantia-enable-AQR112-and-AQR412.patch
Checking patch drivers/net/phy/aquantia.c...
git apply status: 0
trying to patch file: patchfile:hello/4746-Revert-soc-fsl-dpio-enable-qbman-CENA-portal-memory-.patch
Checking patch drivers/staging/fsl-mc/bus/dpio/qbman-portal.c...
git apply status: 0
trying to patch file: patchfile:hello/4747-Revert-soc-fsl-dpio-Add-support-for-QBMan-ring-bulk-.patch
Checking patch drivers/staging/fsl-mc/bus/dpio/dpio-service.c...
Checking patch drivers/staging/fsl-mc/bus/dpio/qbman-portal.c...
Checking patch drivers/staging/fsl-mc/bus/dpio/qbman-portal.h...
Checking patch drivers/staging/fsl-mc/include/dpaa2-io.h...
git apply status: 0
trying to patch file: patchfile:hello/4748-arm64-lsdk.config-enable-TSN-on-ENETC-and-felix.patch
Checking patch arch/arm64/configs/lsdk.config...
error: while searching for:

# enable iommu passthrough by default for performance
CONFIG_IOMMU_DEFAULT_PASSTHROUGH=y

error: patch failed: arch/arm64/configs/lsdk.config:121
error: arch/arm64/configs/lsdk.config: patch does not apply
git apply test (--check) failed: 4748, commit all changes so far, try just patch with hello/4748-arm64-lsdk.config-enable-TSN-on-ENETC-and-felix.patch
tets it yourself: git apply --check -v hello/4748-arm64-lsdk.config-enable-TSN-on-ENETC-and-felix.patch
