4688
4738
trying to patch file: patchfile:hello/4688-ptp_qoriq-support-external-trigger-stamp-FIFO.patch
Checking patch drivers/ptp/ptp_qoriq.c...
Checking patch include/linux/fsl/ptp_qoriq.h...
git apply status: 0
trying to patch file: patchfile:hello/4689-ptp-rework-gianfar_ptp-as-QorIQ-common-PTP-driver-kc.patch
Checking patch drivers/ptp/Kconfig...
git apply status: 0
trying to patch file: patchfile:hello/4690-ptp-add-debugfs-support-for-ptp_qoriq.patch
Checking patch drivers/ptp/Kconfig...
Checking patch drivers/ptp/Makefile...
Checking patch drivers/ptp/ptp_qoriq.c...
Checking patch drivers/ptp/ptp_qoriq_debugfs.c...
Checking patch include/linux/fsl/ptp_qoriq.h...
git apply status: 0
trying to patch file: patchfile:hello/4691-ptp-fix-debugfs_simple_attr.cocci-warnings.patch
Checking patch drivers/ptp/ptp_qoriq_debugfs.c...
git apply status: 0
trying to patch file: patchfile:hello/4692-ptp_qoriq-make-structure-function-names-more-consist.patch
Checking patch drivers/ptp/ptp_qoriq.c...
Checking patch drivers/ptp/ptp_qoriq_debugfs.c...
Checking patch include/linux/fsl/ptp_qoriq.h...
git apply status: 0
trying to patch file: patchfile:hello/4693-ptp_qoriq-make-ptp-operations-global.patch
Checking patch drivers/ptp/ptp_qoriq.c...
Checking patch include/linux/fsl/ptp_qoriq.h...
git apply status: 0
trying to patch file: patchfile:hello/4694-ptp_qoriq-convert-to-use-ptp_qoriq_init-free.patch
Checking patch drivers/ptp/ptp_qoriq.c...
Checking patch include/linux/fsl/ptp_qoriq.h...
git apply status: 0
trying to patch file: patchfile:hello/4695-ptp_qoriq-add-little-enadian-support.patch
Checking patch drivers/ptp/ptp_qoriq.c...
Checking patch drivers/ptp/ptp_qoriq_debugfs.c...
Checking patch include/linux/fsl/ptp_qoriq.h...
git apply status: 0
trying to patch file: patchfile:hello/4696-ptp_qoriq-fix-register-memory-map.patch
Checking patch drivers/ptp/ptp_qoriq.c...
Checking patch include/linux/fsl/ptp_qoriq.h...
git apply status: 0
trying to patch file: patchfile:hello/4697-ptp-support-DPAA-FMan-1588-timer-in-ptp_qoriq-kconfi.patch
Checking patch drivers/ptp/Kconfig...
git apply status: 0
trying to patch file: patchfile:hello/4698-ptp-add-QorIQ-PTP-support-for-ENETC.patch
Checking patch drivers/ptp/Kconfig...
git apply status: 0
trying to patch file: patchfile:hello/4699-ptp_qoriq-don-t-pass-a-large-struct-by-value-but-ins.patch
Checking patch drivers/ptp/ptp_qoriq.c...
Checking patch include/linux/fsl/ptp_qoriq.h...
git apply status: 0
trying to patch file: patchfile:hello/4700-ptp-add-QorIQ-PTP-support-for-DPAA2.patch
Checking patch drivers/ptp/Kconfig...
git apply status: 0
trying to patch file: patchfile:hello/4701-ptp_qoriq-fix-NULL-access-if-ptp-dt-node-missing.patch
Checking patch drivers/ptp/ptp_qoriq.c...
git apply status: 0
trying to patch file: patchfile:hello/4702-ptp-support-ptp_qoriq-driver-for-sdk-dpaa.patch
Checking patch drivers/ptp/Kconfig...
git apply status: 0
trying to patch file: patchfile:hello/4703-ARM-dts-ls1021a-add-1588-external-trigger-stamp-fifo.patch
Checking patch arch/arm/boot/dts/ls1021a.dtsi...
git apply status: 0
trying to patch file: patchfile:hello/4704-arm64-dts-fsl-add-ptp-timer-node-for-dpaa2-platforms.patch
Checking patch arch/arm64/boot/dts/freescale/fsl-ls1088a.dtsi...
Checking patch arch/arm64/boot/dts/freescale/fsl-ls208xa.dtsi...
Checking patch arch/arm64/boot/dts/freescale/fsl-lx2160a.dtsi...
git apply status: 0
trying to patch file: patchfile:hello/4705-soc-fsl-dpio-Add-support-for-QBMan-ring-bulk-enqueue.patch
Checking patch drivers/staging/fsl-mc/bus/dpio/dpio-service.c...
Checking patch drivers/staging/fsl-mc/bus/dpio/qbman-portal.c...
Checking patch drivers/staging/fsl-mc/bus/dpio/qbman-portal.h...
Checking patch drivers/staging/fsl-mc/include/dpaa2-io.h...
git apply status: 0
trying to patch file: patchfile:hello/4706-soc-fsl-dpio-change-CENA-regs-to-be-cacheable.patch
Checking patch drivers/staging/fsl-mc/bus/dpio/dpio-driver.c...
git apply status: 0
trying to patch file: patchfile:hello/4707-soc-fsl-dpio-enable-qbman-CENA-portal-memory-access.patch
Checking patch drivers/staging/fsl-mc/bus/dpio/qbman-portal.c...
git apply status: 0
trying to patch file: patchfile:hello/4708-soc-fsl-dpio-add-congestion-notification-support.patch
Checking patch drivers/staging/fsl-mc/include/dpaa2-global.h...
git apply status: 0
trying to patch file: patchfile:hello/4709-soc-fsl-dpio-add-support-for-opr.patch
Checking patch drivers/staging/fsl-mc/include/dpaa2-global.h...
git apply status: 0
trying to patch file: patchfile:hello/4710-soc-fsl-dpio-Remove-duplicated-definitions.patch
Checking patch drivers/staging/fsl-mc/include/dpaa2-global.h...
Checking patch drivers/staging/fsl-mc/include/dpaa2-io.h...
git apply status: 0
trying to patch file: patchfile:hello/4711-net-mscc-Add-Ocelot-switch-support.patch
Checking patch drivers/net/ethernet/mscc/Kconfig...
Checking patch drivers/net/ethernet/mscc/Makefile...
Checking patch drivers/net/ethernet/mscc/felix_board.c...
Checking patch drivers/net/ethernet/mscc/felix_ptp.c...
Checking patch drivers/net/ethernet/mscc/felix_regs.c...
Checking patch drivers/net/ethernet/mscc/ocelot.c...
Checking patch drivers/net/ethernet/mscc/ocelot.h...
Checking patch drivers/net/ethernet/mscc/ocelot_ana.h...
Checking patch drivers/net/ethernet/mscc/ocelot_board.c...
Checking patch drivers/net/ethernet/mscc/ocelot_dev.h...
Checking patch drivers/net/ethernet/mscc/ocelot_dev_gmii.h...
Checking patch drivers/net/ethernet/mscc/ocelot_hsio.h...
Checking patch drivers/net/ethernet/mscc/ocelot_io.c...
Checking patch drivers/net/ethernet/mscc/ocelot_ptp.h...
Checking patch drivers/net/ethernet/mscc/ocelot_qs.h...
Checking patch drivers/net/ethernet/mscc/ocelot_qsys.h...
Checking patch drivers/net/ethernet/mscc/ocelot_regs.c...
Checking patch drivers/net/ethernet/mscc/ocelot_rew.h...
Checking patch drivers/net/ethernet/mscc/ocelot_sys.h...
Checking patch drivers/net/ethernet/mscc/tsn_switch.c...
Checking patch drivers/net/ethernet/mscc/tsn_switch.h...
git apply status: 0
trying to patch file: patchfile:hello/4712-driver-enetc-Introduce-enetc-driver.patch
Checking patch drivers/net/ethernet/freescale/enetc/Kconfig...
Checking patch drivers/net/ethernet/freescale/enetc/Makefile...
Checking patch drivers/net/ethernet/freescale/enetc/enetc.c...
Checking patch drivers/net/ethernet/freescale/enetc/enetc.h...
Checking patch drivers/net/ethernet/freescale/enetc/enetc_cbdr.c...
Checking patch drivers/net/ethernet/freescale/enetc/enetc_ethtool.c...
Checking patch drivers/net/ethernet/freescale/enetc/enetc_hw.h...
Checking patch drivers/net/ethernet/freescale/enetc/enetc_mdio.c...
Checking patch drivers/net/ethernet/freescale/enetc/enetc_msg.c...
Checking patch drivers/net/ethernet/freescale/enetc/enetc_pf.c...
Checking patch drivers/net/ethernet/freescale/enetc/enetc_pf.h...
Checking patch drivers/net/ethernet/freescale/enetc/enetc_ptp.c...
Checking patch drivers/net/ethernet/freescale/enetc/enetc_tsn.c...
Checking patch drivers/net/ethernet/freescale/enetc/enetc_vf.c...
Checking patch drivers/net/ethernet/freescale/enetc_mdio.c...
git apply status: 0
trying to patch file: patchfile:hello/4713-tsn-add-tsn-netlink-interface-driver.patch
Checking patch include/net/tsn.h...
Checking patch include/uapi/linux/tsn.h...
Checking patch net/tsn/Kconfig...
Checking patch net/tsn/Makefile...
Checking patch net/tsn/genl_tsn.c...
git apply status: 0
trying to patch file: patchfile:hello/4714-enetc-add-config-part.patch
Checking patch drivers/net/ethernet/Kconfig...
Checking patch drivers/net/ethernet/Makefile...
Checking patch drivers/net/ethernet/freescale/Kconfig...
Checking patch drivers/net/ethernet/freescale/Makefile...
Checking patch net/Kconfig...
Hunk #1 succeeded at 224 (offset 2 lines).
Checking patch net/Makefile...
git apply status: 0
trying to patch file: patchfile:hello/4715-enetc-mdio-Update-xgamc-mdio-driver-to-support-probi.patch
Checking patch drivers/net/ethernet/freescale/xgmac_mdio.c...
git apply status: 0
trying to patch file: patchfile:hello/4716-enetc-mdio-drive-ENETC-MDIO-from-the-PCI-PF-driver.patch
Checking patch drivers/net/ethernet/freescale/xgmac_mdio.c...
Checking patch drivers/net/ethernet/freescale/xgmac_mdio.h...
git apply status: 0
trying to patch file: patchfile:hello/4717-enetc_ptp-update-to-latest-upstream-driver.patch
Checking patch drivers/net/ethernet/freescale/enetc/Kconfig...
Checking patch drivers/net/ethernet/freescale/enetc/enetc_ptp.c...
git apply status: 0
trying to patch file: patchfile:hello/4718-dts-ls1028a-add-nodes-related-to-enetc.patch
Checking patch arch/arm64/boot/dts/freescale/fsl-ls1028a-qds.dts...
Checking patch arch/arm64/boot/dts/freescale/fsl-ls1028a-rdb.dts...
Checking patch arch/arm64/boot/dts/freescale/fsl-ls1028a.dtsi...
git apply status: 0
trying to patch file: patchfile:hello/4719-driver-enetc-add-ENETC_DEV_ID_PTP-definition.patch
Checking patch drivers/net/ethernet/freescale/enetc/enetc_hw.h...
git apply status: 0
trying to patch file: patchfile:hello/4720-bus-fsl-mc-use-raw-spin-lock-to-serialize-mc-cmds.patch
Checking patch drivers/bus/fsl-mc/mc-io.c...
Checking patch drivers/bus/fsl-mc/mc-sys.c...
Checking patch include/linux/fsl/mc.h...
git apply status: 0
trying to patch file: patchfile:hello/4721-soc-fsl-dpio-configure-cache-stashing-destination.patch
Checking patch drivers/staging/fsl-mc/bus/Kconfig...
Checking patch drivers/staging/fsl-mc/bus/dpio/dpio-cmd.h...
Checking patch drivers/staging/fsl-mc/bus/dpio/dpio-driver.c...
Checking patch drivers/staging/fsl-mc/bus/dpio/dpio.c...
Checking patch drivers/staging/fsl-mc/bus/dpio/dpio.h...
git apply status: 0
trying to patch file: patchfile:hello/4722-arm64-lsdk.config-Remove-non-NXP-modules.patch
Checking patch arch/arm64/configs/lsdk.config...
Hunk #1 succeeded at 108 (offset 24 lines).
git apply status: 0
trying to patch file: patchfile:hello/4723-arm64-lsdk.config-Remove-unnecessary-CONFIG_BLK_DEV_.patch
Checking patch arch/arm64/configs/lsdk.config...
git apply status: 0
trying to patch file: patchfile:hello/4724-arm-lsdk.config-Remove-non-NXP-modules.patch
Checking patch arch/arm/configs/lsdk.config...
git apply status: 0
trying to patch file: patchfile:hello/4725-arm64-lsdk.config-Enable-IOMMU-passthrough-by-defaul.patch
Checking patch arch/arm64/configs/lsdk.config...
error: while searching for:

# docker
CONFIG_OVERLAY_FS=y

error: patch failed: arch/arm64/configs/lsdk.config:118
error: arch/arm64/configs/lsdk.config: patch does not apply
git apply test (--check) failed: 4725, commit all changes so far, try just patch with hello/4725-arm64-lsdk.config-Enable-IOMMU-passthrough-by-defaul.patch
tets it yourself: git apply --check -v hello/4725-arm64-lsdk.config-Enable-IOMMU-passthrough-by-defaul.patch
