4078
4128
trying to patch file: patchfile:hello/4078-crypto-talitos-Align-SEC1-accesses-to-32-bits-bounda.patch
Checking patch drivers/crypto/talitos.c...
Hunk #1 succeeded at 4074 (offset 955 lines).
git apply status: 0
trying to patch file: patchfile:hello/4079-tua6100-Avoid-build-warnings.patch
Checking patch drivers/media/dvb-frontends/tua6100.c...
git apply status: 0
trying to patch file: patchfile:hello/4080-locking-lockdep-Fix-merging-of-hlocks-with-non-zero-.patch
Checking patch kernel/locking/lockdep.c...
git apply status: 0
trying to patch file: patchfile:hello/4081-media-wl128x-Fix-some-error-handling-in-fm_v4l2_init.patch
Checking patch drivers/media/radio/wl128x/fmdrv_v4l2.c...
git apply status: 0
trying to patch file: patchfile:hello/4082-cpupower-frequency-set-r-option-misses-the-last-cpu-.patch
Checking patch tools/power/cpupower/utils/cpufreq-set.c...
git apply status: 0
trying to patch file: patchfile:hello/4083-net-stmmac-dwmac4-fix-flow-control-issue.patch
Checking patch drivers/net/ethernet/stmicro/stmmac/dwmac4_core.c...
git apply status: 0
trying to patch file: patchfile:hello/4084-net-fec-Do-not-use-netdev-messages-too-early.patch
Checking patch drivers/net/ethernet/freescale/fec_main.c...
git apply status: 0
trying to patch file: patchfile:hello/4085-net-axienet-Fix-race-condition-causing-TX-hang.patch
Checking patch drivers/net/ethernet/xilinx/xilinx_axienet_main.c...
git apply status: 0
trying to patch file: patchfile:hello/4086-s390-qdio-handle-PENDING-state-for-QEBSM-devices.patch
Checking patch drivers/s390/cio/qdio_main.c...
git apply status: 0
trying to patch file: patchfile:hello/4087-RAS-CEC-Fix-pfn-insertion.patch
Checking patch drivers/ras/cec.c...
git apply status: 0
trying to patch file: patchfile:hello/4088-net-sfp-add-mutex-to-prevent-concurrent-state-checks.patch
Checking patch drivers/net/phy/sfp.c...
git apply status: 0
trying to patch file: patchfile:hello/4089-ipset-Fix-memory-accounting-for-hash-types-on-resize.patch
Checking patch net/netfilter/ipset/ip_set_hash_gen.h...
git apply status: 0
trying to patch file: patchfile:hello/4090-perf-cs-etm-Properly-set-the-value-of-old-and-head-i.patch
Checking patch tools/perf/arch/arm/util/cs-etm.c...
git apply status: 0
trying to patch file: patchfile:hello/4091-perf-test-6-Fix-missing-kvm-module-load-for-s390.patch
Checking patch tools/perf/tests/parse-events.c...
git apply status: 0
trying to patch file: patchfile:hello/4092-media-fdp1-Support-M3N-and-E3-platforms.patch
Checking patch drivers/media/platform/rcar_fdp1.c...
git apply status: 0
trying to patch file: patchfile:hello/4093-iommu-Fix-a-leak-in-iommu_insert_resv_region.patch
Checking patch drivers/iommu/iommu.c...
Hunk #1 succeeded at 206 (offset 1 line).
Hunk #2 succeeded at 233 (offset 1 line).
git apply status: 0
trying to patch file: patchfile:hello/4094-gpio-omap-fix-lack-of-irqstatus_raw0-for-OMAP4.patch
Checking patch drivers/gpio/gpio-omap.c...
git apply status: 0
trying to patch file: patchfile:hello/4095-gpio-omap-ensure-irq-is-enabled-before-wakeup.patch
Checking patch drivers/gpio/gpio-omap.c...
git apply status: 0
trying to patch file: patchfile:hello/4096-regmap-fix-bulk-writes-on-paged-registers.patch
Checking patch drivers/base/regmap/regmap.c...
git apply status: 0
trying to patch file: patchfile:hello/4097-bpf-silence-warning-messages-in-core.patch
Checking patch kernel/bpf/Makefile...
git apply status: 0
trying to patch file: patchfile:hello/4098-rcu-Force-inlining-of-rcu_read_lock.patch
Checking patch include/linux/rcupdate.h...
git apply status: 0
trying to patch file: patchfile:hello/4099-x86-cpufeatures-Add-FDP_EXCPTN_ONLY-and-ZERO_FCS_FDS.patch
Checking patch arch/x86/include/asm/cpufeatures.h...
git apply status: 0
trying to patch file: patchfile:hello/4100-blkcg-writeback-dead-memcgs-shouldn-t-contribute-to-.patch
Checking patch fs/fs-writeback.c...
git apply status: 0
trying to patch file: patchfile:hello/4101-xfrm-fix-sa-selector-validation.patch
Checking patch net/xfrm/xfrm_user.c...
Hunk #1 succeeded at 170 (offset 4 lines).
git apply status: 0
trying to patch file: patchfile:hello/4102-sched-core-Add-__sched-tag-for-io_schedule.patch
Checking patch kernel/sched/core.c...
git apply status: 0
trying to patch file: patchfile:hello/4103-x86-atomic-Fix-smp_mb__-before-after-_atomic.patch
Checking patch Documentation/atomic_t.txt...
Checking patch arch/x86/include/asm/atomic.h...
Checking patch arch/x86/include/asm/atomic64_64.h...
Checking patch arch/x86/include/asm/barrier.h...
git apply status: 0
trying to patch file: patchfile:hello/4104-perf-evsel-Make-perf_evsel__name-accept-a-NULL-argum.patch
Checking patch tools/perf/util/evsel.c...
git apply status: 0
trying to patch file: patchfile:hello/4105-vhost_net-disable-zerocopy-by-default.patch
Checking patch drivers/vhost/net.c...
git apply status: 0
trying to patch file: patchfile:hello/4106-ipoib-correcly-show-a-VF-hardware-address.patch
Checking patch drivers/infiniband/ulp/ipoib/ipoib_main.c...
git apply status: 0
trying to patch file: patchfile:hello/4107-EDAC-sysfs-Fix-memory-leak-when-creating-a-csrow-obj.patch
Checking patch drivers/edac/edac_mc_sysfs.c...
git apply status: 0
trying to patch file: patchfile:hello/4108-ipsec-select-crypto-ciphers-for-xfrm_algo.patch
Checking patch net/xfrm/Kconfig...
git apply status: 0
trying to patch file: patchfile:hello/4109-ipvs-defer-hook-registration-to-avoid-leaks.patch
Checking patch net/netfilter/ipvs/ip_vs_core.c...
git apply status: 0
trying to patch file: patchfile:hello/4110-media-s5p-mfc-Make-additional-clocks-optional.patch
Checking patch drivers/media/platform/s5p-mfc/s5p_mfc_pm.c...
git apply status: 0
trying to patch file: patchfile:hello/4111-media-i2c-fix-warning-same-module-names.patch
Checking patch drivers/media/i2c/Makefile...
Checking patch drivers/media/i2c/adv7511.c => drivers/media/i2c/adv7511-v4l2.c...
git apply status: 0
trying to patch file: patchfile:hello/4112-ntp-Limit-TAI-UTC-offset.patch
Checking patch kernel/time/ntp.c...
git apply status: 0
trying to patch file: patchfile:hello/4113-timer_list-Guard-procfs-specific-code.patch
Checking patch kernel/time/timer_list.c...
git apply status: 0
trying to patch file: patchfile:hello/4114-acpi-arm64-ignore-5.1-FADTs-that-are-reported-as-5.0.patch
Checking patch arch/arm64/kernel/acpi.c...
git apply status: 0
trying to patch file: patchfile:hello/4115-media-coda-fix-mpeg2-sequence-number-handling.patch
Checking patch drivers/media/platform/coda/coda-bit.c...
git apply status: 0
trying to patch file: patchfile:hello/4116-media-coda-fix-last-buffer-handling-in-V4L2_ENC_CMD_.patch
Checking patch drivers/media/platform/coda/coda-common.c...
git apply status: 0
trying to patch file: patchfile:hello/4117-media-coda-increment-sequence-offset-for-the-last-re.patch
Checking patch drivers/media/platform/coda/coda-bit.c...
git apply status: 0
trying to patch file: patchfile:hello/4118-media-vimc-cap-check-v4l2_fill_pixfmt-return-value.patch
Checking patch drivers/media/platform/vimc/vimc-capture.c...
git apply status: 0
trying to patch file: patchfile:hello/4119-media-hdpvr-fix-locking-and-a-missing-msleep.patch
Checking patch drivers/media/usb/hdpvr/hdpvr-video.c...
git apply status: 0
trying to patch file: patchfile:hello/4120-rtlwifi-rtl8192cu-fix-error-handle-when-usb-probe-fa.patch
Checking patch drivers/net/wireless/realtek/rtlwifi/usb.c...
git apply status: 0
trying to patch file: patchfile:hello/4121-mt7601u-do-not-schedule-rx_tasklet-when-the-device-h.patch
Checking patch drivers/net/wireless/mediatek/mt7601u/dma.c...
git apply status: 0
trying to patch file: patchfile:hello/4122-x86-build-Add-set-e-to-mkcapflags.sh-to-delete-broke.patch
Checking patch arch/x86/kernel/cpu/mkcapflags.sh...
git apply status: 0
trying to patch file: patchfile:hello/4123-mt7601u-fix-possible-memory-leak-when-the-device-is-.patch
Checking patch drivers/net/wireless/mediatek/mt7601u/dma.c...
Checking patch drivers/net/wireless/mediatek/mt7601u/tx.c...
git apply status: 0
trying to patch file: patchfile:hello/4124-ipvs-fix-tinfo-memory-leak-in-start_sync_thread.patch
Checking patch include/net/ip_vs.h...
Checking patch net/netfilter/ipvs/ip_vs_ctl.c...
Checking patch net/netfilter/ipvs/ip_vs_sync.c...
git apply status: 0
trying to patch file: patchfile:hello/4125-ath10k-add-missing-error-handling.patch
Checking patch drivers/net/wireless/ath/ath10k/sdio.c...
git apply status: 0
trying to patch file: patchfile:hello/4126-ath10k-fix-PCIE-device-wake-up-failed.patch
Checking patch drivers/net/wireless/ath/ath10k/hw.c...
git apply status: 0
trying to patch file: patchfile:hello/4127-perf-tools-Increase-MAX_NR_CPUS-and-MAX_CACHES.patch
Checking patch tools/perf/perf.h...
Checking patch tools/perf/util/header.c...
git apply status: 0
trying to patch file: patchfile:hello/4128-libata-don-t-request-sense-data-on-ZAC-ATA-devices.patch
Checking patch drivers/ata/libata-eh.c...
git apply status: 0
patch end(4128) reached(4128). 				submit these and comeback and proceed: last patched hello/4128-libata-don-t-request-sense-data-on-ZAC-ATA-devices.patch
