4637
4687
trying to patch file: patchfile:hello/4637-arm-multi_v7_defconfig-replace-old-flextimer-driver.patch
Checking patch arch/arm/configs/multi_v7_defconfig...
git apply status: 0
trying to patch file: patchfile:hello/4638-arm64-defconfig-rtc-pcf85263-replace-PCF85263-with-P.patch
Checking patch arch/arm64/configs/defconfig...
Hunk #1 succeeded at 522 (offset 2 lines).
git apply status: 0
trying to patch file: patchfile:hello/4639-Revert-armv8-pm-change-error-message-pop-logic.patch
Checking patch drivers/soc/fsl/rcpm.c...
git apply status: 0
trying to patch file: patchfile:hello/4640-PM-wakeup-Add-routine-to-help-fetch-wakeup-source-ob.patch
Checking patch drivers/base/power/wakeup.c...
Checking patch include/linux/pm_wakeup.h...
git apply status: 0
trying to patch file: patchfile:hello/4641-Documentation-dt-binding-fsl-Add-little-endian-and-u.patch
Checking patch Documentation/devicetree/bindings/soc/fsl/rcpm.txt...
git apply status: 0
trying to patch file: patchfile:hello/4642-soc-fsl-add-RCPM-driver.patch
Checking patch drivers/soc/fsl/Kconfig...
Checking patch drivers/soc/fsl/rcpm.c...
git apply status: 0
trying to patch file: patchfile:hello/4643-rtc-add-support-for-NXP-PCF85363-real-time-clock.patch
Checking patch Documentation/devicetree/bindings/rtc/pcf85363.txt...
Checking patch drivers/rtc/Kconfig...
Checking patch drivers/rtc/Makefile...
Checking patch drivers/rtc/rtc-pcf85363.c...
hello/4643-rtc-add-support-for-NXP-PCF85363-real-time-clock.patch:49: new blank line at EOF.
+
warning: 1 line adds whitespace errors.
git apply status: 0
trying to patch file: patchfile:hello/4644-rtc-pcf85363-call-rtc_nvmem_register.patch
Checking patch drivers/rtc/rtc-pcf85363.c...
git apply status: 0
trying to patch file: patchfile:hello/4645-rtc-pcf85363-put-struct-nvmem_config-on-the-stack.patch
Checking patch drivers/rtc/rtc-pcf85363.c...
git apply status: 0
trying to patch file: patchfile:hello/4646-rtc-pcf85363-add-.max_register-in-regmap_config.patch
Checking patch drivers/rtc/rtc-pcf85363.c...
git apply status: 0
trying to patch file: patchfile:hello/4647-rtc-pcf85363-add-alarm-support.patch
Checking patch drivers/rtc/rtc-pcf85363.c...
git apply status: 0
trying to patch file: patchfile:hello/4648-rtc-pcf85363-set-time-accurately.patch
Checking patch drivers/rtc/rtc-pcf85363.c...
git apply status: 0
trying to patch file: patchfile:hello/4649-rtc-pcf85363-Add-support-for-NXP-pcf85263-rtc.patch
Checking patch drivers/rtc/rtc-pcf85363.c...
git apply status: 0
trying to patch file: patchfile:hello/4650-rtc-pcf85363-remove-unused-struct-pcf85363-member.patch
Checking patch drivers/rtc/rtc-pcf85363.c...
git apply status: 0
trying to patch file: patchfile:hello/4651-rtc-pcf85363-set-range.patch
Checking patch drivers/rtc/rtc-pcf85363.c...
git apply status: 0
trying to patch file: patchfile:hello/4652-rtc-pcf85363-remove-bogus-i2c-functionality-check.patch
Checking patch drivers/rtc/rtc-pcf85363.c...
git apply status: 0
trying to patch file: patchfile:hello/4653-rtc-pcf85363-remove-useless-forward-declaration.patch
Checking patch drivers/rtc/rtc-pcf85363.c...
git apply status: 0
trying to patch file: patchfile:hello/4654-rtc-pcf85363-convert-to-SPDX-identifier.patch
Checking patch drivers/rtc/rtc-pcf85363.c...
git apply status: 0
trying to patch file: patchfile:hello/4655-rtc-pcf85363-pcf85263-fix-error-that-failed-to-run-h.patch
Checking patch drivers/rtc/rtc-pcf85363.c...
git apply status: 0
trying to patch file: patchfile:hello/4656-rtc-pcf85363-fix-compile-issue.patch
Checking patch drivers/rtc/rtc-pcf85363.c...
git apply status: 0
trying to patch file: patchfile:hello/4657-dts-arm64-ls1028a-Remove-the-hack-of-the-pixel-clock.patch
Checking patch arch/arm64/boot/dts/freescale/fsl-ls1028a.dtsi...
git apply status: 0
trying to patch file: patchfile:hello/4658-arm64-dts-ls1028a-Add-properties-node-for-Display-ou.patch
Checking patch arch/arm64/boot/dts/freescale/fsl-ls1028a.dtsi...
git apply status: 0
trying to patch file: patchfile:hello/4659-drm-imx-hdp-ls1028a-Correction-the-connecter-type.patch
Checking patch drivers/gpu/drm/imx/hdp/imx-hdp.c...
Checking patch drivers/gpu/drm/imx/hdp/imx-hdp.h...
git apply status: 0
trying to patch file: patchfile:hello/4660-Revert-drm-arm-mali-dp-Disable-checking-for-required.patch
Checking patch drivers/gpu/drm/arm/malidp_crtc.c...
git apply status: 0
trying to patch file: patchfile:hello/4661-dt-bindings-clk-Add-YAML-schemas-for-LS1028A-Display.patch
Checking patch Documentation/devicetree/bindings/clock/fsl,plldig.yaml...
git apply status: 0
trying to patch file: patchfile:hello/4662-clk-ls1028a-Add-clock-driver-for-Display-output-inte.patch
Checking patch drivers/clk/Kconfig...
Checking patch drivers/clk/Makefile...
Checking patch drivers/clk/clk-plldig.c...
git apply status: 0
trying to patch file: patchfile:hello/4663-drm-imx-hdp-Remove-the-simple-pixel-clock-framework.patch
Checking patch drivers/gpu/drm/imx/hdp/imx-hdp.c...
git apply status: 0
trying to patch file: patchfile:hello/4664-clk-ls1028a-Fixes-interface-compatilbility-issue-due.patch
Checking patch drivers/clk/clk-plldig.c...
git apply status: 0
trying to patch file: patchfile:hello/4665-staging-fsl-dpaa2-ethsw-fix-memory-leak-of-switchdev.patch
Checking patch drivers/staging/fsl-dpaa2/ethsw/ethsw.c...
git apply status: 0
trying to patch file: patchfile:hello/4666-staging-fsl-dpaa2-ethsw-Remove-netdevice-on-port-pro.patch
Checking patch drivers/staging/fsl-dpaa2/ethsw/ethsw.c...
git apply status: 0
trying to patch file: patchfile:hello/4667-staging-fsl-dpaa2-ethsw-Add-network-interface-statis.patch
Checking patch drivers/staging/fsl-dpaa2/ethsw/ethsw.c...
git apply status: 0
trying to patch file: patchfile:hello/4668-staging-fsl-dpaa2-ethsw-Add-ndo_get_phys_port_name.patch
Checking patch drivers/staging/fsl-dpaa2/ethsw/ethsw.c...
git apply status: 0
trying to patch file: patchfile:hello/4669-staging-fsl-dpaa2-ethsw-Add-comments-to-ETHSW_VLAN-f.patch
Checking patch drivers/staging/fsl-dpaa2/ethsw/ethsw.h...
git apply status: 0
trying to patch file: patchfile:hello/4670-staging-fsl-dpaa2-ethsw-remove-unused-structure.patch
Checking patch drivers/staging/fsl-dpaa2/ethsw/dpsw.h...
git apply status: 0
trying to patch file: patchfile:hello/4671-staging-fsl-dpaa2-ethsw-notify-switchdev-of-offloade.patch
Checking patch drivers/staging/fsl-dpaa2/ethsw/ethsw.c...
git apply status: 0
trying to patch file: patchfile:hello/4672-staging-fsl-dpaa2-ethsw-add-.ndo_fdb_dump-callback.patch
Checking patch drivers/staging/fsl-dpaa2/ethsw/TODO...
Checking patch drivers/staging/fsl-dpaa2/ethsw/dpsw-cmd.h...
Checking patch drivers/staging/fsl-dpaa2/ethsw/dpsw.c...
Checking patch drivers/staging/fsl-dpaa2/ethsw/dpsw.h...
Checking patch drivers/staging/fsl-dpaa2/ethsw/ethsw.c...
git apply status: 0
trying to patch file: patchfile:hello/4673-staging-fsl-dpaa2-ethsw-check-added_by_user-flag.patch
Checking patch drivers/staging/fsl-dpaa2/ethsw/ethsw.c...
git apply status: 0
trying to patch file: patchfile:hello/4674-staging-fsl-dpaa2-ethsw-add-.ndo_fdb-add-del-callbac.patch
Checking patch drivers/staging/fsl-dpaa2/ethsw/ethsw.c...
git apply status: 0
trying to patch file: patchfile:hello/4675-staging-fsl-dpaa2-ethsw-Remove-useless-set-memory-to.patch
Checking patch drivers/staging/fsl-dpaa2/ethsw/ethsw.c...
git apply status: 0
trying to patch file: patchfile:hello/4676-staging-fsl-dpaa2-ethsw-Remove-some-paramters-to-bac.patch
Checking patch drivers/staging/fsl-dpaa2/ethsw/ethsw.c...
git apply status: 0
trying to patch file: patchfile:hello/4677-i2c-mux-pca954x-add-support-for-NXP-PCA984x-family.patch
Checking patch Documentation/devicetree/bindings/i2c/i2c-mux-pca954x.txt...
Checking patch drivers/i2c/muxes/Kconfig...
Checking patch drivers/i2c/muxes/i2c-mux-pca954x.c...
git apply status: 0
trying to patch file: patchfile:hello/4678-arm64-dts-ls1028a-fix-a-compatible-issue.patch
Checking patch arch/arm64/boot/dts/freescale/fsl-ls1028a-qds.dts...
git apply status: 0
trying to patch file: patchfile:hello/4679-ptp_qoriq-make-structure-function-names-more-consist.patch
Checking patch drivers/net/ethernet/freescale/dpaa/dpaa_ethtool.c...
git apply status: 0
trying to patch file: patchfile:hello/4680-ptp_qoriq-make-structure-function-names-more-consist.patch
Checking patch drivers/net/ethernet/freescale/sdk_dpaa/dpaa_ethtool.c...
Hunk #1 succeeded at 594 (offset 64 lines).
git apply status: 0
trying to patch file: patchfile:hello/4681-ptp_qoriq-make-structure-function-names-more-consist.patch
Checking patch drivers/net/ethernet/freescale/gianfar_ethtool.c...
Hunk #1 succeeded at 1551 (offset 34 lines).
git apply status: 0
trying to patch file: patchfile:hello/4682-Revert-ptp-move-DPAA2-PTP-config-to-fsl-dpaa2-Kconfi.patch
Checking patch drivers/ptp/Kconfig...
Checking patch drivers/staging/fsl-dpaa2/Kconfig...
Checking patch drivers/staging/fsl-dpaa2/Makefile...
git apply status: 0
trying to patch file: patchfile:hello/4683-staging-fsl-dpaa2-drop-rtc-in-Makefile.patch
Checking patch drivers/staging/fsl-dpaa2/Makefile...
git apply status: 0
trying to patch file: patchfile:hello/4684-staging-fsl-dpaa2-rtc-update-to-upstream-driver.patch
Checking patch drivers/staging/fsl-dpaa2/Kconfig...
Checking patch drivers/staging/fsl-dpaa2/Makefile...
Checking patch drivers/staging/fsl-dpaa2/rtc/Makefile...
Checking patch drivers/staging/fsl-dpaa2/rtc/dpaa2-ptp.c...
Checking patch drivers/staging/fsl-dpaa2/rtc/rtc.h => drivers/staging/fsl-dpaa2/rtc/dpaa2-ptp.h...
Checking patch drivers/staging/fsl-dpaa2/rtc/dprtc-cmd.h...
Checking patch drivers/staging/fsl-dpaa2/rtc/dprtc.c...
Checking patch drivers/staging/fsl-dpaa2/rtc/dprtc.h...
Checking patch drivers/staging/fsl-dpaa2/rtc/rtc.c...
git apply status: 0
trying to patch file: patchfile:hello/4685-Revert-ptp-add-PTP_1588_CLOCK_QORIQ-for-QorIQ-platfo.patch
Checking patch drivers/ptp/Kconfig...
git apply status: 0
trying to patch file: patchfile:hello/4686-Revert-ptp-add-DPAA-DPAA2-PTP-options-in-Kconfig.patch
Checking patch drivers/ptp/Kconfig...
git apply status: 0
trying to patch file: patchfile:hello/4687-ptp_qoriq-fix-interrupt-enabling-and-handling.patch
Checking patch drivers/ptp/ptp_qoriq.c...
git apply status: 0
patch end(4687) reached(4687). 				submit these and comeback and proceed: last patched hello/4687-ptp_qoriq-fix-interrupt-enabling-and-handling.patch
