2654
2704
trying to patch file: patchfile:hello/2654-ipv6-remove-dependency-of-nf_defrag_ipv6-on-ipv6-mod.patch
Checking patch include/net/ipv6.h...
Checking patch include/net/ipv6_frag.h...
Checking patch net/ieee802154/6lowpan/reassembly.c...
Checking patch net/ipv6/netfilter/nf_conntrack_reasm.c...
Checking patch net/ipv6/netfilter/nf_defrag_ipv6_hooks.c...
Checking patch net/ipv6/reassembly.c...
Checking patch net/openvswitch/conntrack.c...
git apply status: 0
trying to patch file: patchfile:hello/2655-net-IP6-defrag-use-rbtrees-for-IPv6-defrag.patch
Checking patch include/net/ipv6_frag.h...
Checking patch net/ipv6/reassembly.c...
git apply status: 0
trying to patch file: patchfile:hello/2656-net-IP6-defrag-use-rbtrees-in-nf_conntrack_reasm.c.patch
Checking patch net/ipv6/netfilter/nf_conntrack_reasm.c...
git apply status: 0
trying to patch file: patchfile:hello/2657-Revert-kbuild-use-Oz-instead-of-Os-when-using-clang.patch
Checking patch Makefile...
Hunk #1 succeeded at 655 (offset 2 lines).
git apply status: 0
trying to patch file: patchfile:hello/2658-sched-fair-Limit-sched_cfs_period_timer-loop-to-avoi.patch
Checking patch kernel/sched/fair.c...
git apply status: 0
trying to patch file: patchfile:hello/2659-device_cgroup-fix-RCU-imbalance-in-error-case.patch
Checking patch security/device_cgroup.c...
git apply status: 0
trying to patch file: patchfile:hello/2660-mm-vmstat.c-fix-proc-vmstat-format-for-CONFIG_DEBUG_.patch
Checking patch mm/vmstat.c...
git apply status: 0
trying to patch file: patchfile:hello/2661-ALSA-info-Fix-racy-addition-deletion-of-nodes.patch
Checking patch sound/core/info.c...
git apply status: 0
trying to patch file: patchfile:hello/2662-percpu-stop-printing-kernel-addresses.patch
Checking patch mm/percpu.c...
git apply status: 0
trying to patch file: patchfile:hello/2663-tools-include-Adopt-linux-bits.h.patch
Checking patch tools/include/linux/bitops.h...
Checking patch tools/include/linux/bits.h...
Checking patch tools/perf/check-headers.sh...
git apply status: 0
trying to patch file: patchfile:hello/2664-iomap-report-collisions-between-directio-and-buffere.patch
Checking patch fs/direct-io.c...
Checking patch fs/iomap.c...
Checking patch include/linux/fs.h...
git apply status: 0
trying to patch file: patchfile:hello/2665-xfs-add-the-ability-to-join-a-held-buffer-to-a-defer.patch
Checking patch fs/xfs/libxfs/xfs_defer.c...
Checking patch fs/xfs/libxfs/xfs_defer.h...
git apply status: 0
trying to patch file: patchfile:hello/2666-xfs-hold-xfs_buf-locked-between-shortform-leaf-conve.patch
Checking patch fs/xfs/libxfs/xfs_attr.c...
Checking patch fs/xfs/libxfs/xfs_attr_leaf.c...
Checking patch fs/xfs/libxfs/xfs_attr_leaf.h...
git apply status: 0
trying to patch file: patchfile:hello/2667-i2c-hid-properly-terminate-i2c_hid_dmi_desc_override.patch
Checking patch drivers/hid/i2c-hid/i2c-hid-dmi-quirks.c...
git apply status: 0
trying to patch file: patchfile:hello/2668-Revert-locking-lockdep-Add-debug_locks-check-in-__lo.patch
Checking patch kernel/locking/lockdep.c...
git apply status: 0
trying to patch file: patchfile:hello/2669-kernel-sysctl.c-fix-out-of-bounds-access-when-settin.patch
Checking patch kernel/sysctl.c...
git apply status: 0
trying to patch file: patchfile:hello/2670-Linux-4.14.114.patch
Checking patch Makefile...
git apply status: 0
trying to patch file: patchfile:hello/2671-kbuild-simplify-ld-option-implementation.patch
Checking patch scripts/Kbuild.include...
git apply status: 0
trying to patch file: patchfile:hello/2672-cifs-do-not-attempt-cifs-operation-on-smb2-rename-er.patch
Checking patch fs/cifs/inode.c...
git apply status: 0
trying to patch file: patchfile:hello/2673-tracing-Fix-a-memory-leak-by-early-error-exit-in-tra.patch
Checking patch kernel/trace/trace.c...
git apply status: 0
trying to patch file: patchfile:hello/2674-tracing-Fix-buffer_ref-pipe-ops.patch
Checking patch fs/splice.c...
Checking patch include/linux/pipe_fs_i.h...
Checking patch kernel/trace/trace.c...
git apply status: 0
trying to patch file: patchfile:hello/2675-zram-pass-down-the-bvec-we-need-to-read-into-in-the-.patch
Checking patch drivers/block/zram/zram_drv.c...
git apply status: 0
trying to patch file: patchfile:hello/2676-lib-Kconfig.debug-fix-build-error-without-CONFIG_BLO.patch
Checking patch lib/Kconfig.debug...
git apply status: 0
trying to patch file: patchfile:hello/2677-MIPS-scall64-o32-Fix-indirect-syscall-number-load.patch
Checking patch arch/mips/kernel/scall64-o32.S...
git apply status: 0
trying to patch file: patchfile:hello/2678-trace-Fix-preempt_enable_no_resched-abuse.patch
Checking patch kernel/trace/ring_buffer.c...
git apply status: 0
trying to patch file: patchfile:hello/2679-IB-rdmavt-Fix-frwr-memory-registration.patch
Checking patch drivers/infiniband/sw/rdmavt/mr.c...
git apply status: 0
trying to patch file: patchfile:hello/2680-sched-numa-Fix-a-possible-divide-by-zero.patch
Checking patch kernel/sched/fair.c...
git apply status: 0
trying to patch file: patchfile:hello/2681-ceph-only-use-d_name-directly-when-parent-is-locked.patch
Checking patch fs/ceph/mds_client.c...
git apply status: 0
trying to patch file: patchfile:hello/2682-ceph-ensure-d_name-stability-in-ceph_dentry_hash.patch
Checking patch fs/ceph/dir.c...
git apply status: 0
trying to patch file: patchfile:hello/2683-ceph-fix-ci-i_head_snapc-leak.patch
Checking patch fs/ceph/mds_client.c...
Checking patch fs/ceph/snap.c...
git apply status: 0
trying to patch file: patchfile:hello/2684-nfsd-Don-t-release-the-callback-slot-unless-it-was-a.patch
Checking patch fs/nfsd/nfs4callback.c...
Checking patch fs/nfsd/state.h...
git apply status: 0
trying to patch file: patchfile:hello/2685-sunrpc-don-t-mark-uninitialised-items-as-VALID.patch
Checking patch net/sunrpc/cache.c...
git apply status: 0
trying to patch file: patchfile:hello/2686-Input-synaptics-rmi4-write-config-register-values-to.patch
Checking patch drivers/input/rmi4/rmi_f11.c...
git apply status: 0
trying to patch file: patchfile:hello/2687-vfio-type1-Limit-DMA-mappings-per-container.patch
Checking patch drivers/vfio/vfio_iommu_type1.c...
git apply status: 0
trying to patch file: patchfile:hello/2688-dmaengine-sh-rcar-dmac-With-cyclic-DMA-residue-0-is-.patch
Checking patch drivers/dma/sh/rcar-dmac.c...
git apply status: 0
trying to patch file: patchfile:hello/2689-ARM-8857-1-efi-enable-CP15-DMB-instructions-before-c.patch
Checking patch arch/arm/boot/compressed/head.S...
git apply status: 0
trying to patch file: patchfile:hello/2690-drm-vc4-Fix-memory-leak-during-gpu-reset.patch
Checking patch drivers/gpu/drm/vc4/vc4_crtc.c...
git apply status: 0
trying to patch file: patchfile:hello/2691-Revert-drm-i915-fbdev-Actually-configure-untiled-dis.patch
Checking patch drivers/gpu/drm/i915/intel_fbdev.c...
git apply status: 0
trying to patch file: patchfile:hello/2692-drm-vc4-Fix-compilation-error-reported-by-kbuild-tes.patch
Checking patch drivers/gpu/drm/vc4/vc4_crtc.c...
git apply status: 0
trying to patch file: patchfile:hello/2693-USB-Add-new-USB-LPM-helpers.patch
Checking patch drivers/usb/core/driver.c...
Checking patch drivers/usb/core/hub.c...
Checking patch drivers/usb/core/message.c...
Checking patch drivers/usb/core/sysfs.c...
Checking patch drivers/usb/core/usb.h...
git apply status: 0
trying to patch file: patchfile:hello/2694-USB-Consolidate-LPM-checks-to-avoid-enabling-LPM-twi.patch
Checking patch drivers/usb/core/driver.c...
Checking patch drivers/usb/core/hub.c...
Checking patch drivers/usb/core/message.c...
git apply status: 0
trying to patch file: patchfile:hello/2695-ext4-fix-some-error-pointer-dereferences.patch
Checking patch fs/ext4/xattr.c...
git apply status: 0
trying to patch file: patchfile:hello/2696-vsock-virtio-fix-kernel-panic-from-virtio_transport_.patch
Checking patch net/vmw_vsock/virtio_transport_common.c...
git apply status: 0
trying to patch file: patchfile:hello/2697-tipc-handle-the-err-returned-from-cmd-header-functio.patch
Checking patch net/tipc/netlink_compat.c...
git apply status: 0
trying to patch file: patchfile:hello/2698-slip-make-slhc_free-silently-accept-an-error-pointer.patch
Checking patch drivers/net/slip/slhc.c...
git apply status: 0
trying to patch file: patchfile:hello/2699-intel_th-gth-Fix-an-off-by-one-in-output-unassigning.patch
Checking patch drivers/hwtracing/intel_th/gth.c...
git apply status: 0
trying to patch file: patchfile:hello/2700-fs-proc-proc_sysctl.c-Fix-a-NULL-pointer-dereference.patch
Checking patch fs/proc/proc_sysctl.c...
git apply status: 0
trying to patch file: patchfile:hello/2701-ipvs-fix-warning-on-unused-variable.patch
Checking patch net/netfilter/ipvs/ip_vs_ctl.c...
git apply status: 0
trying to patch file: patchfile:hello/2702-binder-fix-handling-of-misaligned-binder-object.patch
Checking patch drivers/android/binder_alloc.c...
git apply status: 0
trying to patch file: patchfile:hello/2703-sched-deadline-Correctly-handle-active-0-lag-timers.patch
Checking patch kernel/sched/deadline.c...
git apply status: 0
trying to patch file: patchfile:hello/2704-NFS-Forbid-setting-AF_INET6-to-struct-sockaddr_in-si.patch
Checking patch fs/nfs/super.c...
git apply status: 0
patch end(2704) reached(2704). 				submit these and comeback and proceed: last patched hello/2704-NFS-Forbid-setting-AF_INET6-to-struct-sockaddr_in-si.patch
