3613
3663
trying to patch file: patchfile:hello/3613-dpaa2-eth-Fix-FQ-based-enqueue.patch
Checking patch drivers/staging/fsl-dpaa2/ethernet/dpaa2-eth.c...
Checking patch drivers/staging/fsl-dpaa2/ethernet/dpaa2-eth.h...
git apply status: 0
trying to patch file: patchfile:hello/3614-dpaa2-eth-Fix-incorrect-version-check.patch
Checking patch drivers/staging/fsl-dpaa2/ethernet/dpaa2-ethtool.c...
git apply status: 0
trying to patch file: patchfile:hello/3615-dpaa2-eth-add-irq-for-the-dpmac-connect-disconnect-e.patch
Checking patch drivers/staging/fsl-dpaa2/ethernet/dpaa2-eth.c...
Checking patch drivers/staging/fsl-dpaa2/ethernet/dpni.h...
git apply status: 0
trying to patch file: patchfile:hello/3616-rapidio-fix-a-NULL-pointer-dereference-when-create_w.patch
Checking patch drivers/rapidio/rio_cm.c...
git apply status: 0
trying to patch file: patchfile:hello/3617-fs-fat-file.c-issue-flush-after-the-writeback-of-FAT.patch
Checking patch fs/fat/file.c...
git apply status: 0
trying to patch file: patchfile:hello/3618-sysctl-return-EINVAL-if-val-violates-minmax.patch
Checking patch kernel/sysctl.c...
git apply status: 0
trying to patch file: patchfile:hello/3619-ipc-prevent-lockup-on-alloc_msg-and-free_msg.patch
Checking patch ipc/mqueue.c...
Checking patch ipc/msgutil.c...
git apply status: 0
trying to patch file: patchfile:hello/3620-ARM-prevent-tracing-IPI_CPU_BACKTRACE.patch
Checking patch arch/arm/include/asm/hardirq.h...
Checking patch arch/arm/kernel/smp.c...
git apply status: 0
trying to patch file: patchfile:hello/3621-mm-hmm-select-mmu-notifier-when-selecting-HMM.patch
Checking patch mm/Kconfig...
git apply status: 0
trying to patch file: patchfile:hello/3622-hugetlbfs-on-restore-reserve-error-path-retain-subpo.patch
Checking patch mm/hugetlb.c...
git apply status: 0
trying to patch file: patchfile:hello/3623-mem-hotplug-fix-node-spanned-pages-when-we-have-a-no.patch
Checking patch mm/page_alloc.c...
Hunk #1 succeeded at 5756 (offset 29 lines).
git apply status: 0
trying to patch file: patchfile:hello/3624-mm-cma.c-fix-crash-on-CMA-allocation-if-bitmap-alloc.patch
Checking patch mm/cma.c...
git apply status: 0
trying to patch file: patchfile:hello/3625-mm-cma.c-fix-the-bitmap-status-to-show-failed-alloca.patch
Checking patch mm/cma.c...
git apply status: 0
trying to patch file: patchfile:hello/3626-mm-cma_debug.c-fix-the-break-condition-in-cma_maxchu.patch
Checking patch mm/cma_debug.c...
git apply status: 0
trying to patch file: patchfile:hello/3627-mm-slab.c-fix-an-infinite-loop-in-leaks_show.patch
Checking patch mm/slab.c...
git apply status: 0
trying to patch file: patchfile:hello/3628-kernel-sys.c-prctl-fix-false-positive-in-validate_pr.patch
Checking patch kernel/sys.c...
git apply status: 0
trying to patch file: patchfile:hello/3629-thermal-rcar_gen3_thermal-disable-interrupt-in-.remo.patch
Checking patch drivers/thermal/rcar_gen3_thermal.c...
git apply status: 0
trying to patch file: patchfile:hello/3630-drivers-thermal-tsens-Don-t-print-error-message-on-E.patch
Checking patch drivers/thermal/qcom/tsens.c...
git apply status: 0
trying to patch file: patchfile:hello/3631-mfd-tps65912-spi-Add-missing-of-table-registration.patch
Checking patch drivers/mfd/tps65912-spi.c...
git apply status: 0
trying to patch file: patchfile:hello/3632-mfd-intel-lpss-Set-the-device-in-reset-state-when-in.patch
Checking patch drivers/mfd/intel-lpss.c...
git apply status: 0
trying to patch file: patchfile:hello/3633-drm-nouveau-disp-dp-respect-sink-limits-when-selecti.patch
Checking patch drivers/gpu/drm/nouveau/nvkm/engine/disp/dp.c...
git apply status: 0
trying to patch file: patchfile:hello/3634-mfd-twl6040-Fix-device-init-errors-for-ACCCTL-regist.patch
Checking patch drivers/mfd/twl6040.c...
git apply status: 0
trying to patch file: patchfile:hello/3635-perf-x86-intel-Allow-PEBS-multi-entry-in-watermark-m.patch
Checking patch arch/x86/events/intel/core.c...
git apply status: 0
trying to patch file: patchfile:hello/3636-drm-bridge-adv7511-Fix-low-refresh-rate-selection.patch
Checking patch drivers/gpu/drm/bridge/adv7511/adv7511_drv.c...
git apply status: 0
trying to patch file: patchfile:hello/3637-objtool-Don-t-use-ignore-flag-for-fake-jumps.patch
Checking patch tools/objtool/check.c...
git apply status: 0
trying to patch file: patchfile:hello/3638-EDAC-mpc85xx-Prevent-building-as-a-module.patch
Checking patch drivers/edac/Kconfig...
git apply status: 0
trying to patch file: patchfile:hello/3639-pwm-meson-Use-the-spin-lock-only-to-protect-register.patch
Checking patch drivers/pwm/pwm-meson.c...
git apply status: 0
trying to patch file: patchfile:hello/3640-ntp-Allow-TAI-UTC-offset-to-be-set-to-zero.patch
Checking patch kernel/time/ntp.c...
git apply status: 0
trying to patch file: patchfile:hello/3641-f2fs-fix-to-avoid-panic-in-do_recover_data.patch
Checking patch fs/f2fs/recovery.c...
git apply status: 0
trying to patch file: patchfile:hello/3642-f2fs-fix-to-clear-dirty-inode-in-error-path-of-f2fs_.patch
Checking patch fs/f2fs/inode.c...
git apply status: 0
trying to patch file: patchfile:hello/3643-f2fs-fix-to-avoid-panic-in-dec_valid_block_count.patch
Checking patch fs/f2fs/f2fs.h...
git apply status: 0
trying to patch file: patchfile:hello/3644-f2fs-fix-to-do-sanity-check-on-valid-block-count-of-.patch
Checking patch fs/f2fs/segment.h...
git apply status: 0
trying to patch file: patchfile:hello/3645-percpu-remove-spurious-lock-dependency-between-percp.patch
Checking patch mm/percpu.c...
git apply status: 0
trying to patch file: patchfile:hello/3646-configfs-fix-possible-use-after-free-in-configfs_reg.patch
Checking patch fs/configfs/dir.c...
git apply status: 0
trying to patch file: patchfile:hello/3647-uml-fix-a-boot-splat-wrt-use-of-cpu_all_mask.patch
Checking patch arch/um/kernel/time.c...
git apply status: 0
trying to patch file: patchfile:hello/3648-mmc-mmci-Prevent-polling-for-busy-detection-in-IRQ-c.patch
Checking patch drivers/mmc/host/mmci.c...
git apply status: 0
trying to patch file: patchfile:hello/3649-watchdog-imx2_wdt-Fix-set_timeout-for-big-timeout-va.patch
Checking patch drivers/watchdog/imx2_wdt.c...
git apply status: 0
trying to patch file: patchfile:hello/3650-watchdog-fix-compile-time-error-of-pretimeout-govern.patch
Checking patch drivers/watchdog/Kconfig...
git apply status: 0
trying to patch file: patchfile:hello/3651-blk-mq-move-cancel-of-requeue_work-into-blk_mq_relea.patch
Checking patch block/blk-core.c...
Checking patch block/blk-mq.c...
git apply status: 0
trying to patch file: patchfile:hello/3652-iommu-vt-d-Set-intel_iommu_gfx_mapped-correctly.patch
Checking patch drivers/iommu/intel-iommu.c...
git apply status: 0
trying to patch file: patchfile:hello/3653-misc-pci_endpoint_test-Fix-test_reg_bar-to-be-update.patch
Checking patch drivers/misc/pci_endpoint_test.c...
error: while searching for:
	data = (struct pci_endpoint_test_data *)ent->driver_data;
	if (data) {
		test_reg_bar = data->test_reg_bar;
		test->alignment = data->alignment;
		no_msi = data->no_msi;
	}

error: patch failed: drivers/misc/pci_endpoint_test.c:479
error: drivers/misc/pci_endpoint_test.c: patch does not apply
git apply test (--check) failed: 3653, commit all changes so far, try just patch with hello/3653-misc-pci_endpoint_test-Fix-test_reg_bar-to-be-update.patch
tets it yourself: git apply --check -v hello/3653-misc-pci_endpoint_test-Fix-test_reg_bar-to-be-update.patch
